{"C:\\Users\\gmjez\\Downloads\\API learning\\src\\db.js": {"path":"C:\\Users\\gmjez\\Downloads\\API learning\\src\\db.js","statementMap":{"0":{"start":{"line":2,"column":17},"end":{"line":2,"column":30}},"1":{"start":{"line":3,"column":15},"end":{"line":3,"column":40}},"2":{"start":{"line":9,"column":13},"end":{"line":41,"column":2}},"3":{"start":{"line":48,"column":0},"end":{"line":54,"column":3}},"4":{"start":{"line":49,"column":2},"end":{"line":53,"column":5}},"5":{"start":{"line":57,"column":0},"end":{"line":63,"column":3}},"6":{"start":{"line":58,"column":2},"end":{"line":62,"column":5}},"7":{"start":{"line":66,"column":0},"end":{"line":71,"column":3}},"8":{"start":{"line":67,"column":2},"end":{"line":70,"column":5}},"9":{"start":{"line":74,"column":0},"end":{"line":85,"column":3}},"10":{"start":{"line":75,"column":2},"end":{"line":78,"column":5}},"11":{"start":{"line":82,"column":2},"end":{"line":84,"column":3}},"12":{"start":{"line":83,"column":4},"end":{"line":83,"column":78}},"13":{"start":{"line":92,"column":25},"end":{"line":103,"column":1}},"14":{"start":{"line":93,"column":2},"end":{"line":93,"column":62}},"15":{"start":{"line":95,"column":2},"end":{"line":102,"column":3}},"16":{"start":{"line":96,"column":4},"end":{"line":96,"column":21}},"17":{"start":{"line":97,"column":4},"end":{"line":97,"column":53}},"18":{"start":{"line":98,"column":4},"end":{"line":98,"column":20}},"19":{"start":{"line":100,"column":4},"end":{"line":100,"column":72}},"20":{"start":{"line":101,"column":4},"end":{"line":101,"column":20}},"21":{"start":{"line":106,"column":0},"end":{"line":106,"column":55}},"22":{"start":{"line":106,"column":27},"end":{"line":106,"column":53}},"23":{"start":{"line":107,"column":0},"end":{"line":107,"column":57}},"24":{"start":{"line":107,"column":28},"end":{"line":107,"column":55}},"25":{"start":{"line":108,"column":0},"end":{"line":108,"column":57}},"26":{"start":{"line":108,"column":28},"end":{"line":108,"column":55}},"27":{"start":{"line":114,"column":0},"end":{"line":134,"column":2}},"28":{"start":{"line":115,"column":2},"end":{"line":133,"column":3}},"29":{"start":{"line":116,"column":18},"end":{"line":116,"column":28}},"30":{"start":{"line":117,"column":4},"end":{"line":117,"column":33}},"31":{"start":{"line":118,"column":21},"end":{"line":118,"column":39}},"32":{"start":{"line":120,"column":4},"end":{"line":126,"column":6}},"33":{"start":{"line":128,"column":4},"end":{"line":128,"column":73}},"34":{"start":{"line":129,"column":4},"end":{"line":132,"column":6}},"35":{"start":{"line":146,"column":0},"end":{"line":170,"column":2}},"36":{"start":{"line":147,"column":16},"end":{"line":147,"column":26}},"37":{"start":{"line":148,"column":2},"end":{"line":169,"column":3}},"38":{"start":{"line":149,"column":19},"end":{"line":149,"column":49}},"39":{"start":{"line":150,"column":21},"end":{"line":150,"column":39}},"40":{"start":{"line":153,"column":4},"end":{"line":159,"column":5}},"41":{"start":{"line":154,"column":6},"end":{"line":158,"column":9}},"42":{"start":{"line":161,"column":4},"end":{"line":161,"column":18}},"43":{"start":{"line":163,"column":4},"end":{"line":167,"column":7}},"44":{"start":{"line":168,"column":4},"end":{"line":168,"column":14}},"45":{"start":{"line":176,"column":0},"end":{"line":193,"column":5}},"46":{"start":{"line":177,"column":2},"end":{"line":192,"column":3}},"47":{"start":{"line":178,"column":19},"end":{"line":178,"column":39}},"48":{"start":{"line":179,"column":4},"end":{"line":184,"column":7}},"49":{"start":{"line":185,"column":4},"end":{"line":185,"column":21}},"50":{"start":{"line":187,"column":4},"end":{"line":190,"column":7}},"51":{"start":{"line":191,"column":4},"end":{"line":191,"column":20}},"52":{"start":{"line":199,"column":0},"end":{"line":199,"column":22}}},"fnMap":{"0":{"name":"(anonymous_0)","decl":{"start":{"line":48,"column":19},"end":{"line":48,"column":20}},"loc":{"start":{"line":48,"column":31},"end":{"line":54,"column":1}},"line":48},"1":{"name":"(anonymous_1)","decl":{"start":{"line":57,"column":19},"end":{"line":57,"column":20}},"loc":{"start":{"line":57,"column":31},"end":{"line":63,"column":1}},"line":57},"2":{"name":"(anonymous_2)","decl":{"start":{"line":66,"column":18},"end":{"line":66,"column":19}},"loc":{"start":{"line":66,"column":30},"end":{"line":71,"column":1}},"line":66},"3":{"name":"(anonymous_3)","decl":{"start":{"line":74,"column":17},"end":{"line":74,"column":18}},"loc":{"start":{"line":74,"column":34},"end":{"line":85,"column":1}},"line":74},"4":{"name":"(anonymous_4)","decl":{"start":{"line":92,"column":25},"end":{"line":92,"column":26}},"loc":{"start":{"line":92,"column":43},"end":{"line":103,"column":1}},"line":92},"5":{"name":"(anonymous_5)","decl":{"start":{"line":106,"column":21},"end":{"line":106,"column":22}},"loc":{"start":{"line":106,"column":27},"end":{"line":106,"column":53}},"line":106},"6":{"name":"(anonymous_6)","decl":{"start":{"line":107,"column":22},"end":{"line":107,"column":23}},"loc":{"start":{"line":107,"column":28},"end":{"line":107,"column":55}},"line":107},"7":{"name":"(anonymous_7)","decl":{"start":{"line":108,"column":22},"end":{"line":108,"column":23}},"loc":{"start":{"line":108,"column":28},"end":{"line":108,"column":55}},"line":108},"8":{"name":"(anonymous_8)","decl":{"start":{"line":114,"column":19},"end":{"line":114,"column":20}},"loc":{"start":{"line":114,"column":31},"end":{"line":134,"column":1}},"line":114},"9":{"name":"(anonymous_9)","decl":{"start":{"line":146,"column":24},"end":{"line":146,"column":25}},"loc":{"start":{"line":146,"column":48},"end":{"line":170,"column":1}},"line":146},"10":{"name":"(anonymous_10)","decl":{"start":{"line":176,"column":1},"end":{"line":176,"column":2}},"loc":{"start":{"line":176,"column":13},"end":{"line":193,"column":1}},"line":176}},"branchMap":{"0":{"loc":{"start":{"line":14,"column":4},"end":{"line":16,"column":13}},"type":"cond-expr","locations":[{"start":{"line":15,"column":8},"end":{"line":15,"column":37}},{"start":{"line":16,"column":8},"end":{"line":16,"column":13}}],"line":14},"1":{"loc":{"start":{"line":82,"column":2},"end":{"line":84,"column":3}},"type":"if","locations":[{"start":{"line":82,"column":2},"end":{"line":84,"column":3}},{"start":{},"end":{}}],"line":82},"2":{"loc":{"start":{"line":153,"column":4},"end":{"line":159,"column":5}},"type":"if","locations":[{"start":{"line":153,"column":4},"end":{"line":159,"column":5}},{"start":{},"end":{}}],"line":153}},"s":{"0":1,"1":1,"2":1,"3":1,"4":2,"5":1,"6":2,"7":1,"8":0,"9":1,"10":0,"11":0,"12":0,"13":1,"14":0,"15":0,"16":0,"17":0,"18":0,"19":0,"20":0,"21":1,"22":0,"23":1,"24":0,"25":1,"26":0,"27":1,"28":0,"29":0,"30":0,"31":0,"32":0,"33":0,"34":0,"35":1,"36":0,"37":0,"38":0,"39":0,"40":0,"41":0,"42":0,"43":0,"44":0,"45":1,"46":1,"47":1,"48":1,"49":1,"50":0,"51":0,"52":1},"f":{"0":2,"1":2,"2":0,"3":0,"4":0,"5":0,"6":0,"7":0,"8":0,"9":0,"10":1},"b":{"0":[0,1],"1":[0,0],"2":[0,0]},"_coverageSchema":"1a1c01bbd47fc00a2c39e90264f33305004495a9","hash":"ee2adb9c07a6db30967068b5cf3be824d403de21"}
,"C:\\Users\\gmjez\\Downloads\\API learning\\src\\errorHandler.js": {"path":"C:\\Users\\gmjez\\Downloads\\API learning\\src\\errorHandler.js","statementMap":{"0":{"start":{"line":1,"column":0},"end":{"line":10,"column":2}},"1":{"start":{"line":2,"column":2},"end":{"line":2,"column":33}},"2":{"start":{"line":5,"column":2},"end":{"line":7,"column":3}},"3":{"start":{"line":6,"column":4},"end":{"line":6,"column":62}},"4":{"start":{"line":9,"column":2},"end":{"line":9,"column":50}}},"fnMap":{"0":{"name":"(anonymous_0)","decl":{"start":{"line":1,"column":17},"end":{"line":1,"column":18}},"loc":{"start":{"line":1,"column":42},"end":{"line":10,"column":1}},"line":1}},"branchMap":{"0":{"loc":{"start":{"line":5,"column":2},"end":{"line":7,"column":3}},"type":"if","locations":[{"start":{"line":5,"column":2},"end":{"line":7,"column":3}},{"start":{},"end":{}}],"line":5}},"s":{"0":0,"1":0,"2":0,"3":0,"4":0},"f":{"0":0},"b":{"0":[0,0]}}
,"C:\\Users\\gmjez\\Downloads\\API learning\\src\\generate-jwt-secret.js": {"path":"C:\\Users\\gmjez\\Downloads\\API learning\\src\\generate-jwt-secret.js","statementMap":{},"fnMap":{},"branchMap":{},"s":{},"f":{},"b":{}}
,"C:\\Users\\gmjez\\Downloads\\API learning\\src\\middleware.js": {"path":"C:\\Users\\gmjez\\Downloads\\API learning\\src\\middleware.js","statementMap":{"0":{"start":{"line":1,"column":12},"end":{"line":1,"column":35}},"1":{"start":{"line":2,"column":19},"end":{"line":2,"column":67}},"2":{"start":{"line":14,"column":23},"end":{"line":23,"column":1}},"3":{"start":{"line":26,"column":25},"end":{"line":55,"column":1}},"4":{"start":{"line":59,"column":14},"end":{"line":59,"column":38}},"5":{"start":{"line":60,"column":2},"end":{"line":65,"column":3}},"6":{"start":{"line":61,"column":19},"end":{"line":61,"column":44}},"7":{"start":{"line":62,"column":4},"end":{"line":64,"column":5}},"8":{"start":{"line":63,"column":6},"end":{"line":63,"column":42}},"9":{"start":{"line":66,"column":2},"end":{"line":68,"column":3}},"10":{"start":{"line":67,"column":4},"end":{"line":67,"column":60}},"11":{"start":{"line":69,"column":2},"end":{"line":75,"column":3}},"12":{"start":{"line":70,"column":20},"end":{"line":70,"column":49}},"13":{"start":{"line":71,"column":4},"end":{"line":71,"column":23}},"14":{"start":{"line":72,"column":4},"end":{"line":72,"column":18}},"15":{"start":{"line":74,"column":4},"end":{"line":74,"column":60}},"16":{"start":{"line":83,"column":18},"end":{"line":83,"column":60}},"17":{"start":{"line":84,"column":2},"end":{"line":93,"column":4}},"18":{"start":{"line":85,"column":4},"end":{"line":85,"column":79}},"19":{"start":{"line":85,"column":19},"end":{"line":85,"column":79}},"20":{"start":{"line":86,"column":4},"end":{"line":91,"column":5}},"21":{"start":{"line":87,"column":6},"end":{"line":90,"column":9}},"22":{"start":{"line":92,"column":4},"end":{"line":92,"column":18}},"23":{"start":{"line":100,"column":19},"end":{"line":100,"column":47}},"24":{"start":{"line":101,"column":2},"end":{"line":111,"column":4}},"25":{"start":{"line":102,"column":4},"end":{"line":102,"column":79}},"26":{"start":{"line":102,"column":19},"end":{"line":102,"column":79}},"27":{"start":{"line":103,"column":22},"end":{"line":103,"column":56}},"28":{"start":{"line":104,"column":4},"end":{"line":109,"column":5}},"29":{"start":{"line":105,"column":6},"end":{"line":108,"column":9}},"30":{"start":{"line":110,"column":4},"end":{"line":110,"column":18}},"31":{"start":{"line":118,"column":2},"end":{"line":125,"column":4}},"32":{"start":{"line":119,"column":4},"end":{"line":119,"column":79}},"33":{"start":{"line":119,"column":19},"end":{"line":119,"column":79}},"34":{"start":{"line":120,"column":18},"end":{"line":120,"column":55}},"35":{"start":{"line":121,"column":4},"end":{"line":121,"column":73}},"36":{"start":{"line":121,"column":59},"end":{"line":121,"column":73}},"37":{"start":{"line":122,"column":4},"end":{"line":124,"column":7}},"38":{"start":{"line":133,"column":2},"end":{"line":133,"column":77}},"39":{"start":{"line":133,"column":17},"end":{"line":133,"column":77}},"40":{"start":{"line":134,"column":16},"end":{"line":134,"column":50}},"41":{"start":{"line":136,"column":2},"end":{"line":136,"column":32}},"42":{"start":{"line":136,"column":18},"end":{"line":136,"column":32}},"43":{"start":{"line":138,"column":2},"end":{"line":140,"column":3}},"44":{"start":{"line":139,"column":4},"end":{"line":139,"column":46}},"45":{"start":{"line":141,"column":2},"end":{"line":141,"column":16}},"46":{"start":{"line":144,"column":0},"end":{"line":152,"column":2}}},"fnMap":{"0":{"name":"requireAuth","decl":{"start":{"line":57,"column":9},"end":{"line":57,"column":20}},"loc":{"start":{"line":57,"column":37},"end":{"line":76,"column":1}},"line":57},"1":{"name":"requireRoles","decl":{"start":{"line":82,"column":9},"end":{"line":82,"column":21}},"loc":{"start":{"line":82,"column":32},"end":{"line":94,"column":1}},"line":82},"2":{"name":"(anonymous_2)","decl":{"start":{"line":84,"column":9},"end":{"line":84,"column":10}},"loc":{"start":{"line":84,"column":29},"end":{"line":93,"column":3}},"line":84},"3":{"name":"requireMinRole","decl":{"start":{"line":99,"column":9},"end":{"line":99,"column":23}},"loc":{"start":{"line":99,"column":33},"end":{"line":112,"column":1}},"line":99},"4":{"name":"(anonymous_4)","decl":{"start":{"line":101,"column":9},"end":{"line":101,"column":10}},"loc":{"start":{"line":101,"column":29},"end":{"line":111,"column":3}},"line":101},"5":{"name":"requirePermission","decl":{"start":{"line":117,"column":9},"end":{"line":117,"column":26}},"loc":{"start":{"line":117,"column":39},"end":{"line":126,"column":1}},"line":117},"6":{"name":"(anonymous_6)","decl":{"start":{"line":118,"column":9},"end":{"line":118,"column":10}},"loc":{"start":{"line":118,"column":29},"end":{"line":125,"column":3}},"line":118},"7":{"name":"requireDepartmentAccess","decl":{"start":{"line":132,"column":9},"end":{"line":132,"column":32}},"loc":{"start":{"line":132,"column":49},"end":{"line":142,"column":1}},"line":132}},"branchMap":{"0":{"loc":{"start":{"line":2,"column":19},"end":{"line":2,"column":67}},"type":"binary-expr","locations":[{"start":{"line":2,"column":19},"end":{"line":2,"column":41}},{"start":{"line":2,"column":45},"end":{"line":2,"column":67}}],"line":2},"1":{"loc":{"start":{"line":60,"column":2},"end":{"line":65,"column":3}},"type":"if","locations":[{"start":{"line":60,"column":2},"end":{"line":65,"column":3}},{"start":{},"end":{}}],"line":60},"2":{"loc":{"start":{"line":62,"column":4},"end":{"line":64,"column":5}},"type":"if","locations":[{"start":{"line":62,"column":4},"end":{"line":64,"column":5}},{"start":{},"end":{}}],"line":62},"3":{"loc":{"start":{"line":62,"column":8},"end":{"line":62,"column":46}},"type":"binary-expr","locations":[{"start":{"line":62,"column":8},"end":{"line":62,"column":14}},{"start":{"line":62,"column":18},"end":{"line":62,"column":46}}],"line":62},"4":{"loc":{"start":{"line":66,"column":2},"end":{"line":68,"column":3}},"type":"if","locations":[{"start":{"line":66,"column":2},"end":{"line":68,"column":3}},{"start":{},"end":{}}],"line":66},"5":{"loc":{"start":{"line":83,"column":18},"end":{"line":83,"column":60}},"type":"cond-expr","locations":[{"start":{"line":83,"column":44},"end":{"line":83,"column":52}},{"start":{"line":83,"column":55},"end":{"line":83,"column":60}}],"line":83},"6":{"loc":{"start":{"line":85,"column":4},"end":{"line":85,"column":79}},"type":"if","locations":[{"start":{"line":85,"column":4},"end":{"line":85,"column":79}},{"start":{},"end":{}}],"line":85},"7":{"loc":{"start":{"line":86,"column":4},"end":{"line":91,"column":5}},"type":"if","locations":[{"start":{"line":86,"column":4},"end":{"line":91,"column":5}},{"start":{},"end":{}}],"line":86},"8":{"loc":{"start":{"line":100,"column":19},"end":{"line":100,"column":47}},"type":"binary-expr","locations":[{"start":{"line":100,"column":19},"end":{"line":100,"column":42}},{"start":{"line":100,"column":46},"end":{"line":100,"column":47}}],"line":100},"9":{"loc":{"start":{"line":102,"column":4},"end":{"line":102,"column":79}},"type":"if","locations":[{"start":{"line":102,"column":4},"end":{"line":102,"column":79}},{"start":{},"end":{}}],"line":102},"10":{"loc":{"start":{"line":103,"column":22},"end":{"line":103,"column":56}},"type":"binary-expr","locations":[{"start":{"line":103,"column":22},"end":{"line":103,"column":51}},{"start":{"line":103,"column":55},"end":{"line":103,"column":56}}],"line":103},"11":{"loc":{"start":{"line":104,"column":4},"end":{"line":109,"column":5}},"type":"if","locations":[{"start":{"line":104,"column":4},"end":{"line":109,"column":5}},{"start":{},"end":{}}],"line":104},"12":{"loc":{"start":{"line":119,"column":4},"end":{"line":119,"column":79}},"type":"if","locations":[{"start":{"line":119,"column":4},"end":{"line":119,"column":79}},{"start":{},"end":{}}],"line":119},"13":{"loc":{"start":{"line":120,"column":18},"end":{"line":120,"column":55}},"type":"binary-expr","locations":[{"start":{"line":120,"column":18},"end":{"line":120,"column":49}},{"start":{"line":120,"column":53},"end":{"line":120,"column":55}}],"line":120},"14":{"loc":{"start":{"line":121,"column":4},"end":{"line":121,"column":73}},"type":"if","locations":[{"start":{"line":121,"column":4},"end":{"line":121,"column":73}},{"start":{},"end":{}}],"line":121},"15":{"loc":{"start":{"line":121,"column":8},"end":{"line":121,"column":57}},"type":"binary-expr","locations":[{"start":{"line":121,"column":8},"end":{"line":121,"column":27}},{"start":{"line":121,"column":31},"end":{"line":121,"column":57}}],"line":121},"16":{"loc":{"start":{"line":133,"column":2},"end":{"line":133,"column":77}},"type":"if","locations":[{"start":{"line":133,"column":2},"end":{"line":133,"column":77}},{"start":{},"end":{}}],"line":133},"17":{"loc":{"start":{"line":134,"column":16},"end":{"line":134,"column":50}},"type":"binary-expr","locations":[{"start":{"line":134,"column":16},"end":{"line":134,"column":45}},{"start":{"line":134,"column":49},"end":{"line":134,"column":50}}],"line":134},"18":{"loc":{"start":{"line":136,"column":2},"end":{"line":136,"column":32}},"type":"if","locations":[{"start":{"line":136,"column":2},"end":{"line":136,"column":32}},{"start":{},"end":{}}],"line":136},"19":{"loc":{"start":{"line":138,"column":2},"end":{"line":140,"column":3}},"type":"if","locations":[{"start":{"line":138,"column":2},"end":{"line":140,"column":3}},{"start":{},"end":{}}],"line":138}},"s":{"0":1,"1":1,"2":1,"3":1,"4":1,"5":1,"6":1,"7":1,"8":0,"9":1,"10":1,"11":0,"12":0,"13":0,"14":0,"15":0,"16":106,"17":106,"18":0,"19":0,"20":0,"21":0,"22":0,"23":1,"24":1,"25":0,"26":0,"27":0,"28":0,"29":0,"30":0,"31":0,"32":0,"33":0,"34":0,"35":0,"36":0,"37":0,"38":0,"39":0,"40":0,"41":0,"42":0,"43":0,"44":0,"45":0,"46":1},"f":{"0":1,"1":106,"2":0,"3":1,"4":0,"5":0,"6":0,"7":0},"b":{"0":[1,0],"1":[1,0],"2":[0,1],"3":[1,0],"4":[1,0],"5":[0,106],"6":[0,0],"7":[0,0],"8":[1,0],"9":[0,0],"10":[0,0],"11":[0,0],"12":[0,0],"13":[0,0],"14":[0,0],"15":[0,0],"16":[0,0],"17":[0,0],"18":[0,0],"19":[0,0]},"_coverageSchema":"1a1c01bbd47fc00a2c39e90264f33305004495a9","hash":"d68749f37b7a24867118a09d065355573f2a5b67"}
,"C:\\Users\\gmjez\\Downloads\\API learning\\src\\server.js": {"path":"C:\\Users\\gmjez\\Downloads\\API learning\\src\\server.js","statementMap":{"0":{"start":{"line":1,"column":1},"end":{"line":1,"column":25}},"1":{"start":{"line":6,"column":0},"end":{"line":8,"column":1}},"2":{"start":{"line":7,"column":2},"end":{"line":7,"column":29}},"3":{"start":{"line":10,"column":20},"end":{"line":10,"column":51}},"4":{"start":{"line":11,"column":0},"end":{"line":11,"column":14}},"5":{"start":{"line":17,"column":16},"end":{"line":17,"column":34}},"6":{"start":{"line":18,"column":15},"end":{"line":18,"column":32}},"7":{"start":{"line":19,"column":13},"end":{"line":19,"column":28}},"8":{"start":{"line":20,"column":18},"end":{"line":20,"column":47}},"9":{"start":{"line":21,"column":20},"end":{"line":21,"column":40}},"10":{"start":{"line":23,"column":15},"end":{"line":23,"column":40}},"11":{"start":{"line":24,"column":42},"end":{"line":24,"column":78}},"12":{"start":{"line":25,"column":21},"end":{"line":25,"column":45}},"13":{"start":{"line":26,"column":15},"end":{"line":26,"column":38}},"14":{"start":{"line":27,"column":36},"end":{"line":27,"column":71}},"15":{"start":{"line":28,"column":14},"end":{"line":28,"column":38}},"16":{"start":{"line":29,"column":11},"end":{"line":29,"column":26}},"17":{"start":{"line":30,"column":24},"end":{"line":30,"column":47}},"18":{"start":{"line":33,"column":24},"end":{"line":33,"column":60}},"19":{"start":{"line":34,"column":19},"end":{"line":34,"column":50}},"20":{"start":{"line":35,"column":20},"end":{"line":35,"column":52}},"21":{"start":{"line":36,"column":24},"end":{"line":36,"column":60}},"22":{"start":{"line":37,"column":22},"end":{"line":37,"column":56}},"23":{"start":{"line":38,"column":20},"end":{"line":38,"column":52}},"24":{"start":{"line":39,"column":22},"end":{"line":39,"column":56}},"25":{"start":{"line":40,"column":25},"end":{"line":40,"column":62}},"26":{"start":{"line":41,"column":21},"end":{"line":41,"column":54}},"27":{"start":{"line":42,"column":19},"end":{"line":42,"column":50}},"28":{"start":{"line":43,"column":19},"end":{"line":43,"column":50}},"29":{"start":{"line":44,"column":24},"end":{"line":44,"column":60}},"30":{"start":{"line":45,"column":25},"end":{"line":45,"column":62}},"31":{"start":{"line":46,"column":21},"end":{"line":46,"column":54}},"32":{"start":{"line":47,"column":23},"end":{"line":47,"column":58}},"33":{"start":{"line":48,"column":17},"end":{"line":48,"column":46}},"34":{"start":{"line":49,"column":22},"end":{"line":49,"column":56}},"35":{"start":{"line":50,"column":20},"end":{"line":50,"column":52}},"36":{"start":{"line":51,"column":27},"end":{"line":51,"column":67}},"37":{"start":{"line":52,"column":29},"end":{"line":52,"column":71}},"38":{"start":{"line":53,"column":22},"end":{"line":53,"column":56}},"39":{"start":{"line":59,"column":12},"end":{"line":59,"column":21}},"40":{"start":{"line":60,"column":0},"end":{"line":60,"column":26}},"41":{"start":{"line":66,"column":23},"end":{"line":69,"column":118}},"42":{"start":{"line":69,"column":94},"end":{"line":69,"column":110}},"43":{"start":{"line":71,"column":20},"end":{"line":80,"column":1}},"44":{"start":{"line":73,"column":4},"end":{"line":73,"column":39}},"45":{"start":{"line":73,"column":17},"end":{"line":73,"column":39}},"46":{"start":{"line":74,"column":4},"end":{"line":74,"column":63}},"47":{"start":{"line":74,"column":41},"end":{"line":74,"column":63}},"48":{"start":{"line":75,"column":4},"end":{"line":75,"column":63}},"49":{"start":{"line":82,"column":0},"end":{"line":82,"column":27}},"50":{"start":{"line":83,"column":0},"end":{"line":83,"column":24}},"51":{"start":{"line":86,"column":23},"end":{"line":86,"column":38}},"52":{"start":{"line":87,"column":0},"end":{"line":91,"column":3}},"53":{"start":{"line":88,"column":2},"end":{"line":88,"column":20}},"54":{"start":{"line":89,"column":2},"end":{"line":89,"column":40}},"55":{"start":{"line":90,"column":2},"end":{"line":90,"column":9}},"56":{"start":{"line":97,"column":0},"end":{"line":97,"column":40}},"57":{"start":{"line":98,"column":0},"end":{"line":98,"column":18}},"58":{"start":{"line":99,"column":0},"end":{"line":99,"column":29}},"59":{"start":{"line":101,"column":0},"end":{"line":104,"column":3}},"60":{"start":{"line":102,"column":2},"end":{"line":102,"column":59}},"61":{"start":{"line":102,"column":32},"end":{"line":102,"column":59}},"62":{"start":{"line":103,"column":2},"end":{"line":103,"column":9}},"63":{"start":{"line":110,"column":0},"end":{"line":110,"column":66}},"64":{"start":{"line":110,"column":27},"end":{"line":110,"column":64}},"65":{"start":{"line":112,"column":0},"end":{"line":151,"column":3}},"66":{"start":{"line":113,"column":2},"end":{"line":150,"column":3}},"67":{"start":{"line":114,"column":21},"end":{"line":114,"column":43}},"68":{"start":{"line":116,"column":25},"end":{"line":139,"column":5}},"69":{"start":{"line":141,"column":23},"end":{"line":141,"column":51}},"70":{"start":{"line":142,"column":4},"end":{"line":142,"column":53}},"71":{"start":{"line":144,"column":4},"end":{"line":144,"column":64}},"72":{"start":{"line":145,"column":4},"end":{"line":149,"column":7}},"73":{"start":{"line":154,"column":0},"end":{"line":154,"column":68}},"74":{"start":{"line":160,"column":0},"end":{"line":178,"column":3}},"75":{"start":{"line":161,"column":2},"end":{"line":177,"column":3}},"76":{"start":{"line":162,"column":4},"end":{"line":162,"column":41}},"77":{"start":{"line":163,"column":19},"end":{"line":166,"column":5}},"78":{"start":{"line":167,"column":4},"end":{"line":169,"column":5}},"79":{"start":{"line":168,"column":6},"end":{"line":168,"column":63}},"80":{"start":{"line":170,"column":4},"end":{"line":170,"column":36}},"81":{"start":{"line":172,"column":4},"end":{"line":175,"column":7}},"82":{"start":{"line":176,"column":4},"end":{"line":176,"column":61}},"83":{"start":{"line":184,"column":0},"end":{"line":184,"column":40}},"84":{"start":{"line":185,"column":0},"end":{"line":185,"column":43}},"85":{"start":{"line":186,"column":0},"end":{"line":186,"column":33}},"86":{"start":{"line":188,"column":0},"end":{"line":188,"column":35}},"87":{"start":{"line":189,"column":0},"end":{"line":189,"column":43}},"88":{"start":{"line":190,"column":0},"end":{"line":190,"column":39}},"89":{"start":{"line":191,"column":0},"end":{"line":191,"column":43}},"90":{"start":{"line":192,"column":0},"end":{"line":192,"column":35}},"91":{"start":{"line":193,"column":0},"end":{"line":193,"column":39}},"92":{"start":{"line":194,"column":0},"end":{"line":194,"column":45}},"93":{"start":{"line":195,"column":0},"end":{"line":195,"column":37}},"94":{"start":{"line":196,"column":0},"end":{"line":196,"column":33}},"95":{"start":{"line":197,"column":0},"end":{"line":197,"column":33}},"96":{"start":{"line":198,"column":0},"end":{"line":198,"column":43}},"97":{"start":{"line":199,"column":0},"end":{"line":199,"column":45}},"98":{"start":{"line":200,"column":0},"end":{"line":200,"column":37}},"99":{"start":{"line":201,"column":0},"end":{"line":201,"column":41}},"100":{"start":{"line":202,"column":0},"end":{"line":202,"column":29}},"101":{"start":{"line":203,"column":0},"end":{"line":203,"column":39}},"102":{"start":{"line":204,"column":0},"end":{"line":204,"column":35}},"103":{"start":{"line":205,"column":0},"end":{"line":205,"column":50}},"104":{"start":{"line":206,"column":0},"end":{"line":206,"column":54}},"105":{"start":{"line":207,"column":0},"end":{"line":207,"column":39}},"106":{"start":{"line":213,"column":0},"end":{"line":213,"column":25}},"107":{"start":{"line":214,"column":0},"end":{"line":214,"column":22}},"108":{"start":{"line":220,"column":13},"end":{"line":220,"column":37}},"109":{"start":{"line":221,"column":0},"end":{"line":227,"column":3}},"110":{"start":{"line":222,"column":2},"end":{"line":222,"column":53}},"111":{"start":{"line":223,"column":2},"end":{"line":223,"column":76}},"112":{"start":{"line":224,"column":2},"end":{"line":224,"column":46}},"113":{"start":{"line":225,"column":2},"end":{"line":225,"column":54}},"114":{"start":{"line":226,"column":2},"end":{"line":226,"column":66}},"115":{"start":{"line":229,"column":0},"end":{"line":229,"column":21}}},"fnMap":{"0":{"name":"(anonymous_0)","decl":{"start":{"line":69,"column":82},"end":{"line":69,"column":83}},"loc":{"start":{"line":69,"column":93},"end":{"line":69,"column":111}},"line":69},"1":{"name":"(anonymous_1)","decl":{"start":{"line":72,"column":10},"end":{"line":72,"column":11}},"loc":{"start":{"line":72,"column":26},"end":{"line":76,"column":3}},"line":72},"2":{"name":"(anonymous_2)","decl":{"start":{"line":87,"column":8},"end":{"line":87,"column":9}},"loc":{"start":{"line":87,"column":28},"end":{"line":91,"column":1}},"line":87},"3":{"name":"(anonymous_3)","decl":{"start":{"line":101,"column":8},"end":{"line":101,"column":9}},"loc":{"start":{"line":101,"column":28},"end":{"line":104,"column":1}},"line":101},"4":{"name":"(anonymous_4)","decl":{"start":{"line":110,"column":13},"end":{"line":110,"column":14}},"loc":{"start":{"line":110,"column":27},"end":{"line":110,"column":64}},"line":110},"5":{"name":"(anonymous_5)","decl":{"start":{"line":112,"column":19},"end":{"line":112,"column":20}},"loc":{"start":{"line":112,"column":39},"end":{"line":151,"column":1}},"line":112},"6":{"name":"(anonymous_6)","decl":{"start":{"line":160,"column":32},"end":{"line":160,"column":33}},"loc":{"start":{"line":160,"column":52},"end":{"line":178,"column":1}},"line":160},"7":{"name":"(anonymous_7)","decl":{"start":{"line":221,"column":17},"end":{"line":221,"column":18}},"loc":{"start":{"line":221,"column":23},"end":{"line":227,"column":1}},"line":221}},"branchMap":{"0":{"loc":{"start":{"line":6,"column":0},"end":{"line":8,"column":1}},"type":"if","locations":[{"start":{"line":6,"column":0},"end":{"line":8,"column":1}},{"start":{},"end":{}}],"line":6},"1":{"loc":{"start":{"line":69,"column":9},"end":{"line":69,"column":117}},"type":"cond-expr","locations":[{"start":{"line":69,"column":39},"end":{"line":69,"column":112}},{"start":{"line":69,"column":115},"end":{"line":69,"column":117}}],"line":69},"2":{"loc":{"start":{"line":73,"column":4},"end":{"line":73,"column":39}},"type":"if","locations":[{"start":{"line":73,"column":4},"end":{"line":73,"column":39}},{"start":{},"end":{}}],"line":73},"3":{"loc":{"start":{"line":74,"column":4},"end":{"line":74,"column":63}},"type":"if","locations":[{"start":{"line":74,"column":4},"end":{"line":74,"column":63}},{"start":{},"end":{}}],"line":74},"4":{"loc":{"start":{"line":102,"column":2},"end":{"line":102,"column":59}},"type":"if","locations":[{"start":{"line":102,"column":2},"end":{"line":102,"column":59}},{"start":{},"end":{}}],"line":102},"5":{"loc":{"start":{"line":117,"column":14},"end":{"line":117,"column":56}},"type":"cond-expr","locations":[{"start":{"line":117,"column":33},"end":{"line":117,"column":42}},{"start":{"line":117,"column":45},"end":{"line":117,"column":56}}],"line":117},"6":{"loc":{"start":{"line":118,"column":15},"end":{"line":118,"column":57}},"type":"binary-expr","locations":[{"start":{"line":118,"column":15},"end":{"line":118,"column":46}},{"start":{"line":118,"column":50},"end":{"line":118,"column":57}}],"line":118},"7":{"loc":{"start":{"line":119,"column":19},"end":{"line":119,"column":56}},"type":"binary-expr","locations":[{"start":{"line":119,"column":19},"end":{"line":119,"column":39}},{"start":{"line":119,"column":43},"end":{"line":119,"column":56}}],"line":119},"8":{"loc":{"start":{"line":131,"column":16},"end":{"line":131,"column":63}},"type":"cond-expr","locations":[{"start":{"line":131,"column":35},"end":{"line":131,"column":46}},{"start":{"line":131,"column":49},"end":{"line":131,"column":63}}],"line":131},"9":{"loc":{"start":{"line":141,"column":23},"end":{"line":141,"column":51}},"type":"cond-expr","locations":[{"start":{"line":141,"column":42},"end":{"line":141,"column":45}},{"start":{"line":141,"column":48},"end":{"line":141,"column":51}}],"line":141},"10":{"loc":{"start":{"line":167,"column":4},"end":{"line":169,"column":5}},"type":"if","locations":[{"start":{"line":167,"column":4},"end":{"line":169,"column":5}},{"start":{},"end":{}}],"line":167},"11":{"loc":{"start":{"line":220,"column":13},"end":{"line":220,"column":37}},"type":"binary-expr","locations":[{"start":{"line":220,"column":13},"end":{"line":220,"column":29}},{"start":{"line":220,"column":33},"end":{"line":220,"column":37}}],"line":220},"12":{"loc":{"start":{"line":223,"column":35},"end":{"line":223,"column":72}},"type":"binary-expr","locations":[{"start":{"line":223,"column":35},"end":{"line":223,"column":55}},{"start":{"line":223,"column":59},"end":{"line":223,"column":72}}],"line":223}},"s":{"0":1,"1":1,"2":1,"3":1,"4":1,"5":1,"6":1,"7":1,"8":1,"9":1,"10":1,"11":1,"12":1,"13":1,"14":1,"15":1,"16":1,"17":1,"18":1,"19":1,"20":1,"21":1,"22":1,"23":1,"24":1,"25":1,"26":1,"27":1,"28":1,"29":1,"30":1,"31":1,"32":1,"33":1,"34":1,"35":1,"36":1,"37":1,"38":1,"39":1,"40":1,"41":1,"42":0,"43":1,"44":4,"45":4,"46":0,"47":0,"48":0,"49":1,"50":1,"51":1,"52":1,"53":4,"54":4,"55":4,"56":1,"57":1,"58":1,"59":1,"60":4,"61":0,"62":4,"63":1,"64":0,"65":1,"66":0,"67":0,"68":0,"69":0,"70":0,"71":0,"72":0,"73":1,"74":1,"75":0,"76":0,"77":0,"78":0,"79":0,"80":0,"81":0,"82":0,"83":1,"84":1,"85":1,"86":1,"87":1,"88":1,"89":1,"90":1,"91":1,"92":1,"93":1,"94":1,"95":1,"96":1,"97":1,"98":1,"99":1,"100":1,"101":1,"102":1,"103":1,"104":1,"105":1,"106":1,"107":1,"108":1,"109":1,"110":1,"111":1,"112":1,"113":1,"114":1,"115":1},"f":{"0":0,"1":4,"2":4,"3":4,"4":0,"5":0,"6":0,"7":1},"b":{"0":[1,0],"1":[0,1],"2":[4,0],"3":[0,0],"4":[0,4],"5":[0,0],"6":[0,0],"7":[0,0],"8":[0,0],"9":[0,0],"10":[0,0],"11":[1,0],"12":[1,0]},"_coverageSchema":"1a1c01bbd47fc00a2c39e90264f33305004495a9","hash":"98abf875c3b67dddb3799ce36a1cbe8362651294"}
,"C:\\Users\\gmjez\\Downloads\\API learning\\src\\swagger.js": {"path":"C:\\Users\\gmjez\\Downloads\\API learning\\src\\swagger.js","statementMap":{"0":{"start":{"line":2,"column":21},"end":{"line":2,"column":45}},"1":{"start":{"line":4,"column":15},"end":{"line":4,"column":52}},"2":{"start":{"line":8,"column":16},"end":{"line":10,"column":58}},"3":{"start":{"line":12,"column":26},"end":{"line":113,"column":1}},"4":{"start":{"line":115,"column":16},"end":{"line":118,"column":1}},"5":{"start":{"line":120,"column":13},"end":{"line":120,"column":34}},"6":{"start":{"line":123,"column":0},"end":{"line":554,"column":2}},"7":{"start":{"line":556,"column":0},"end":{"line":556,"column":22}}},"fnMap":{},"branchMap":{"0":{"loc":{"start":{"line":8,"column":16},"end":{"line":10,"column":58}},"type":"cond-expr","locations":[{"start":{"line":9,"column":4},"end":{"line":9,"column":75}},{"start":{"line":10,"column":4},"end":{"line":10,"column":58}}],"line":8},"1":{"loc":{"start":{"line":9,"column":4},"end":{"line":9,"column":75}},"type":"binary-expr","locations":[{"start":{"line":9,"column":4},"end":{"line":9,"column":31}},{"start":{"line":9,"column":35},"end":{"line":9,"column":75}}],"line":9},"2":{"loc":{"start":{"line":10,"column":4},"end":{"line":10,"column":58}},"type":"binary-expr","locations":[{"start":{"line":10,"column":4},"end":{"line":10,"column":31}},{"start":{"line":10,"column":35},"end":{"line":10,"column":58}}],"line":10},"3":{"loc":{"start":{"line":16,"column":13},"end":{"line":16,"column":47}},"type":"binary-expr","locations":[{"start":{"line":16,"column":13},"end":{"line":16,"column":36}},{"start":{"line":16,"column":40},"end":{"line":16,"column":47}}],"line":16},"4":{"loc":{"start":{"line":26,"column":41},"end":{"line":26,"column":72}},"type":"cond-expr","locations":[{"start":{"line":26,"column":50},"end":{"line":26,"column":62}},{"start":{"line":26,"column":65},"end":{"line":26,"column":72}}],"line":26}},"s":{"0":1,"1":1,"2":1,"3":1,"4":1,"5":1,"6":1,"7":1},"f":{},"b":{"0":[0,1],"1":[0,0],"2":[1,1],"3":[1,1],"4":[0,1]},"_coverageSchema":"1a1c01bbd47fc00a2c39e90264f33305004495a9","hash":"87ebef811aa5437221fab2bcce9c6548ba81d763"}
,"C:\\Users\\gmjez\\Downloads\\API learning\\src\\config\\constants.js": {"path":"C:\\Users\\gmjez\\Downloads\\API learning\\src\\config\\constants.js","statementMap":{"0":{"start":{"line":6,"column":12},"end":{"line":10,"column":1}},"1":{"start":{"line":13,"column":20},"end":{"line":24,"column":1}},"2":{"start":{"line":27,"column":24},"end":{"line":34,"column":1}},"3":{"start":{"line":37,"column":25},"end":{"line":37,"column":55}},"4":{"start":{"line":40,"column":25},"end":{"line":40,"column":74}},"5":{"start":{"line":43,"column":22},"end":{"line":43,"column":77}},"6":{"start":{"line":46,"column":20},"end":{"line":46,"column":61}},"7":{"start":{"line":49,"column":24},"end":{"line":59,"column":1}},"8":{"start":{"line":62,"column":18},"end":{"line":67,"column":1}},"9":{"start":{"line":70,"column":19},"end":{"line":74,"column":1}},"10":{"start":{"line":77,"column":13},"end":{"line":93,"column":1}},"11":{"start":{"line":96,"column":12},"end":{"line":105,"column":1}},"12":{"start":{"line":108,"column":20},"end":{"line":121,"column":1}},"13":{"start":{"line":123,"column":26},"end":{"line":136,"column":1}},"14":{"start":{"line":138,"column":0},"end":{"line":153,"column":2}}},"fnMap":{},"branchMap":{},"s":{"0":1,"1":1,"2":1,"3":1,"4":1,"5":1,"6":1,"7":1,"8":1,"9":1,"10":1,"11":1,"12":1,"13":1,"14":1},"f":{},"b":{},"_coverageSchema":"1a1c01bbd47fc00a2c39e90264f33305004495a9","hash":"8c9b79841bf14b487588b5cf779b9b4afb640c0d"}
,"C:\\Users\\gmjez\\Downloads\\API learning\\src\\config\\validateEnv.js": {"path":"C:\\Users\\gmjez\\Downloads\\API learning\\src\\config\\validateEnv.js","statementMap":{"0":{"start":{"line":8,"column":2},"end":{"line":8,"column":56}},"1":{"start":{"line":11,"column":19},"end":{"line":11,"column":57}},"2":{"start":{"line":14,"column":18},"end":{"line":14,"column":61}},"3":{"start":{"line":14,"column":43},"end":{"line":14,"column":60}},"4":{"start":{"line":16,"column":2},"end":{"line":21,"column":3}},"5":{"start":{"line":17,"column":4},"end":{"line":17,"column":70}},"6":{"start":{"line":18,"column":4},"end":{"line":18,"column":59}},"7":{"start":{"line":18,"column":29},"end":{"line":18,"column":57}},"8":{"start":{"line":19,"column":4},"end":{"line":19,"column":58}},"9":{"start":{"line":20,"column":4},"end":{"line":20,"column":20}},"10":{"start":{"line":24,"column":20},"end":{"line":24,"column":42}},"11":{"start":{"line":25,"column":2},"end":{"line":34,"column":3}},"12":{"start":{"line":26,"column":4},"end":{"line":26,"column":54}},"13":{"start":{"line":27,"column":4},"end":{"line":27,"column":71}},"14":{"start":{"line":28,"column":4},"end":{"line":28,"column":57}},"15":{"start":{"line":29,"column":4},"end":{"line":29,"column":55}},"16":{"start":{"line":30,"column":4},"end":{"line":32,"column":6}},"17":{"start":{"line":33,"column":4},"end":{"line":33,"column":20}},"18":{"start":{"line":37,"column":16},"end":{"line":37,"column":40}},"19":{"start":{"line":38,"column":2},"end":{"line":43,"column":3}},"20":{"start":{"line":39,"column":4},"end":{"line":41,"column":6}},"21":{"start":{"line":42,"column":4},"end":{"line":42,"column":20}},"22":{"start":{"line":46,"column":15},"end":{"line":46,"column":41}},"23":{"start":{"line":47,"column":2},"end":{"line":51,"column":3}},"24":{"start":{"line":48,"column":4},"end":{"line":48,"column":78}},"25":{"start":{"line":49,"column":4},"end":{"line":49,"column":59}},"26":{"start":{"line":50,"column":4},"end":{"line":50,"column":20}},"27":{"start":{"line":54,"column":2},"end":{"line":56,"column":3}},"28":{"start":{"line":55,"column":4},"end":{"line":55,"column":60}},"29":{"start":{"line":59,"column":2},"end":{"line":59,"column":64}},"30":{"start":{"line":60,"column":2},"end":{"line":60,"column":70}},"31":{"start":{"line":61,"column":2},"end":{"line":61,"column":76}},"32":{"start":{"line":62,"column":2},"end":{"line":62,"column":36}},"33":{"start":{"line":63,"column":2},"end":{"line":63,"column":18}},"34":{"start":{"line":66,"column":0},"end":{"line":66,"column":29}}},"fnMap":{"0":{"name":"validateEnv","decl":{"start":{"line":7,"column":9},"end":{"line":7,"column":20}},"loc":{"start":{"line":7,"column":23},"end":{"line":64,"column":1}},"line":7},"1":{"name":"(anonymous_1)","decl":{"start":{"line":14,"column":34},"end":{"line":14,"column":35}},"loc":{"start":{"line":14,"column":43},"end":{"line":14,"column":60}},"line":14},"2":{"name":"(anonymous_2)","decl":{"start":{"line":18,"column":20},"end":{"line":18,"column":21}},"loc":{"start":{"line":18,"column":29},"end":{"line":18,"column":57}},"line":18}},"branchMap":{"0":{"loc":{"start":{"line":16,"column":2},"end":{"line":21,"column":3}},"type":"if","locations":[{"start":{"line":16,"column":2},"end":{"line":21,"column":3}},{"start":{},"end":{}}],"line":16},"1":{"loc":{"start":{"line":25,"column":2},"end":{"line":34,"column":3}},"type":"if","locations":[{"start":{"line":25,"column":2},"end":{"line":34,"column":3}},{"start":{},"end":{}}],"line":25},"2":{"loc":{"start":{"line":38,"column":2},"end":{"line":43,"column":3}},"type":"if","locations":[{"start":{"line":38,"column":2},"end":{"line":43,"column":3}},{"start":{},"end":{}}],"line":38},"3":{"loc":{"start":{"line":38,"column":6},"end":{"line":38,"column":76}},"type":"binary-expr","locations":[{"start":{"line":38,"column":6},"end":{"line":38,"column":38}},{"start":{"line":38,"column":42},"end":{"line":38,"column":76}}],"line":38},"4":{"loc":{"start":{"line":47,"column":2},"end":{"line":51,"column":3}},"type":"if","locations":[{"start":{"line":47,"column":2},"end":{"line":51,"column":3}},{"start":{},"end":{}}],"line":47},"5":{"loc":{"start":{"line":47,"column":6},"end":{"line":47,"column":45}},"type":"binary-expr","locations":[{"start":{"line":47,"column":6},"end":{"line":47,"column":17}},{"start":{"line":47,"column":21},"end":{"line":47,"column":29}},{"start":{"line":47,"column":33},"end":{"line":47,"column":45}}],"line":47},"6":{"loc":{"start":{"line":54,"column":2},"end":{"line":56,"column":3}},"type":"if","locations":[{"start":{"line":54,"column":2},"end":{"line":56,"column":3}},{"start":{},"end":{}}],"line":54},"7":{"loc":{"start":{"line":60,"column":32},"end":{"line":60,"column":66}},"type":"binary-expr","locations":[{"start":{"line":60,"column":32},"end":{"line":60,"column":51}},{"start":{"line":60,"column":55},"end":{"line":60,"column":66}}],"line":60}},"s":{"0":1,"1":1,"2":1,"3":3,"4":1,"5":0,"6":0,"7":0,"8":0,"9":0,"10":1,"11":1,"12":0,"13":0,"14":0,"15":0,"16":0,"17":0,"18":1,"19":1,"20":0,"21":0,"22":1,"23":1,"24":0,"25":0,"26":0,"27":1,"28":1,"29":1,"30":1,"31":1,"32":1,"33":1,"34":1},"f":{"0":1,"1":3,"2":0},"b":{"0":[0,1],"1":[0,1],"2":[0,1],"3":[1,1],"4":[0,1],"5":[1,1,1],"6":[1,0],"7":[1,0]},"_coverageSchema":"1a1c01bbd47fc00a2c39e90264f33305004495a9","hash":"cf2f197afe2af5ee9cf19d44b174e593c3d7f378"}
,"C:\\Users\\gmjez\\Downloads\\API learning\\src\\controllers\\accounting.controller.js": {"path":"C:\\Users\\gmjez\\Downloads\\API learning\\src\\controllers\\accounting.controller.js","statementMap":{"0":{"start":{"line":2,"column":11},"end":{"line":2,"column":27}},"1":{"start":{"line":3,"column":14},"end":{"line":3,"column":39}},"2":{"start":{"line":10,"column":4},"end":{"line":10,"column":34}},"3":{"start":{"line":13,"column":2},"end":{"line":13,"column":28}},"4":{"start":{"line":17,"column":0},"end":{"line":46,"column":2}},"5":{"start":{"line":18,"column":2},"end":{"line":45,"column":3}},"6":{"start":{"line":19,"column":22},"end":{"line":19,"column":42}},"7":{"start":{"line":20,"column":4},"end":{"line":21,"column":69}},"8":{"start":{"line":21,"column":6},"end":{"line":21,"column":69}},"9":{"start":{"line":23,"column":21},"end":{"line":23,"column":44}},"10":{"start":{"line":24,"column":19},"end":{"line":24,"column":38}},"11":{"start":{"line":25,"column":4},"end":{"line":31,"column":9}},"12":{"start":{"line":26,"column":6},"end":{"line":31,"column":9}},"13":{"start":{"line":33,"column":19},"end":{"line":35,"column":5}},"14":{"start":{"line":37,"column":4},"end":{"line":37,"column":57}},"15":{"start":{"line":38,"column":4},"end":{"line":42,"column":7}},"16":{"start":{"line":44,"column":4},"end":{"line":44,"column":72}},"17":{"start":{"line":51,"column":0},"end":{"line":75,"column":2}},"18":{"start":{"line":52,"column":2},"end":{"line":74,"column":3}},"19":{"start":{"line":53,"column":19},"end":{"line":66,"column":5}},"20":{"start":{"line":67,"column":4},"end":{"line":71,"column":7}},"21":{"start":{"line":73,"column":4},"end":{"line":73,"column":72}},"22":{"start":{"line":78,"column":0},"end":{"line":117,"column":2}},"23":{"start":{"line":79,"column":2},"end":{"line":116,"column":3}},"24":{"start":{"line":80,"column":22},"end":{"line":80,"column":42}},"25":{"start":{"line":81,"column":4},"end":{"line":82,"column":69}},"26":{"start":{"line":82,"column":6},"end":{"line":82,"column":69}},"27":{"start":{"line":84,"column":21},"end":{"line":84,"column":44}},"28":{"start":{"line":85,"column":19},"end":{"line":85,"column":38}},"29":{"start":{"line":86,"column":4},"end":{"line":92,"column":9}},"30":{"start":{"line":87,"column":6},"end":{"line":92,"column":9}},"31":{"start":{"line":94,"column":19},"end":{"line":106,"column":6}},"32":{"start":{"line":108,"column":4},"end":{"line":108,"column":57}},"33":{"start":{"line":109,"column":4},"end":{"line":113,"column":7}},"34":{"start":{"line":115,"column":4},"end":{"line":115,"column":72}},"35":{"start":{"line":120,"column":0},"end":{"line":352,"column":2}},"36":{"start":{"line":121,"column":64},"end":{"line":121,"column":72}},"37":{"start":{"line":123,"column":2},"end":{"line":126,"column":72}},"38":{"start":{"line":124,"column":4},"end":{"line":126,"column":72}},"39":{"start":{"line":127,"column":2},"end":{"line":133,"column":9}},"40":{"start":{"line":128,"column":4},"end":{"line":133,"column":9}},"41":{"start":{"line":135,"column":2},"end":{"line":351,"column":3}},"42":{"start":{"line":137,"column":24},"end":{"line":144,"column":5}},"43":{"start":{"line":145,"column":4},"end":{"line":148,"column":69}},"44":{"start":{"line":146,"column":6},"end":{"line":148,"column":69}},"45":{"start":{"line":150,"column":19},"end":{"line":150,"column":38}},"46":{"start":{"line":153,"column":23},"end":{"line":164,"column":5}},"47":{"start":{"line":165,"column":24},"end":{"line":165,"column":43}},"48":{"start":{"line":166,"column":4},"end":{"line":169,"column":5}},"49":{"start":{"line":167,"column":6},"end":{"line":167,"column":39}},"50":{"start":{"line":168,"column":6},"end":{"line":168,"column":36}},"51":{"start":{"line":171,"column":24},"end":{"line":171,"column":65}},"52":{"start":{"line":172,"column":4},"end":{"line":175,"column":66}},"53":{"start":{"line":173,"column":6},"end":{"line":175,"column":66}},"54":{"start":{"line":177,"column":21},"end":{"line":177,"column":22}},"55":{"start":{"line":178,"column":17},"end":{"line":178,"column":18}},"56":{"start":{"line":179,"column":21},"end":{"line":179,"column":22}},"57":{"start":{"line":180,"column":17},"end":{"line":180,"column":18}},"58":{"start":{"line":181,"column":17},"end":{"line":181,"column":18}},"59":{"start":{"line":182,"column":26},"end":{"line":182,"column":28}},"60":{"start":{"line":184,"column":4},"end":{"line":200,"column":7}},"61":{"start":{"line":185,"column":6},"end":{"line":185,"column":41}},"62":{"start":{"line":186,"column":6},"end":{"line":186,"column":33}},"63":{"start":{"line":187,"column":6},"end":{"line":187,"column":41}},"64":{"start":{"line":188,"column":6},"end":{"line":188,"column":33}},"65":{"start":{"line":189,"column":6},"end":{"line":189,"column":37}},"66":{"start":{"line":191,"column":19},"end":{"line":191,"column":45}},"67":{"start":{"line":192,"column":6},"end":{"line":197,"column":10}},"68":{"start":{"line":193,"column":8},"end":{"line":197,"column":10}},"69":{"start":{"line":198,"column":6},"end":{"line":198,"column":56}},"70":{"start":{"line":199,"column":6},"end":{"line":199,"column":37}},"71":{"start":{"line":202,"column":25},"end":{"line":243,"column":5}},"72":{"start":{"line":245,"column":26},"end":{"line":245,"column":30}},"73":{"start":{"line":246,"column":23},"end":{"line":246,"column":68}},"74":{"start":{"line":248,"column":4},"end":{"line":319,"column":5}},"75":{"start":{"line":250,"column":25},"end":{"line":264,"column":7}},"76":{"start":{"line":266,"column":34},"end":{"line":275,"column":7}},"77":{"start":{"line":277,"column":28},"end":{"line":277,"column":69}},"78":{"start":{"line":278,"column":28},"end":{"line":278,"column":69}},"79":{"start":{"line":279,"column":33},"end":{"line":281,"column":7}},"80":{"start":{"line":283,"column":6},"end":{"line":291,"column":11}},"81":{"start":{"line":284,"column":8},"end":{"line":291,"column":11}},"82":{"start":{"line":292,"column":6},"end":{"line":300,"column":11}},"83":{"start":{"line":293,"column":8},"end":{"line":300,"column":11}},"84":{"start":{"line":301,"column":6},"end":{"line":309,"column":11}},"85":{"start":{"line":302,"column":8},"end":{"line":309,"column":11}},"86":{"start":{"line":311,"column":6},"end":{"line":317,"column":8}},"87":{"start":{"line":318,"column":6},"end":{"line":318,"column":73}},"88":{"start":{"line":321,"column":4},"end":{"line":347,"column":7}},"89":{"start":{"line":349,"column":4},"end":{"line":349,"column":49}},"90":{"start":{"line":350,"column":4},"end":{"line":350,"column":72}},"91":{"start":{"line":355,"column":0},"end":{"line":400,"column":2}},"92":{"start":{"line":356,"column":59},"end":{"line":356,"column":68}},"93":{"start":{"line":357,"column":2},"end":{"line":399,"column":3}},"94":{"start":{"line":359,"column":19},"end":{"line":373,"column":5}},"95":{"start":{"line":374,"column":4},"end":{"line":375,"column":78}},"96":{"start":{"line":375,"column":6},"end":{"line":375,"column":78}},"97":{"start":{"line":377,"column":16},"end":{"line":377,"column":30}},"98":{"start":{"line":378,"column":4},"end":{"line":395,"column":5}},"99":{"start":{"line":379,"column":19},"end":{"line":379,"column":71}},"100":{"start":{"line":380,"column":18},"end":{"line":380,"column":56}},"101":{"start":{"line":381,"column":16},"end":{"line":381,"column":73}},"102":{"start":{"line":382,"column":6},"end":{"line":382,"column":100}},"103":{"start":{"line":383,"column":6},"end":{"line":383,"column":106}},"104":{"start":{"line":384,"column":6},"end":{"line":384,"column":106}},"105":{"start":{"line":385,"column":6},"end":{"line":385,"column":94}},"106":{"start":{"line":386,"column":6},"end":{"line":386,"column":108}},"107":{"start":{"line":387,"column":6},"end":{"line":391,"column":7}},"108":{"start":{"line":388,"column":8},"end":{"line":388,"column":85}},"109":{"start":{"line":389,"column":8},"end":{"line":389,"column":85}},"110":{"start":{"line":390,"column":8},"end":{"line":390,"column":95}},"111":{"start":{"line":392,"column":6},"end":{"line":392,"column":48}},"112":{"start":{"line":393,"column":6},"end":{"line":393,"column":78}},"113":{"start":{"line":394,"column":6},"end":{"line":394,"column":27}},"114":{"start":{"line":396,"column":4},"end":{"line":396,"column":50}},"115":{"start":{"line":398,"column":4},"end":{"line":398,"column":72}},"116":{"start":{"line":403,"column":0},"end":{"line":503,"column":2}},"117":{"start":{"line":404,"column":2},"end":{"line":502,"column":3}},"118":{"start":{"line":405,"column":22},"end":{"line":405,"column":42}},"119":{"start":{"line":406,"column":38},"end":{"line":406,"column":47}},"120":{"start":{"line":407,"column":4},"end":{"line":408,"column":79}},"121":{"start":{"line":408,"column":6},"end":{"line":408,"column":79}},"122":{"start":{"line":410,"column":26},"end":{"line":410,"column":47}},"123":{"start":{"line":411,"column":25},"end":{"line":411,"column":27}},"124":{"start":{"line":412,"column":4},"end":{"line":415,"column":5}},"125":{"start":{"line":413,"column":6},"end":{"line":413,"column":38}},"126":{"start":{"line":414,"column":6},"end":{"line":414,"column":69}},"127":{"start":{"line":417,"column":20},"end":{"line":430,"column":5}},"128":{"start":{"line":432,"column":18},"end":{"line":442,"column":5}},"129":{"start":{"line":444,"column":20},"end":{"line":455,"column":5}},"130":{"start":{"line":457,"column":16},"end":{"line":457,"column":31}},"131":{"start":{"line":458,"column":23},"end":{"line":458,"column":77}},"132":{"start":{"line":458,"column":53},"end":{"line":458,"column":73}},"133":{"start":{"line":459,"column":24},"end":{"line":459,"column":61}},"134":{"start":{"line":460,"column":26},"end":{"line":460,"column":50}},"135":{"start":{"line":461,"column":24},"end":{"line":461,"column":53}},"136":{"start":{"line":462,"column":22},"end":{"line":462,"column":54}},"137":{"start":{"line":464,"column":6},"end":{"line":464,"column":69}},"138":{"start":{"line":466,"column":4},"end":{"line":498,"column":7}},"139":{"start":{"line":500,"column":4},"end":{"line":500,"column":39}},"140":{"start":{"line":501,"column":4},"end":{"line":501,"column":72}},"141":{"start":{"line":506,"column":0},"end":{"line":583,"column":2}},"142":{"start":{"line":507,"column":2},"end":{"line":582,"column":3}},"143":{"start":{"line":508,"column":22},"end":{"line":508,"column":42}},"144":{"start":{"line":509,"column":28},"end":{"line":509,"column":37}},"145":{"start":{"line":510,"column":4},"end":{"line":511,"column":76}},"146":{"start":{"line":511,"column":6},"end":{"line":511,"column":76}},"147":{"start":{"line":513,"column":14},"end":{"line":513,"column":29}},"148":{"start":{"line":514,"column":14},"end":{"line":514,"column":28}},"149":{"start":{"line":516,"column":19},"end":{"line":523,"column":5}},"150":{"start":{"line":525,"column":18},"end":{"line":532,"column":5}},"151":{"start":{"line":534,"column":23},"end":{"line":539,"column":5}},"152":{"start":{"line":541,"column":18},"end":{"line":546,"column":5}},"153":{"start":{"line":549,"column":6},"end":{"line":549,"column":64}},"154":{"start":{"line":550,"column":21},"end":{"line":550,"column":73}},"155":{"start":{"line":551,"column":23},"end":{"line":551,"column":43}},"156":{"start":{"line":553,"column":4},"end":{"line":578,"column":7}},"157":{"start":{"line":580,"column":4},"end":{"line":580,"column":46}},"158":{"start":{"line":581,"column":4},"end":{"line":581,"column":72}},"159":{"start":{"line":586,"column":0},"end":{"line":621,"column":2}},"160":{"start":{"line":587,"column":2},"end":{"line":620,"column":3}},"161":{"start":{"line":588,"column":22},"end":{"line":588,"column":42}},"162":{"start":{"line":589,"column":34},"end":{"line":589,"column":43}},"163":{"start":{"line":591,"column":16},"end":{"line":591,"column":70}},"164":{"start":{"line":592,"column":19},"end":{"line":592,"column":30}},"165":{"start":{"line":593,"column":14},"end":{"line":593,"column":15}},"166":{"start":{"line":595,"column":4},"end":{"line":599,"column":5}},"167":{"start":{"line":596,"column":6},"end":{"line":596,"column":12}},"168":{"start":{"line":597,"column":6},"end":{"line":597,"column":49}},"169":{"start":{"line":598,"column":6},"end":{"line":598,"column":24}},"170":{"start":{"line":600,"column":4},"end":{"line":604,"column":5}},"171":{"start":{"line":601,"column":6},"end":{"line":601,"column":12}},"172":{"start":{"line":602,"column":6},"end":{"line":602,"column":49}},"173":{"start":{"line":603,"column":6},"end":{"line":603,"column":35}},"174":{"start":{"line":605,"column":4},"end":{"line":609,"column":5}},"175":{"start":{"line":606,"column":6},"end":{"line":606,"column":12}},"176":{"start":{"line":607,"column":6},"end":{"line":607,"column":49}},"177":{"start":{"line":608,"column":6},"end":{"line":608,"column":34}},"178":{"start":{"line":611,"column":4},"end":{"line":611,"column":47}},"179":{"start":{"line":612,"column":19},"end":{"line":612,"column":48}},"180":{"start":{"line":613,"column":4},"end":{"line":617,"column":7}},"181":{"start":{"line":619,"column":4},"end":{"line":619,"column":72}},"182":{"start":{"line":624,"column":0},"end":{"line":795,"column":2}},"183":{"start":{"line":625,"column":17},"end":{"line":625,"column":35}},"184":{"start":{"line":626,"column":2},"end":{"line":794,"column":3}},"185":{"start":{"line":627,"column":22},"end":{"line":627,"column":42}},"186":{"start":{"line":628,"column":28},"end":{"line":628,"column":36}},"187":{"start":{"line":630,"column":4},"end":{"line":631,"column":76}},"188":{"start":{"line":631,"column":6},"end":{"line":631,"column":76}},"189":{"start":{"line":633,"column":14},"end":{"line":633,"column":29}},"190":{"start":{"line":634,"column":14},"end":{"line":634,"column":28}},"191":{"start":{"line":636,"column":4},"end":{"line":636,"column":32}},"192":{"start":{"line":638,"column":21},"end":{"line":642,"column":5}},"193":{"start":{"line":643,"column":4},"end":{"line":651,"column":5}},"194":{"start":{"line":644,"column":6},"end":{"line":644,"column":37}},"195":{"start":{"line":645,"column":6},"end":{"line":650,"column":11}},"196":{"start":{"line":653,"column":22},"end":{"line":657,"column":5}},"197":{"start":{"line":658,"column":21},"end":{"line":662,"column":5}},"198":{"start":{"line":663,"column":19},"end":{"line":667,"column":5}},"199":{"start":{"line":668,"column":18},"end":{"line":672,"column":5}},"200":{"start":{"line":675,"column":6},"end":{"line":675,"column":63}},"201":{"start":{"line":677,"column":6},"end":{"line":677,"column":61}},"202":{"start":{"line":678,"column":23},"end":{"line":678,"column":53}},"203":{"start":{"line":680,"column":20},"end":{"line":689,"column":5}},"204":{"start":{"line":691,"column":20},"end":{"line":700,"column":5}},"205":{"start":{"line":702,"column":19},"end":{"line":735,"column":5}},"206":{"start":{"line":737,"column":4},"end":{"line":741,"column":6}},"207":{"start":{"line":743,"column":4},"end":{"line":765,"column":5}},"208":{"start":{"line":744,"column":6},"end":{"line":764,"column":7}},"209":{"start":{"line":745,"column":8},"end":{"line":761,"column":10}},"210":{"start":{"line":763,"column":8},"end":{"line":763,"column":63}},"211":{"start":{"line":767,"column":4},"end":{"line":767,"column":39}},"212":{"start":{"line":768,"column":4},"end":{"line":768,"column":39}},"213":{"start":{"line":769,"column":4},"end":{"line":769,"column":33}},"214":{"start":{"line":771,"column":4},"end":{"line":785,"column":7}},"215":{"start":{"line":787,"column":4},"end":{"line":787,"column":35}},"216":{"start":{"line":788,"column":4},"end":{"line":788,"column":45}},"217":{"start":{"line":789,"column":4},"end":{"line":791,"column":71}},"218":{"start":{"line":793,"column":4},"end":{"line":793,"column":21}},"219":{"start":{"line":798,"column":0},"end":{"line":818,"column":2}},"220":{"start":{"line":799,"column":2},"end":{"line":817,"column":3}},"221":{"start":{"line":800,"column":22},"end":{"line":800,"column":42}},"222":{"start":{"line":801,"column":28},"end":{"line":801,"column":37}},"223":{"start":{"line":802,"column":4},"end":{"line":803,"column":76}},"224":{"start":{"line":803,"column":6},"end":{"line":803,"column":76}},"225":{"start":{"line":805,"column":19},"end":{"line":809,"column":5}},"226":{"start":{"line":811,"column":4},"end":{"line":811,"column":70}},"227":{"start":{"line":811,"column":34},"end":{"line":811,"column":70}},"228":{"start":{"line":812,"column":4},"end":{"line":812,"column":36}},"229":{"start":{"line":814,"column":4},"end":{"line":816,"column":78}}},"fnMap":{"0":{"name":"toNum","decl":{"start":{"line":12,"column":9},"end":{"line":12,"column":14}},"loc":{"start":{"line":12,"column":18},"end":{"line":14,"column":1}},"line":12},"1":{"name":"(anonymous_1)","decl":{"start":{"line":17,"column":22},"end":{"line":17,"column":23}},"loc":{"start":{"line":17,"column":42},"end":{"line":46,"column":1}},"line":17},"2":{"name":"(anonymous_2)","decl":{"start":{"line":51,"column":21},"end":{"line":51,"column":22}},"loc":{"start":{"line":51,"column":41},"end":{"line":75,"column":1}},"line":51},"3":{"name":"(anonymous_3)","decl":{"start":{"line":78,"column":22},"end":{"line":78,"column":23}},"loc":{"start":{"line":78,"column":42},"end":{"line":117,"column":1}},"line":78},"4":{"name":"(anonymous_4)","decl":{"start":{"line":120,"column":26},"end":{"line":120,"column":27}},"loc":{"start":{"line":120,"column":46},"end":{"line":352,"column":1}},"line":120},"5":{"name":"(anonymous_5)","decl":{"start":{"line":184,"column":29},"end":{"line":184,"column":30}},"loc":{"start":{"line":184,"column":38},"end":{"line":200,"column":5}},"line":184},"6":{"name":"(anonymous_6)","decl":{"start":{"line":355,"column":24},"end":{"line":355,"column":25}},"loc":{"start":{"line":355,"column":44},"end":{"line":400,"column":1}},"line":355},"7":{"name":"(anonymous_7)","decl":{"start":{"line":403,"column":16},"end":{"line":403,"column":17}},"loc":{"start":{"line":403,"column":36},"end":{"line":503,"column":1}},"line":403},"8":{"name":"(anonymous_8)","decl":{"start":{"line":458,"column":41},"end":{"line":458,"column":42}},"loc":{"start":{"line":458,"column":53},"end":{"line":458,"column":73}},"line":458},"9":{"name":"(anonymous_9)","decl":{"start":{"line":506,"column":23},"end":{"line":506,"column":24}},"loc":{"start":{"line":506,"column":43},"end":{"line":583,"column":1}},"line":506},"10":{"name":"(anonymous_10)","decl":{"start":{"line":586,"column":29},"end":{"line":586,"column":30}},"loc":{"start":{"line":586,"column":49},"end":{"line":621,"column":1}},"line":586},"11":{"name":"(anonymous_11)","decl":{"start":{"line":624,"column":22},"end":{"line":624,"column":23}},"loc":{"start":{"line":624,"column":42},"end":{"line":795,"column":1}},"line":624},"12":{"name":"(anonymous_12)","decl":{"start":{"line":798,"column":26},"end":{"line":798,"column":27}},"loc":{"start":{"line":798,"column":46},"end":{"line":818,"column":1}},"line":798}},"branchMap":{"0":{"loc":{"start":{"line":13,"column":9},"end":{"line":13,"column":27}},"type":"binary-expr","locations":[{"start":{"line":13,"column":9},"end":{"line":13,"column":22}},{"start":{"line":13,"column":26},"end":{"line":13,"column":27}}],"line":13},"1":{"loc":{"start":{"line":20,"column":4},"end":{"line":21,"column":69}},"type":"if","locations":[{"start":{"line":20,"column":4},"end":{"line":21,"column":69}},{"start":{},"end":{}}],"line":20},"2":{"loc":{"start":{"line":25,"column":4},"end":{"line":31,"column":9}},"type":"if","locations":[{"start":{"line":25,"column":4},"end":{"line":31,"column":9}},{"start":{},"end":{}}],"line":25},"3":{"loc":{"start":{"line":81,"column":4},"end":{"line":82,"column":69}},"type":"if","locations":[{"start":{"line":81,"column":4},"end":{"line":82,"column":69}},{"start":{},"end":{}}],"line":81},"4":{"loc":{"start":{"line":86,"column":4},"end":{"line":92,"column":9}},"type":"if","locations":[{"start":{"line":86,"column":4},"end":{"line":92,"column":9}},{"start":{},"end":{}}],"line":86},"5":{"loc":{"start":{"line":121,"column":29},"end":{"line":121,"column":46}},"type":"default-arg","locations":[{"start":{"line":121,"column":36},"end":{"line":121,"column":46}}],"line":121},"6":{"loc":{"start":{"line":123,"column":2},"end":{"line":126,"column":72}},"type":"if","locations":[{"start":{"line":123,"column":2},"end":{"line":126,"column":72}},{"start":{},"end":{}}],"line":123},"7":{"loc":{"start":{"line":127,"column":2},"end":{"line":133,"column":9}},"type":"if","locations":[{"start":{"line":127,"column":2},"end":{"line":133,"column":9}},{"start":{},"end":{}}],"line":127},"8":{"loc":{"start":{"line":145,"column":4},"end":{"line":148,"column":69}},"type":"if","locations":[{"start":{"line":145,"column":4},"end":{"line":148,"column":69}},{"start":{},"end":{}}],"line":145},"9":{"loc":{"start":{"line":166,"column":4},"end":{"line":169,"column":5}},"type":"if","locations":[{"start":{"line":166,"column":4},"end":{"line":169,"column":5}},{"start":{},"end":{}}],"line":166},"10":{"loc":{"start":{"line":172,"column":4},"end":{"line":175,"column":66}},"type":"if","locations":[{"start":{"line":172,"column":4},"end":{"line":175,"column":66}},{"start":{},"end":{}}],"line":172},"11":{"loc":{"start":{"line":191,"column":19},"end":{"line":191,"column":45}},"type":"binary-expr","locations":[{"start":{"line":191,"column":19},"end":{"line":191,"column":32}},{"start":{"line":191,"column":36},"end":{"line":191,"column":45}}],"line":191},"12":{"loc":{"start":{"line":192,"column":6},"end":{"line":197,"column":10}},"type":"if","locations":[{"start":{"line":192,"column":6},"end":{"line":197,"column":10}},{"start":{},"end":{}}],"line":192},"13":{"loc":{"start":{"line":194,"column":16},"end":{"line":194,"column":42}},"type":"binary-expr","locations":[{"start":{"line":194,"column":16},"end":{"line":194,"column":29}},{"start":{"line":194,"column":33},"end":{"line":194,"column":42}}],"line":194},"14":{"loc":{"start":{"line":248,"column":4},"end":{"line":319,"column":5}},"type":"if","locations":[{"start":{"line":248,"column":4},"end":{"line":319,"column":5}},{"start":{},"end":{}}],"line":248},"15":{"loc":{"start":{"line":257,"column":11},"end":{"line":259,"column":17}},"type":"cond-expr","locations":[{"start":{"line":258,"column":15},"end":{"line":258,"column":104}},{"start":{"line":259,"column":15},"end":{"line":259,"column":17}}],"line":257},"16":{"loc":{"start":{"line":261,"column":8},"end":{"line":263,"column":52}},"type":"cond-expr","locations":[{"start":{"line":262,"column":12},"end":{"line":262,"column":65}},{"start":{"line":263,"column":12},"end":{"line":263,"column":52}}],"line":261},"17":{"loc":{"start":{"line":271,"column":11},"end":{"line":271,"column":52}},"type":"cond-expr","locations":[{"start":{"line":271,"column":25},"end":{"line":271,"column":47}},{"start":{"line":271,"column":50},"end":{"line":271,"column":52}}],"line":271},"18":{"loc":{"start":{"line":272,"column":8},"end":{"line":274,"column":52}},"type":"cond-expr","locations":[{"start":{"line":273,"column":12},"end":{"line":273,"column":65}},{"start":{"line":274,"column":12},"end":{"line":274,"column":52}}],"line":272},"19":{"loc":{"start":{"line":283,"column":6},"end":{"line":291,"column":11}},"type":"if","locations":[{"start":{"line":283,"column":6},"end":{"line":291,"column":11}},{"start":{},"end":{}}],"line":283},"20":{"loc":{"start":{"line":292,"column":6},"end":{"line":300,"column":11}},"type":"if","locations":[{"start":{"line":292,"column":6},"end":{"line":300,"column":11}},{"start":{},"end":{}}],"line":292},"21":{"loc":{"start":{"line":301,"column":6},"end":{"line":309,"column":11}},"type":"if","locations":[{"start":{"line":301,"column":6},"end":{"line":309,"column":11}},{"start":{},"end":{}}],"line":301},"22":{"loc":{"start":{"line":330,"column":21},"end":{"line":330,"column":40}},"type":"binary-expr","locations":[{"start":{"line":330,"column":21},"end":{"line":330,"column":32}},{"start":{"line":330,"column":36},"end":{"line":330,"column":40}}],"line":330},"23":{"loc":{"start":{"line":342,"column":14},"end":{"line":342,"column":65}},"type":"binary-expr","locations":[{"start":{"line":342,"column":14},"end":{"line":342,"column":29}},{"start":{"line":342,"column":33},"end":{"line":342,"column":65}}],"line":342},"24":{"loc":{"start":{"line":356,"column":37},"end":{"line":356,"column":54}},"type":"default-arg","locations":[{"start":{"line":356,"column":44},"end":{"line":356,"column":54}}],"line":356},"25":{"loc":{"start":{"line":374,"column":4},"end":{"line":375,"column":78}},"type":"if","locations":[{"start":{"line":374,"column":4},"end":{"line":375,"column":78}},{"start":{},"end":{}}],"line":374},"26":{"loc":{"start":{"line":378,"column":4},"end":{"line":395,"column":5}},"type":"if","locations":[{"start":{"line":378,"column":4},"end":{"line":395,"column":5}},{"start":{},"end":{}}],"line":378},"27":{"loc":{"start":{"line":387,"column":6},"end":{"line":391,"column":7}},"type":"if","locations":[{"start":{"line":387,"column":6},"end":{"line":391,"column":7}},{"start":{},"end":{}}],"line":387},"28":{"loc":{"start":{"line":407,"column":4},"end":{"line":408,"column":79}},"type":"if","locations":[{"start":{"line":407,"column":4},"end":{"line":408,"column":79}},{"start":{},"end":{}}],"line":407},"29":{"loc":{"start":{"line":407,"column":8},"end":{"line":407,"column":20}},"type":"binary-expr","locations":[{"start":{"line":407,"column":8},"end":{"line":407,"column":13}},{"start":{"line":407,"column":17},"end":{"line":407,"column":20}}],"line":407},"30":{"loc":{"start":{"line":412,"column":4},"end":{"line":415,"column":5}},"type":"if","locations":[{"start":{"line":412,"column":4},"end":{"line":415,"column":5}},{"start":{},"end":{}}],"line":412},"31":{"loc":{"start":{"line":464,"column":6},"end":{"line":464,"column":69}},"type":"cond-expr","locations":[{"start":{"line":464,"column":29},"end":{"line":464,"column":65}},{"start":{"line":464,"column":68},"end":{"line":464,"column":69}}],"line":464},"32":{"loc":{"start":{"line":510,"column":4},"end":{"line":511,"column":76}},"type":"if","locations":[{"start":{"line":510,"column":4},"end":{"line":511,"column":76}},{"start":{},"end":{}}],"line":510},"33":{"loc":{"start":{"line":510,"column":8},"end":{"line":510,"column":23}},"type":"binary-expr","locations":[{"start":{"line":510,"column":8},"end":{"line":510,"column":14}},{"start":{"line":510,"column":18},"end":{"line":510,"column":23}}],"line":510},"34":{"loc":{"start":{"line":549,"column":6},"end":{"line":549,"column":64}},"type":"binary-expr","locations":[{"start":{"line":549,"column":6},"end":{"line":549,"column":31}},{"start":{"line":549,"column":35},"end":{"line":549,"column":64}}],"line":549},"35":{"loc":{"start":{"line":550,"column":21},"end":{"line":550,"column":73}},"type":"binary-expr","locations":[{"start":{"line":550,"column":21},"end":{"line":550,"column":45}},{"start":{"line":550,"column":49},"end":{"line":550,"column":73}}],"line":550},"36":{"loc":{"start":{"line":572,"column":23},"end":{"line":572,"column":54}},"type":"cond-expr","locations":[{"start":{"line":572,"column":40},"end":{"line":572,"column":50}},{"start":{"line":572,"column":53},"end":{"line":572,"column":54}}],"line":572},"37":{"loc":{"start":{"line":573,"column":26},"end":{"line":573,"column":67}},"type":"cond-expr","locations":[{"start":{"line":573,"column":43},"end":{"line":573,"column":63}},{"start":{"line":573,"column":66},"end":{"line":573,"column":67}}],"line":573},"38":{"loc":{"start":{"line":595,"column":4},"end":{"line":599,"column":5}},"type":"if","locations":[{"start":{"line":595,"column":4},"end":{"line":599,"column":5}},{"start":{},"end":{}}],"line":595},"39":{"loc":{"start":{"line":600,"column":4},"end":{"line":604,"column":5}},"type":"if","locations":[{"start":{"line":600,"column":4},"end":{"line":604,"column":5}},{"start":{},"end":{}}],"line":600},"40":{"loc":{"start":{"line":605,"column":4},"end":{"line":609,"column":5}},"type":"if","locations":[{"start":{"line":605,"column":4},"end":{"line":609,"column":5}},{"start":{},"end":{}}],"line":605},"41":{"loc":{"start":{"line":630,"column":4},"end":{"line":631,"column":76}},"type":"if","locations":[{"start":{"line":630,"column":4},"end":{"line":631,"column":76}},{"start":{},"end":{}}],"line":630},"42":{"loc":{"start":{"line":630,"column":8},"end":{"line":630,"column":23}},"type":"binary-expr","locations":[{"start":{"line":630,"column":8},"end":{"line":630,"column":14}},{"start":{"line":630,"column":18},"end":{"line":630,"column":23}}],"line":630},"43":{"loc":{"start":{"line":643,"column":4},"end":{"line":651,"column":5}},"type":"if","locations":[{"start":{"line":643,"column":4},"end":{"line":651,"column":5}},{"start":{},"end":{}}],"line":643},"44":{"loc":{"start":{"line":643,"column":8},"end":{"line":643,"column":72}},"type":"binary-expr","locations":[{"start":{"line":643,"column":8},"end":{"line":643,"column":32}},{"start":{"line":643,"column":36},"end":{"line":643,"column":72}}],"line":643},"45":{"loc":{"start":{"line":675,"column":6},"end":{"line":675,"column":63}},"type":"binary-expr","locations":[{"start":{"line":675,"column":6},"end":{"line":675,"column":34}},{"start":{"line":675,"column":38},"end":{"line":675,"column":63}}],"line":675},"46":{"loc":{"start":{"line":677,"column":6},"end":{"line":677,"column":61}},"type":"binary-expr","locations":[{"start":{"line":677,"column":6},"end":{"line":677,"column":33}},{"start":{"line":677,"column":37},"end":{"line":677,"column":61}}],"line":677},"47":{"loc":{"start":{"line":731,"column":8},"end":{"line":731,"column":39}},"type":"cond-expr","locations":[{"start":{"line":731,"column":25},"end":{"line":731,"column":35}},{"start":{"line":731,"column":38},"end":{"line":731,"column":39}}],"line":731},"48":{"loc":{"start":{"line":743,"column":4},"end":{"line":765,"column":5}},"type":"if","locations":[{"start":{"line":743,"column":4},"end":{"line":765,"column":5}},{"start":{},"end":{}}],"line":743},"49":{"loc":{"start":{"line":781,"column":21},"end":{"line":781,"column":52}},"type":"cond-expr","locations":[{"start":{"line":781,"column":38},"end":{"line":781,"column":48}},{"start":{"line":781,"column":51},"end":{"line":781,"column":52}}],"line":781},"50":{"loc":{"start":{"line":782,"column":24},"end":{"line":782,"column":65}},"type":"cond-expr","locations":[{"start":{"line":782,"column":41},"end":{"line":782,"column":61}},{"start":{"line":782,"column":64},"end":{"line":782,"column":65}}],"line":782},"51":{"loc":{"start":{"line":802,"column":4},"end":{"line":803,"column":76}},"type":"if","locations":[{"start":{"line":802,"column":4},"end":{"line":803,"column":76}},{"start":{},"end":{}}],"line":802},"52":{"loc":{"start":{"line":802,"column":8},"end":{"line":802,"column":23}},"type":"binary-expr","locations":[{"start":{"line":802,"column":8},"end":{"line":802,"column":14}},{"start":{"line":802,"column":18},"end":{"line":802,"column":23}}],"line":802},"53":{"loc":{"start":{"line":811,"column":4},"end":{"line":811,"column":70}},"type":"if","locations":[{"start":{"line":811,"column":4},"end":{"line":811,"column":70}},{"start":{},"end":{}}],"line":811}},"s":{"0":1,"1":1,"2":1,"3":0,"4":1,"5":0,"6":0,"7":0,"8":0,"9":0,"10":0,"11":0,"12":0,"13":0,"14":0,"15":0,"16":0,"17":1,"18":0,"19":0,"20":0,"21":0,"22":1,"23":0,"24":0,"25":0,"26":0,"27":0,"28":0,"29":0,"30":0,"31":0,"32":0,"33":0,"34":0,"35":1,"36":0,"37":0,"38":0,"39":0,"40":0,"41":0,"42":0,"43":0,"44":0,"45":0,"46":0,"47":0,"48":0,"49":0,"50":0,"51":0,"52":0,"53":0,"54":0,"55":0,"56":0,"57":0,"58":0,"59":0,"60":0,"61":0,"62":0,"63":0,"64":0,"65":0,"66":0,"67":0,"68":0,"69":0,"70":0,"71":0,"72":0,"73":0,"74":0,"75":0,"76":0,"77":0,"78":0,"79":0,"80":0,"81":0,"82":0,"83":0,"84":0,"85":0,"86":0,"87":0,"88":0,"89":0,"90":0,"91":1,"92":0,"93":0,"94":0,"95":0,"96":0,"97":0,"98":0,"99":0,"100":0,"101":0,"102":0,"103":0,"104":0,"105":0,"106":0,"107":0,"108":0,"109":0,"110":0,"111":0,"112":0,"113":0,"114":0,"115":0,"116":1,"117":0,"118":0,"119":0,"120":0,"121":0,"122":0,"123":0,"124":0,"125":0,"126":0,"127":0,"128":0,"129":0,"130":0,"131":0,"132":0,"133":0,"134":0,"135":0,"136":0,"137":0,"138":0,"139":0,"140":0,"141":1,"142":0,"143":0,"144":0,"145":0,"146":0,"147":0,"148":0,"149":0,"150":0,"151":0,"152":0,"153":0,"154":0,"155":0,"156":0,"157":0,"158":0,"159":1,"160":0,"161":0,"162":0,"163":0,"164":0,"165":0,"166":0,"167":0,"168":0,"169":0,"170":0,"171":0,"172":0,"173":0,"174":0,"175":0,"176":0,"177":0,"178":0,"179":0,"180":0,"181":0,"182":1,"183":0,"184":0,"185":0,"186":0,"187":0,"188":0,"189":0,"190":0,"191":0,"192":0,"193":0,"194":0,"195":0,"196":0,"197":0,"198":0,"199":0,"200":0,"201":0,"202":0,"203":0,"204":0,"205":0,"206":0,"207":0,"208":0,"209":0,"210":0,"211":0,"212":0,"213":0,"214":0,"215":0,"216":0,"217":0,"218":0,"219":1,"220":0,"221":0,"222":0,"223":0,"224":0,"225":0,"226":0,"227":0,"228":0,"229":0},"f":{"0":0,"1":0,"2":0,"3":0,"4":0,"5":0,"6":0,"7":0,"8":0,"9":0,"10":0,"11":0,"12":0},"b":{"0":[0,0],"1":[0,0],"2":[0,0],"3":[0,0],"4":[0,0],"5":[0],"6":[0,0],"7":[0,0],"8":[0,0],"9":[0,0],"10":[0,0],"11":[0,0],"12":[0,0],"13":[0,0],"14":[0,0],"15":[0,0],"16":[0,0],"17":[0,0],"18":[0,0],"19":[0,0],"20":[0,0],"21":[0,0],"22":[0,0],"23":[0,0],"24":[0],"25":[0,0],"26":[0,0],"27":[0,0],"28":[0,0],"29":[0,0],"30":[0,0],"31":[0,0],"32":[0,0],"33":[0,0],"34":[0,0],"35":[0,0],"36":[0,0],"37":[0,0],"38":[0,0],"39":[0,0],"40":[0,0],"41":[0,0],"42":[0,0],"43":[0,0],"44":[0,0],"45":[0,0],"46":[0,0],"47":[0,0],"48":[0,0],"49":[0,0],"50":[0,0],"51":[0,0],"52":[0,0],"53":[0,0]},"_coverageSchema":"1a1c01bbd47fc00a2c39e90264f33305004495a9","hash":"ec9f95d4cfcdf76da4bced443ffb55d047b2f75f"}
,"C:\\Users\\gmjez\\Downloads\\API learning\\src\\controllers\\analytics.controller.js": {"path":"C:\\Users\\gmjez\\Downloads\\API learning\\src\\controllers\\analytics.controller.js","statementMap":{"0":{"start":{"line":2,"column":11},"end":{"line":2,"column":27}},"1":{"start":{"line":8,"column":12},"end":{"line":8,"column":31}},"2":{"start":{"line":9,"column":2},"end":{"line":9,"column":43}},"3":{"start":{"line":13,"column":14},"end":{"line":13,"column":24}},"4":{"start":{"line":16,"column":2},"end":{"line":42,"column":3}},"5":{"start":{"line":18,"column":6},"end":{"line":18,"column":60}},"6":{"start":{"line":19,"column":6},"end":{"line":19,"column":12}},"7":{"start":{"line":21,"column":24},"end":{"line":21,"column":75}},"8":{"start":{"line":22,"column":6},"end":{"line":22,"column":56}},"9":{"start":{"line":23,"column":6},"end":{"line":23,"column":55}},"10":{"start":{"line":24,"column":6},"end":{"line":24,"column":12}},"11":{"start":{"line":26,"column":6},"end":{"line":28,"column":23}},"12":{"start":{"line":29,"column":6},"end":{"line":31,"column":23}},"13":{"start":{"line":32,"column":6},"end":{"line":32,"column":12}},"14":{"start":{"line":34,"column":6},"end":{"line":34,"column":47}},"15":{"start":{"line":35,"column":6},"end":{"line":35,"column":45}},"16":{"start":{"line":36,"column":6},"end":{"line":36,"column":12}},"17":{"start":{"line":38,"column":6},"end":{"line":40,"column":23}},"18":{"start":{"line":41,"column":6},"end":{"line":41,"column":55}},"19":{"start":{"line":44,"column":2},"end":{"line":44,"column":32}},"20":{"start":{"line":51,"column":0},"end":{"line":130,"column":2}},"21":{"start":{"line":52,"column":2},"end":{"line":129,"column":3}},"22":{"start":{"line":53,"column":22},"end":{"line":53,"column":41}},"23":{"start":{"line":54,"column":17},"end":{"line":54,"column":69}},"24":{"start":{"line":55,"column":18},"end":{"line":55,"column":72}},"25":{"start":{"line":58,"column":22},"end":{"line":65,"column":5}},"26":{"start":{"line":68,"column":20},"end":{"line":78,"column":5}},"27":{"start":{"line":81,"column":18},"end":{"line":90,"column":5}},"28":{"start":{"line":93,"column":23},"end":{"line":105,"column":5}},"29":{"start":{"line":108,"column":23},"end":{"line":117,"column":5}},"30":{"start":{"line":119,"column":4},"end":{"line":125,"column":7}},"31":{"start":{"line":127,"column":4},"end":{"line":127,"column":57}},"32":{"start":{"line":128,"column":4},"end":{"line":128,"column":77}},"33":{"start":{"line":135,"column":0},"end":{"line":216,"column":2}},"34":{"start":{"line":136,"column":2},"end":{"line":215,"column":3}},"35":{"start":{"line":137,"column":22},"end":{"line":137,"column":41}},"36":{"start":{"line":138,"column":17},"end":{"line":138,"column":69}},"37":{"start":{"line":141,"column":25},"end":{"line":154,"column":5}},"38":{"start":{"line":157,"column":32},"end":{"line":170,"column":5}},"39":{"start":{"line":173,"column":30},"end":{"line":187,"column":5}},"40":{"start":{"line":190,"column":25},"end":{"line":190,"column":50}},"41":{"start":{"line":191,"column":26},"end":{"line":204,"column":5}},"42":{"start":{"line":206,"column":4},"end":{"line":211,"column":7}},"43":{"start":{"line":213,"column":4},"end":{"line":213,"column":56}},"44":{"start":{"line":214,"column":4},"end":{"line":214,"column":80}},"45":{"start":{"line":221,"column":0},"end":{"line":298,"column":2}},"46":{"start":{"line":222,"column":2},"end":{"line":297,"column":3}},"47":{"start":{"line":223,"column":22},"end":{"line":223,"column":41}},"48":{"start":{"line":224,"column":17},"end":{"line":224,"column":69}},"49":{"start":{"line":227,"column":23},"end":{"line":240,"column":5}},"50":{"start":{"line":243,"column":25},"end":{"line":254,"column":5}},"51":{"start":{"line":257,"column":28},"end":{"line":269,"column":5}},"52":{"start":{"line":272,"column":26},"end":{"line":286,"column":5}},"53":{"start":{"line":288,"column":4},"end":{"line":293,"column":7}},"54":{"start":{"line":295,"column":4},"end":{"line":295,"column":54}},"55":{"start":{"line":296,"column":4},"end":{"line":296,"column":78}},"56":{"start":{"line":303,"column":0},"end":{"line":391,"column":2}},"57":{"start":{"line":304,"column":2},"end":{"line":390,"column":3}},"58":{"start":{"line":305,"column":22},"end":{"line":305,"column":41}},"59":{"start":{"line":306,"column":17},"end":{"line":306,"column":69}},"60":{"start":{"line":307,"column":18},"end":{"line":307,"column":72}},"61":{"start":{"line":310,"column":28},"end":{"line":325,"column":5}},"62":{"start":{"line":328,"column":33},"end":{"line":347,"column":5}},"63":{"start":{"line":350,"column":26},"end":{"line":361,"column":5}},"64":{"start":{"line":364,"column":25},"end":{"line":377,"column":5}},"65":{"start":{"line":379,"column":4},"end":{"line":384,"column":7}},"66":{"start":{"line":386,"column":4},"end":{"line":386,"column":59}},"67":{"start":{"line":387,"column":4},"end":{"line":389,"column":63}},"68":{"start":{"line":396,"column":0},"end":{"line":454,"column":2}},"69":{"start":{"line":397,"column":2},"end":{"line":453,"column":3}},"70":{"start":{"line":398,"column":22},"end":{"line":398,"column":41}},"71":{"start":{"line":399,"column":17},"end":{"line":399,"column":69}},"72":{"start":{"line":402,"column":24},"end":{"line":414,"column":5}},"73":{"start":{"line":417,"column":24},"end":{"line":425,"column":5}},"74":{"start":{"line":428,"column":31},"end":{"line":441,"column":5}},"75":{"start":{"line":443,"column":4},"end":{"line":447,"column":7}},"76":{"start":{"line":449,"column":4},"end":{"line":449,"column":59}},"77":{"start":{"line":450,"column":4},"end":{"line":452,"column":63}},"78":{"start":{"line":459,"column":0},"end":{"line":527,"column":2}},"79":{"s
[...]
{"line":65,"column":0},"end":{"line":69,"column":2}},"20":{"start":{"line":70,"column":0},"end":{"line":74,"column":2}},"21":{"start":{"line":75,"column":0},"end":{"line":79,"column":2}},"22":{"start":{"line":82,"column":0},"end":{"line":86,"column":2}},"23":{"start":{"line":87,"column":0},"end":{"line":91,"column":2}},"24":{"start":{"line":92,"column":0},"end":{"line":96,"column":2}},"25":{"start":{"line":97,"column":0},"end":{"line":101,"column":2}},"26":{"start":{"line":104,"column":0},"end":{"line":108,"column":2}},"27":{"start":{"line":109,"column":0},"end":{"line":113,"column":2}},"28":{"start":{"line":114,"column":0},"end":{"line":118,"column":2}},"29":{"start":{"line":119,"column":0},"end":{"line":123,"column":2}},"30":{"start":{"line":124,"column":0},"end":{"line":128,"column":2}},"31":{"start":{"line":129,"column":0},"end":{"line":133,"column":2}},"32":{"start":{"line":136,"column":0},"end":{"line":140,"column":2}},"33":{"start":{"line":141,"column":0},"end":{"line":145,"column":2}},"34":{"start":{"line":146,"column":0},"end":{"line":150,"column":2}},"35":{"start":{"line":151,"column":0},"end":{"line":155,"column":2}},"36":{"start":{"line":156,"column":0},"end":{"line":160,"column":2}},"37":{"start":{"line":161,"column":0},"end":{"line":165,"column":2}},"38":{"start":{"line":168,"column":0},"end":{"line":172,"column":2}},"39":{"start":{"line":173,"column":0},"end":{"line":177,"column":2}},"40":{"start":{"line":178,"column":0},"end":{"line":182,"column":2}},"41":{"start":{"line":183,"column":0},"end":{"line":187,"column":2}},"42":{"start":{"line":190,"column":0},"end":{"line":194,"column":2}},"43":{"start":{"line":195,"column":0},"end":{"line":199,"column":2}},"44":{"start":{"line":200,"column":0},"end":{"line":204,"column":2}},"45":{"start":{"line":205,"column":0},"end":{"line":209,"column":2}},"46":{"start":{"line":211,"column":0},"end":{"line":211,"column":24}}},"fnMap":{},"branchMap":{},"s":{"0":1,"1":1,"2":1,"3":1,"4":1,"5":1,"6":1,"7":1,"8":1,"9":1,"10":1,"11":1,"12":1,"13":1,"14":1,"15":1,"16":1,"17":1,"18":1,"19":1,"20":1,"21":1,"22":1,"23":1,"24":1,"25":1,"26":1,"27":1,"28":1,"29":1,"30":1,"31":1,"32":1,"33":1,"34":1,"35":1,"36":1,"37":1,"38":1,"39":1,"40":1,"41":1,"42":1,"43":1,"44":1,"45":1,"46":1},"f":{},"b":{},"_coverageSchema":"1a1c01bbd47fc00a2c39e90264f33305004495a9","hash":"37b63e19e469e251e3c2b94f162ad3d2cd8df0e2"}
,"C:\\Users\\gmjez\\Downloads\\API learning\\src\\routes\\revenue.routes.js": {"path":"C:\\Users\\gmjez\\Downloads\\API learning\\src\\routes\\revenue.routes.js","statementMap":{"0":{"start":{"line":2,"column":16},"end":{"line":2,"column":34}},"1":{"start":{"line":3,"column":15},"end":{"line":3,"column":31}},"2":{"start":{"line":4,"column":10},"end":{"line":4,"column":54}},"3":{"start":{"line":5,"column":38},"end":{"line":5,"column":62}},"4":{"start":{"line":8,"column":0},"end":{"line":13,"column":2}},"5":{"start":{"line":16,"column":0},"end":{"line":21,"column":2}},"6":{"start":{"line":24,"column":0},"end":{"line":29,"column":2}},"7":{"start":{"line":31,"column":0},"end":{"line":31,"column":24}}},"fnMap":{},"branchMap":{},"s":{"0":1,"1":1,"2":1,"3":1,"4":1,"5":1,"6":1,"7":1},"f":{},"b":{},"_coverageSchema":"1a1c01bbd47fc00a2c39e90264f33305004495a9","hash":"1e081ae904777254680308dce0853523f4803d4f"}
,"C:\\Users\\gmjez\\Downloads\\API learning\\src\\routes\\shifts.routes.js": {"path":"C:\\Users\\gmjez\\Downloads\\API learning\\src\\routes\\shifts.routes.js","statementMap":{"0":{"start":{"line":2,"column":16},"end":{"line":2,"column":34}},"1":{"start":{"line":3,"column":15},"end":{"line":3,"column":31}},"2":{"start":{"line":4,"column":25},"end":{"line":4,"column":68}},"3":{"start":{"line":5,"column":38},"end":{"line":5,"column":62}},"4":{"start":{"line":8,"column":18},"end":{"line":16,"column":1}},"5":{"start":{"line":18,"column":0},"end":{"line":23,"column":2}},"6":{"start":{"line":24,"column":0},"end":{"line":36,"column":2}},"7":{"start":{"line":37,"column":0},"end":{"line":49,"column":2}},"8":{"start":{"line":50,"column":0},"end":{"line":50,"column":65}},"9":{"start":{"line":51,"column":0},"end":{"line":63,"column":2}},"10":{"start":{"line":64,"column":0},"end":{"line":76,"column":2}},"11":{"start":{"line":77,"column":0},"end":{"line":89,"column":2}},"12":{"start":{"line":90,"column":0},"end":{"line":102,"column":2}},"13":{"start":{"line":103,"column":0},"end":{"line":103,"column":72}},"14":{"start":{"line":105,"column":0},"end":{"line":105,"column":24}}},"fnMap":{},"branchMap":{},"s":{"0":1,"1":1,"2":1,"3":1,"4":1,"5":1,"6":1,"7":1,"8":1,"9":1,"10":1,"11":1,"12":1,"13":1,"14":1},"f":{},"b":{},"_coverageSchema":"1a1c01bbd47fc00a2c39e90264f33305004495a9","hash":"387a08f7844c135a31b2c0348d235fe237e12495"}
,"C:\\Users\\gmjez\\Downloads\\API learning\\src\\routes\\ui19.routes.js": {"path":"C:\\Users\\gmjez\\Downloads\\API learning\\src\\routes\\ui19.routes.js","statementMap":{"0":{"start":{"line":2,"column":16},"end":{"line":2,"column":34}},"1":{"start":{"line":3,"column":15},"end":{"line":3,"column":31}},"2":{"start":{"line":4,"column":23},"end":{"line":4,"column":64}},"3":{"start":{"line":5,"column":38},"end":{"line":5,"column":62}},"4":{"start":{"line":7,"column":0},"end":{"line":12,"column":2}},"5":{"start":{"line":13,"column":0},"end":{"line":18,"column":2}},"6":{"start":{"line":19,"column":0},"end":{"line":24,"column":2}},"7":{"start":{"line":25,"column":0},"end":{"line":30,"column":2}},"8":{"start":{"line":31,"column":0},"end":{"line":36,"column":2}},"9":{"start":{"line":37,"column":0},"end":{"line":42,"column":2}},"10":{"start":{"line":44,"column":0},"end":{"line":44,"column":24}}},"fnMap":{},"branchMap":{},"s":{"0":1,"1":1,"2":1,"3":1,"4":1,"5":1,"6":1,"7":1,"8":1,"9":1,"10":1},"f":{},"b":{},"_coverageSchema":"1a1c01bbd47fc00a2c39e90264f33305004495a9","hash":"4a474facc1ab5b4a0359785b0d66ec7887f100fb"}
,"C:\\Users\\gmjez\\Downloads\\API learning\\src\\routes\\users.routes.js": {"path":"C:\\Users\\gmjez\\Downloads\\API learning\\src\\routes\\users.routes.js","statementMap":{"0":{"start":{"line":2,"column":16},"end":{"line":2,"column":34}},"1":{"start":{"line":3,"column":15},"end":{"line":3,"column":31}},"2":{"start":{"line":4,"column":24},"end":{"line":4,"column":66}},"3":{"start":{"line":5,"column":38},"end":{"line":5,"column":62}},"4":{"start":{"line":7,"column":18},"end":{"line":7,"column":66}},"5":{"start":{"line":9,"column":0},"end":{"line":14,"column":2}},"6":{"start":{"line":15,"column":0},"end":{"line":20,"column":2}},"7":{"start":{"line":21,"column":0},"end":{"line":26,"column":2}},"8":{"start":{"line":27,"column":0},"end":{"line":32,"column":2}},"9":{"start":{"line":33,"column":0},"end":{"line":38,"column":2}},"10":{"start":{"line":39,"column":0},"end":{"line":44,"column":2}},"11":{"start":{"line":46,"column":0},"end":{"line":46,"column":24}}},"fnMap":{},"branchMap":{},"s":{"0":1,"1":1,"2":1,"3":1,"4":1,"5":1,"6":1,"7":1,"8":1,"9":1,"10":1,"11":1},"f":{},"b":{},"_coverageSchema":"1a1c01bbd47fc00a2c39e90264f33305004495a9","hash":"07558b493c36941ebf41657482a5a2e0e134cdcf"}
,"C:\\Users\\gmjez\\Downloads\\API learning\\src\\security\\rateLimiters.js": {"path":"C:\\Users\\gmjez\\Downloads\\API learning\\src\\security\\rateLimiters.js","statementMap":{"0":{"start":{"line":1,"column":18},"end":{"line":1,"column":47}},"1":{"start":{"line":4,"column":19},"end":{"line":10,"column":2}},"2":{"start":{"line":13,"column":20},"end":{"line":19,"column":2}},"3":{"start":{"line":22,"column":21},"end":{"line":28,"column":2}},"4":{"start":{"line":30,"column":0},"end":{"line":30,"column":59}}},"fnMap":{},"branchMap":{},"s":{"0":0,"1":0,"2":0,"3":0,"4":0},"f":{},"b":{}}
,"C:\\Users\\gmjez\\Downloads\\API learning\\src\\utils\\asyncHandler.js": {"path":"C:\\Users\\gmjez\\Downloads\\API learning\\src\\utils\\asyncHandler.js","statementMap":{"0":{"start":{"line":1,"column":0},"end":{"line":2,"column":50}},"1":{"start":{"line":1,"column":25},"end":{"line":2,"column":49}},"2":{"start":{"line":2,"column":2},"end":{"line":2,"column":49}}},"fnMap":{"0":{"name":"(anonymous_0)","decl":{"start":{"line":1,"column":17},"end":{"line":1,"column":18}},"loc":{"start":{"line":1,"column":25},"end":{"line":2,"column":49}},"line":1},"1":{"name":"(anonymous_1)","decl":{"start":{"line":1,"column":25},"end":{"line":1,"column":26}},"loc":{"start":{"line":2,"column":2},"end":{"line":2,"column":49}},"line":2}},"branchMap":{},"s":{"0":1,"1":14,"2":0},"f":{"0":14,"1":0},"b":{},"_coverageSchema":"1a1c01bbd47fc00a2c39e90264f33305004495a9","hash":"d9b64ec8b2dc5ff9114e9efe8f7b6549bd7983e8"}
,"C:\\Users\\gmjez\\Downloads\\API learning\\src\\utils\\auditLog.js": {"path":"C:\\Users\\gmjez\\Downloads\\API learning\\src\\utils\\auditLog.js","statementMap":{"0":{"start":{"line":4,"column":11},"end":{"line":4,"column":27}},"1":{"start":{"line":24,"column":2},"end":{"line":48,"column":3}},"2":{"start":{"line":25,"column":17},"end":{"line":25,"column":26}},"3":{"start":{"line":26,"column":15},"end":{"line":26,"column":67}},"4":{"start":{"line":27,"column":4},"end":{"line":44,"column":6}},"5":{"start":{"line":47,"column":4},"end":{"line":47,"column":51}},"6":{"start":{"line":51,"column":0},"end":{"line":51,"column":30}}},"fnMap":{"0":{"name":"logAudit","decl":{"start":{"line":16,"column":15},"end":{"line":16,"column":23}},"loc":{"start":{"line":23,"column":3},"end":{"line":49,"column":1}},"line":23}},"branchMap":{"0":{"loc":{"start":{"line":26,"column":15},"end":{"line":26,"column":67}},"type":"binary-expr","locations":[{"start":{"line":26,"column":15},"end":{"line":26,"column":22}},{"start":{"line":26,"column":26},"end":{"line":26,"column":59}},{"start":{"line":26,"column":63},"end":{"line":26,"column":67}}],"line":26},"1":{"loc":{"start":{"line":33,"column":8},"end":{"line":33,"column":32}},"type":"binary-expr","locations":[{"start":{"line":33,"column":8},"end":{"line":33,"column":24}},{"start":{"line":33,"column":28},"end":{"line":33,"column":32}}],"line":33},"2":{"loc":{"start":{"line":34,"column":8},"end":{"line":34,"column":24}},"type":"binary-expr","locations":[{"start":{"line":34,"column":8},"end":{"line":34,"column":16}},{"start":{"line":34,"column":20},"end":{"line":34,"column":24}}],"line":34},"3":{"loc":{"start":{"line":35,"column":8},"end":{"line":35,"column":41}},"type":"binary-expr","locations":[{"start":{"line":35,"column":8},"end":{"line":35,"column":18}},{"start":{"line":35,"column":22},"end":{"line":35,"column":33}},{"start":{"line":35,"column":37},"end":{"line":35,"column":41}}],"line":35},"4":{"loc":{"start":{"line":36,"column":8},"end":{"line":36,"column":26}},"type":"binary-expr","locations":[{"start":{"line":36,"column":8},"end":{"line":36,"column":18}},{"start":{"line":36,"column":22},"end":{"line":36,"column":26}}],"line":36},"5":{"loc":{"start":{"line":39,"column":8},"end":{"line":39,"column":24}},"type":"binary-expr","locations":[{"start":{"line":39,"column":8},"end":{"line":39,"column":16}},{"start":{"line":39,"column":20},"end":{"line":39,"column":24}}],"line":39},"6":{"loc":{"start":{"line":40,"column":8},"end":{"line":40,"column":26}},"type":"binary-expr","locations":[{"start":{"line":40,"column":8},"end":{"line":40,"column":18}},{"start":{"line":40,"column":22},"end":{"line":40,"column":26}}],"line":40},"7":{"loc":{"start":{"line":41,"column":8},"end":{"line":41,"column":48}},"type":"cond-expr","locations":[{"start":{"line":41,"column":18},"end":{"line":41,"column":41}},{"start":{"line":41,"column":44},"end":{"line":41,"column":48}}],"line":41}},"s":{"0":1,"1":0,"2":0,"3":0,"4":0,"5":0,"6":1},"f":{"0":0},"b":{"0":[0,0,0],"1":[0,0],"2":[0,0],"3":[0,0,0],"4":[0,0],"5":[0,0],"6":[0,0],"7":[0,0]},"_coverageSchema":"1a1c01bbd47fc00a2c39e90264f33305004495a9","hash":"3e26228125527d1ba0c5e60bad01c913a4d38eaf"}
,"C:\\Users\\gmjez\\Downloads\\API learning\\src\\utils\\cache.js": {"path":"C:\\Users\\gmjez\\Downloads\\API learning\\src\\utils\\cache.js","statementMap":{"0":{"start":{"line":7,"column":4},"end":{"line":7,"column":27}},"1":{"start":{"line":12,"column":22},"end":{"line":12,"column":52}},"2":{"start":{"line":13,"column":4},"end":{"line":13,"column":46}},"3":{"start":{"line":18,"column":18},"end":{"line":18,"column":37}},"4":{"start":{"line":19,"column":4},"end":{"line":19,"column":28}},"5":{"start":{"line":19,"column":16},"end":{"line":19,"column":28}},"6":{"start":{"line":20,"column":4},"end":{"line":23,"column":5}},"7":{"start":{"line":21,"column":6},"end":{"line":21,"column":29}},"8":{"start":{"line":22,"column":6},"end":{"line":22,"column":18}},"9":{"start":{"line":24,"column":4},"end":{"line":24,"column":23}},"10":{"start":{"line":29,"column":4},"end":{"line":29,"column":27}},"11":{"start":{"line":35,"column":4},"end":{"line":39,"column":5}},"12":{"start":{"line":36,"column":6},"end":{"line":38,"column":7}},"13":{"start":{"line":37,"column":8},"end":{"line":37,"column":31}},"14":{"start":{"line":44,"column":4},"end":{"line":44,"column":23}},"15":{"start":{"line":49,"column":4},"end":{"line":49,"column":27}},"16":{"start":{"line":54,"column":0},"end":{"line":54,"column":29}}},"fnMap":{"0":{"name":"(anonymous_0)","decl":{"start":{"line":6,"column":2},"end":{"line":6,"column":3}},"loc":{"start":{"line":6,"column":16},"end":{"line":8,"column":3}},"line":6},"1":{"name":"(anonymous_1)","decl":{"start":{"line":11,"column":2},"end":{"line":11,"column":3}},"loc":{"start":{"line":11,"column":36},"end":{"line":14,"column":3}},"line":11},"2":{"name":"(anonymous_2)","decl":{"start":{"line":17,"column":2},"end":{"line":17,"column":3}},"loc":{"start":{"line":17,"column":11},"end":{"line":25,"column":3}},"line":17},"3":{"name":"(anonymous_3)","decl":{"start":{"line":28,"column":2},"end":{"line":28,"column":3}},"loc":{"start":{"line":28,"column":11},"end":{"line":30,"column":3}},"line":28},"4":{"name":"(anonymous_4)","decl":{"start":{"line":34,"column":2},"end":{"line":34,"column":3}},"loc":{"start":{"line":34,"column":27},"end":{"line":40,"column":3}},"line":34},"5":{"name":"(anonymous_5)","decl":{"start":{"line":43,"column":2},"end":{"line":43,"column":3}},"loc":{"start":{"line":43,"column":10},"end":{"line":45,"column":3}},"line":43},"6":{"name":"(anonymous_6)","decl":{"start":{"line":48,"column":2},"end":{"line":48,"column":3}},"loc":{"start":{"line":48,"column":9},"end":{"line":50,"column":3}},"line":48}},"branchMap":{"0":{"loc":{"start":{"line":11,"column":18},"end":{"line":11,"column":34}},"type":"default-arg","locations":[{"start":{"line":11,"column":31},"end":{"line":11,"column":34}}],"line":11},"1":{"loc":{"start":{"line":19,"column":4},"end":{"line":19,"column":28}},"type":"if","locations":[{"start":{"line":19,"column":4},"end":{"line":19,"column":28}},{"start":{},"end":{}}],"line":19},"2":{"loc":{"start":{"line":20,"column":4},"end":{"line":23,"column":5}},"type":"if","locations":[{"start":{"line":20,"column":4},"end":{"line":23,"column":5}},{"start":{},"end":{}}],"line":20},"3":{"loc":{"start":{"line":36,"column":6},"end":{"line":38,"column":7}},"type":"if","locations":[{"start":{"line":36,"column":6},"end":{"line":38,"column":7}},{"start":{},"end":{}}],"line":36}},"s":{"0":1,"1":0,"2":0,"3":0,"4":0,"5":0,"6":0,"7":0,"8":0,"9":0,"10":0,"11":0,"12":0,"13":0,"14":0,"15":0,"16":1},"f":{"0":1,"1":0,"2":0,"3":0,"4":0,"5":0,"6":0},"b":{"0":[0],"1":[0,0],"2":[0,0],"3":[0,0]},"_coverageSchema":"1a1c01bbd47fc00a2c39e90264f33305004495a9","hash":"98209ad00b895b578c53bf1e0ee54819f8ba2644"}
,"C:\\Users\\gmjez\\Downloads\\API learning\\src\\utils\\logger.js": {"path":"C:\\Users\\gmjez\\Downloads\\API learning\\src\\utils\\logger.js","statementMap":{"0":{"start":{"line":2,"column":16},"end":{"line":2,"column":34}},"1":{"start":{"line":3,"column":13},"end":{"line":3,"column":28}},"2":{"start":{"line":6,"column":18},"end":{"line":11,"column":1}},"3":{"start":{"line":14,"column":22},"end":{"line":24,"column":1}},"4":{"start":{"line":18,"column":14},"end":{"line":18,"column":51}},"5":{"start":{"line":19,"column":4},"end":{"line":21,"column":5}},"6":{"start":{"line":20,"column":6},"end":{"line":20,"column":49}},"7":{"start":{"line":22,"column":4},"end":{"line":22,"column":15}},"8":{"start":{"line":27,"column":11},"end":{"line":27,"column":24}},"9":{"start":{"line":28,"column":16},"end":{"line":28,"column":50}},"10":{"start":{"line":29,"column":0},"end":{"line":31,"column":1}},"11":{"start":{"line":30,"column":2},"end":{"line":30,"column":45}},"12":{"start":{"line":34,"column":15},"end":{"line":70,"column":2}},"13":{"start":{"line":73,"column":0},"end":{"line":79,"column":1}},"14":{"start":{"line":74,"column":2},"end":{"line":78,"column":4}},"15":{"start":{"line":82,"column":0},"end":{"line":89,"column":2}},"16":{"start":{"line":83,"column":2},"end":{"line":88,"column":5}},"17":{"start":{"line":91,"column":0},"end":{"line":107,"column":2}},"18":{"start":{"line":92,"column":19},"end":{"line":96,"column":3}},"19":{"start":{"line":98,"column":2},"end":{"line":104,"column":3}},"20":{"start":{"line":99,"column":4},"end":{"line":99,"column":33}},"21":{"start":{"line":100,"column":4},"end":{"line":100,"column":27}},"22":{"start":{"line":101,"column":4},"end":{"line":101,"column":29}},"23":{"start":{"line":102,"column":4},"end":{"line":102,"column":35}},"24":{"start":{"line":103,"column":4},"end":{"line":103,"column":32}},"25":{"start":{"line":106,"column":2},"end":{"line":106,"column":43}},"26":{"start":{"line":109,"column":0},"end":{"line":109,"column":24}}},"fnMap":{"0":{"name":"(anonymous_0)","decl":{"start":{"line":17,"column":24},"end":{"line":17,"column":25}},"loc":{"start":{"line":17,"column":68},"end":{"line":23,"column":3}},"line":17},"1":{"name":"(anonymous_1)","decl":{"start":{"line":82,"column":20},"end":{"line":82,"column":21}},"loc":{"start":{"line":82,"column":59},"end":{"line":89,"column":1}},"line":82},"2":{"name":"(anonymous_2)","decl":{"start":{"line":91,"column":18},"end":{"line":91,"column":19}},"loc":{"start":{"line":91,"column":41},"end":{"line":107,"column":1}},"line":91}},"branchMap":{"0":{"loc":{"start":{"line":19,"column":4},"end":{"line":21,"column":5}},"type":"if","locations":[{"start":{"line":19,"column":4},"end":{"line":21,"column":5}},{"start":{},"end":{}}],"line":19},"1":{"loc":{"start":{"line":29,"column":0},"end":{"line":31,"column":1}},"type":"if","locations":[{"start":{"line":29,"column":0},"end":{"line":31,"column":1}},{"start":{},"end":{}}],"line":29},"2":{"loc":{"start":{"line":35,"column":9},"end":{"line":35,"column":40}},"type":"binary-expr","locations":[{"start":{"line":35,"column":9},"end":{"line":35,"column":30}},{"start":{"line":35,"column":34},"end":{"line":35,"column":40}}],"line":35},"3":{"loc":{"start":{"line":73,"column":0},"end":{"line":79,"column":1}},"type":"if","locations":[{"start":{"line":73,"column":0},"end":{"line":79,"column":1}},{"start":{},"end":{}}],"line":73},"4":{"loc":{"start":{"line":82,"column":26},"end":{"line":82,"column":54}},"type":"default-arg","locations":[{"start":{"line":82,"column":36},"end":{"line":82,"column":54}}],"line":82},"5":{"loc":{"start":{"line":91,"column":26},"end":{"line":91,"column":36}},"type":"default-arg","locations":[{"start":{"line":91,"column":32},"end":{"line":91,"column":36}}],"line":91},"6":{"loc":{"start":{"line":95,"column":16},"end":{"line":95,"column":39}},"type":"binary-expr","locations":[{"start":{"line":95,"column":16},"end":{"line":95,"column":32}},{"start":{"line":95,"column":36},"end":{"line":95,"column":39}}],"line":95},"7":{"loc":{"start":{"line":98,"column":2},"end":{"line":104,"column":3}},"type":"if","locations":[{"start":{"line":98,"column":2},"end":{"line":104,"column":3}},{"start":{},"end":{}}],"line":98}},"s":{"0":1,"1":1,"2":1,"3":1,"4":6,"5":6,"6":6,"7":6,"8":1,"9":1,"10":1,"11":0,"12":1,"13":1,"14":1,"15":1,"16":0,"17":1,"18":0,"19":0,"20":0,"21":0,"22":0,"23":0,"24":0,"25":0,"26":1},"f":{"0":6,"1":0,"2":0},"b":{"0":[6,0],"1":[0,1],"2":[1,1],"3":[1,0],"4":[0],"5":[0],"6":[0,0],"7":[0,0]},"_coverageSchema":"1a1c01bbd47fc00a2c39e90264f33305004495a9","hash":"aa425fc7c0bd612dec4111e64fce599c48df9e9e"}
}
