TN:
SF:src\db.js
FN:48,(anonymous_0)
FN:57,(anonymous_1)
FN:66,(anonymous_2)
FN:74,(anonymous_3)
FN:92,(anonymous_4)
FN:106,(anonymous_5)
FN:107,(anonymous_6)
FN:108,(anonymous_7)
FN:114,(anonymous_8)
FN:146,(anonymous_9)
FN:176,(anonymous_10)
FNF:11
FNH:3
FNDA:2,(anonymous_0)
FNDA:2,(anonymous_1)
FNDA:0,(anonymous_2)
FNDA:0,(anonymous_3)
FNDA:0,(anonymous_4)
FNDA:0,(anonymous_5)
FNDA:0,(anonymous_6)
FNDA:0,(anonymous_7)
FNDA:0,(anonymous_8)
FNDA:0,(anonymous_9)
FNDA:1,(anonymous_10)
DA:2,1
DA:3,1
DA:9,1
DA:48,1
DA:49,2
DA:57,1
DA:58,2
DA:66,1
DA:67,0
DA:74,1
DA:75,0
DA:82,0
DA:83,0
DA:92,1
DA:93,0
DA:95,0
DA:96,0
DA:97,0
DA:98,0
DA:100,0
DA:101,0
DA:106,1
DA:107,1
DA:108,1
DA:114,1
DA:115,0
DA:116,0
DA:117,0
DA:118,0
DA:120,0
DA:128,0
DA:129,0
DA:146,1
DA:147,0
DA:148,0
DA:149,0
DA:150,0
DA:153,0
DA:154,0
DA:161,0
DA:163,0
DA:168,0
DA:176,1
DA:177,1
DA:178,1
DA:179,1
DA:185,1
DA:187,0
DA:191,0
DA:199,1
LF:50
LH:21
BRDA:14,0,0,0
BRDA:14,0,1,1
BRDA:82,1,0,0
BRDA:82,1,1,0
BRDA:153,2,0,0
BRDA:153,2,1,0
BRF:6
BRH:1
end_of_record
TN:
SF:src\errorHandler.js
FN:1,(anonymous_0)
FNF:1
FNH:0
FNDA:0,(anonymous_0)
DA:1,0
DA:2,0
DA:5,0
DA:6,0
DA:9,0
LF:5
LH:0
BRDA:5,0,0,0
BRDA:5,0,1,0
BRF:2
BRH:0
end_of_record
TN:
SF:src\generate-jwt-secret.js
FNF:0
FNH:0
LF:0
LH:0
BRF:0
BRH:0
end_of_record
TN:
SF:src\middleware.js
FN:57,requireAuth
FN:82,requireRoles
FN:84,(anonymous_2)
FN:99,requireMinRole
FN:101,(anonymous_4)
FN:117,requirePermission
FN:118,(anonymous_6)
FN:132,requireDepartmentAccess
FNF:8
FNH:3
FNDA:1,requireAuth
FNDA:106,requireRoles
FNDA:0,(anonymous_2)
FNDA:1,requireMinRole
FNDA:0,(anonymous_4)
FNDA:0,requirePermission
FNDA:0,(anonymous_6)
FNDA:0,requireDepartmentAccess
DA:1,1
DA:2,1
DA:14,1
DA:26,1
DA:59,1
DA:60,1
DA:61,1
DA:62,1
DA:63,0
DA:66,1
DA:67,1
DA:69,0
DA:70,0
DA:71,0
DA:72,0
DA:74,0
DA:83,106
DA:84,106
DA:85,0
DA:86,0
DA:87,0
DA:92,0
DA:100,1
DA:101,1
DA:102,0
DA:103,0
DA:104,0
DA:105,0
DA:110,0
DA:118,0
DA:119,0
DA:120,0
DA:121,0
DA:122,0
DA:133,0
DA:134,0
DA:136,0
DA:138,0
DA:139,0
DA:141,0
DA:144,1
LF:41
LH:15
BRDA:2,0,0,1
BRDA:2,0,1,0
BRDA:60,1,0,1
BRDA:60,1,1,0
BRDA:62,2,0,0
BRDA:62,2,1,1
BRDA:62,3,0,1
BRDA:62,3,1,0
BRDA:66,4,0,1
BRDA:66,4,1,0
BRDA:83,5,0,0
BRDA:83,5,1,106
BRDA:85,6,0,0
BRDA:85,6,1,0
BRDA:86,7,0,0
BRDA:86,7,1,0
BRDA:100,8,0,1
BRDA:100,8,1,0
BRDA:102,9,0,0
BRDA:102,9,1,0
BRDA:103,10,0,0
BRDA:103,10,1,0
BRDA:104,11,0,0
BRDA:104,11,1,0
BRDA:119,12,0,0
BRDA:119,12,1,0
BRDA:120,13,0,0
BRDA:120,13,1,0
BRDA:121,14,0,0
BRDA:121,14,1,0
BRDA:121,15,0,0
BRDA:121,15,1,0
BRDA:133,16,0,0
BRDA:133,16,1,0
BRDA:134,17,0,0
BRDA:134,17,1,0
BRDA:136,18,0,0
BRDA:136,18,1,0
BRDA:138,19,0,0
BRDA:138,19,1,0
BRF:40
BRH:7
end_of_record
TN:
SF:src\server.js
FN:69,(anonymous_0)
FN:72,(anonymous_1)
FN:87,(anonymous_2)
FN:101,(anonymous_3)
FN:110,(anonymous_4)
FN:112,(anonymous_5)
FN:160,(anonymous_6)
FN:221,(anonymous_7)
FNF:8
FNH:4
FNDA:0,(anonymous_0)
FNDA:4,(anonymous_1)
FNDA:4,(anonymous_2)
FNDA:4,(anonymous_3)
FNDA:0,(anonymous_4)
FNDA:0,(anonymous_5)
FNDA:0,(anonymous_6)
FNDA:1,(anonymous_7)
DA:1,1
DA:6,1
DA:7,1
DA:10,1
DA:11,1
DA:17,1
DA:18,1
DA:19,1
DA:20,1
DA:21,1
DA:23,1
DA:24,1
DA:25,1
DA:26,1
DA:27,1
DA:28,1
DA:29,1
DA:30,1
DA:33,1
DA:34,1
DA:35,1
DA:36,1
DA:37,1
DA:38,1
DA:39,1
DA:40,1
DA:41,1
DA:42,1
DA:43,1
DA:44,1
DA:45,1
DA:46,1
DA:47,1
DA:48,1
DA:49,1
DA:50,1
DA:51,1
DA:52,1
DA:53,1
DA:59,1
DA:60,1
DA:66,1
DA:69,0
DA:71,1
DA:73,4
DA:74,0
DA:75,0
DA:82,1
DA:83,1
DA:86,1
DA:87,1
DA:88,4
DA:89,4
DA:90,4
DA:97,1
DA:98,1
DA:99,1
DA:101,1
DA:102,4
DA:103,4
DA:110,1
DA:112,1
DA:113,0
DA:114,0
DA:116,0
DA:141,0
DA:142,0
DA:144,0
DA:145,0
DA:154,1
DA:160,1
DA:161,0
DA:162,0
DA:163,0
DA:167,0
DA:168,0
DA:170,0
DA:172,0
DA:176,0
DA:184,1
DA:185,1
DA:186,1
DA:188,1
DA:189,1
DA:190,1
DA:191,1
DA:192,1
DA:193,1
DA:194,1
DA:195,1
DA:196,1
DA:197,1
DA:198,1
DA:199,1
DA:200,1
DA:201,1
DA:202,1
DA:203,1
DA:204,1
DA:205,1
DA:206,1
DA:207,1
DA:213,1
DA:214,1
DA:220,1
DA:221,1
DA:222,1
DA:223,1
DA:224,1
DA:225,1
DA:226,1
DA:229,1
LF:112
LH:94
BRDA:6,0,0,1
BRDA:6,0,1,0
BRDA:69,1,0,0
BRDA:69,1,1,1
BRDA:73,2,0,4
BRDA:73,2,1,0
BRDA:74,3,0,0
BRDA:74,3,1,0
BRDA:102,4,0,0
BRDA:102,4,1,4
BRDA:117,5,0,0
BRDA:117,5,1,0
BRDA:118,6,0,0
BRDA:118,6,1,0
BRDA:119,7,0,0
BRDA:119,7,1,0
BRDA:131,8,0,0
BRDA:131,8,1,0
BRDA:141,9,0,0
BRDA:141,9,1,0
BRDA:167,10,0,0
BRDA:167,10,1,0
BRDA:220,11,0,1
BRDA:220,11,1,0
BRDA:223,12,0,1
BRDA:223,12,1,0
BRF:26
BRH:6
end_of_record
TN:
SF:src\swagger.js
FNF:0
FNH:0
DA:2,1
DA:4,1
DA:8,1
DA:12,1
DA:115,1
DA:120,1
DA:123,1
DA:556,1
LF:8
LH:8
BRDA:8,0,0,0
BRDA:8,0,1,1
BRDA:9,1,0,0
BRDA:9,1,1,0
BRDA:10,2,0,1
BRDA:10,2,1,1
BRDA:16,3,0,1
BRDA:16,3,1,1
BRDA:26,4,0,0
BRDA:26,4,1,1
BRF:10
BRH:6
end_of_record
TN:
SF:src\config\constants.js
FNF:0
FNH:0
DA:6,1
DA:13,1
DA:27,1
DA:37,1
DA:40,1
DA:43,1
DA:46,1
DA:49,1
DA:62,1
DA:70,1
DA:77,1
DA:96,1
DA:108,1
DA:123,1
DA:138,1
LF:15
LH:15
BRF:0
BRH:0
end_of_record
TN:
SF:src\config\validateEnv.js
FN:7,validateEnv
FN:14,(anonymous_1)
FN:18,(anonymous_2)
FNF:3
FNH:2
FNDA:1,validateEnv
FNDA:3,(anonymous_1)
FNDA:0,(anonymous_2)
DA:8,1
DA:11,1
DA:14,3
DA:16,1
DA:17,0
DA:18,0
DA:19,0
DA:20,0
DA:24,1
DA:25,1
DA:26,0
DA:27,0
DA:28,0
DA:29,0
DA:30,0
DA:33,0
DA:37,1
DA:38,1
DA:39,0
DA:42,0
DA:46,1
DA:47,1
DA:48,0
DA:49,0
DA:50,0
DA:54,1
DA:55,1
DA:59,1
DA:60,1
DA:61,1
DA:62,1
DA:63,1
DA:66,1
LF:33
LH:18
BRDA:16,0,0,0
BRDA:16,0,1,1
BRDA:25,1,0,0
BRDA:25,1,1,1
BRDA:38,2,0,0
BRDA:38,2,1,1
BRDA:38,3,0,1
BRDA:38,3,1,1
BRDA:47,4,0,0
BRDA:47,4,1,1
BRDA:47,5,0,1
BRDA:47,5,1,1
BRDA:47,5,2,1
BRDA:54,6,0,1
BRDA:54,6,1,0
BRDA:60,7,0,1
BRDA:60,7,1,0
BRF:17
BRH:11
end_of_record
TN:
SF:src\controllers\accounting.controller.js
FN:12,toNum
FN:17,(anonymous_1)
FN:51,(anonymous_2)
FN:78,(anonymous_3)
FN:120,(anonymous_4)
FN:184,(anonymous_5)
FN:355,(anonymous_6)
FN:403,(anonymous_7)
FN:458,(anonymous_8)
FN:506,(anonymous_9)
FN:586,(anonymous_10)
FN:624,(anonymous_11)
FN:798,(anonymous_12)
FNF:13
FNH:0
FNDA:0,toNum
FNDA:0,(anonymous_1)
FNDA:0,(anonymous_2)
FNDA:0,(anonymous_3)
FNDA:0,(anonymous_4)
FNDA:0,(anonymous_5)
FNDA:0,(anonymous_6)
FNDA:0,(anonymous_7)
FNDA:0,(anonymous_8)
FNDA:0,(anonymous_9)
FNDA:0,(anonymous_10)
FNDA:0,(anonymous_11)
FNDA:0,(anonymous_12)
DA:2,1
DA:3,1
DA:10,1
DA:13,0
DA:17,1
DA:18,0
DA:19,0
DA:20,0
DA:21,0
DA:23,0
DA:24,0
DA:25,0
DA:26,0
DA:33,0
DA:37,0
DA:38,0
DA:44,0
DA:51,1
DA:52,0
DA:53,0
DA:67,0
DA:73,0
DA:78,1
DA:79,0
DA:80,0
DA:81,0
DA:82,0
DA:84,0
DA:85,0
DA:86,0
DA:87,0
DA:94,0
DA:108,0
DA:109,0
DA:115,0
DA:120,1
DA:121,0
DA:123,0
DA:124,0
DA:127,0
DA:128,0
DA:135,0
DA:137,0
DA:145,0
DA:146,0
DA:150,0
DA:153,0
DA:165,0
DA:166,0
DA:167,0
DA:168,0
DA:171,0
DA:172,0
DA:173,0
DA:177,0
DA:178,0
DA:179,0
DA:180,0
DA:181,0
DA:182,0
DA:184,0
DA:185,0
DA:186,0
DA:187,0
DA:188,0
DA:189,0
DA:191,0
DA:192,0
DA:193,0
DA:198,0
DA:199,0
DA:202,0
DA:245,0
DA:246,0
DA:248,0
DA:250,0
DA:266,0
DA:277,0
DA:278,0
DA:279,0
DA:283,0
DA:284,0
DA:292,0
DA:293,0
DA:301,0
DA:302,0
DA:311,0
DA:318,0
DA:321,0
DA:349,0
DA:350,0
DA:355,1
DA:356,0
DA:357,0
DA:359,0
DA:374,0
DA:375,0
DA:377,0
DA:378,0
DA:379,0
DA:380,0
DA:381,0
DA:382,0
DA:383,0
DA:384,0
DA:385,0
DA:386,0
DA:387,0
DA:388,0
DA:389,0
DA:390,0
DA:392,0
DA:393,0
DA:394,0
DA:396,0
DA:398,0
DA:403,1
DA:404,0
DA:405,0
DA:406,0
DA:407,0
DA:408,0
DA:410,0
DA:411,0
DA:412,0
DA:413,0
DA:414,0
DA:417,0
DA:432,0
DA:444,0
DA:457,0
DA:458,0
DA:459,0
DA:460,0
DA:461,0
DA:462,0
DA:464,0
DA:466,0
DA:500,0
DA:501,0
DA:506,1
DA:507,0
DA:508,0
DA:509,0
DA:510,0
DA:511,0
DA:513,0
DA:514,0
DA:516,0
DA:525,0
DA:534,0
DA:541,0
DA:549,0
DA:550,0
DA:551,0
DA:553,0
DA:580,0
DA:581,0
DA:586,1
DA:587,0
DA:588,0
DA:589,0
DA:591,0
DA:592,0
DA:593,0
DA:595,0
DA:596,0
DA:597,0
DA:598,0
DA:600,0
DA:601,0
DA:602,0
DA:603,0
DA:605,0
DA:606,0
DA:607,0
DA:608,0
DA:611,0
DA:612,0
DA:613,0
DA:619,0
DA:624,1
DA:625,0
DA:626,0
DA:627,0
DA:628,0
DA:630,0
DA:631,0
DA:633,0
DA:634,0
DA:636,0
DA:638,0
DA:643,0
DA:644,0
DA:645,0
DA:653,0
DA:658,0
DA:663,0
DA:668,0
DA:675,0
DA:677,0
DA:678,0
DA:680,0
DA:691,0
DA:702,0
DA:737,0
DA:743,0
DA:744,0
DA:745,0
DA:763,0
DA:767,0
DA:768,0
DA:769,0
DA:771,0
DA:787,0
DA:788,0
DA:789,0
DA:793,0
DA:798,1
DA:799,0
DA:800,0
DA:801,0
DA:802,0
DA:803,0
DA:805,0
DA:811,0
DA:812,0
DA:814,0
LF:228
LH:13
BRDA:13,0,0,0
BRDA:13,0,1,0
BRDA:20,1,0,0
BRDA:20,1,1,0
BRDA:25,2,0,0
BRDA:25,2,1,0
BRDA:81,3,0,0
BRDA:81,3,1,0
BRDA:86,4,0,0
BRDA:86,4,1,0
BRDA:121,5,0,0
BRDA:123,6,0,0
BRDA:123,6,1,0
BRDA:127,7,0,0
BRDA:127,7,1,0
BRDA:145,8,0,0
BRDA:145,8,1,0
BRDA:166,9,0,0
BRDA:166,9,1,0
BRDA:172,10,0,0
BRDA:172,10,1,0
BRDA:191,11,0,0
BRDA:191,11,1,0
BRDA:192,12,0,0
BRDA:192,12,1,0
BRDA:194,13,0,0
BRDA:194,13,1,0
BRDA:248,14,0,0
BRDA:248,14,1,0
BRDA:257,15,0,0
BRDA:257,15,1,0
BRDA:261,16,0,0
BRDA:261,16,1,0
BRDA:271,17,0,0
BRDA:271,17,1,0
BRDA:272,18,0,0
BRDA:272,18,1,0
BRDA:283,19,0,0
BRDA:283,19,1,0
BRDA:292,20,0,0
BRDA:292,20,1,0
BRDA:301,21,0,0
BRDA:301,21,1,0
BRDA:330,22,0,0
BRDA:330,22,1,0
BRDA:342,23,0,0
BRDA:342,23,1,0
BRDA:356,24,0,0
BRDA:374,25,0,0
BRDA:374,25,1,0
BRDA:378,26,0,0
BRDA:378,26,1,0
BRDA:387,27,0,0
BRDA:387,27,1,0
BRDA:407,28,0,0
BRDA:407,28,1,0
BRDA:407,29,0,0
BRDA:407,29,1,0
BRDA:412,30,0,0
BRDA:412,30,1,0
BRDA:464,31,0,0
BRDA:464,31,1,0
BRDA:510,32,0,0
BRDA:510,32,1,0
BRDA:510,33,0,0
BRDA:510,33,1,0
BRDA:549,34,0,0
BRDA:549,34,1,0
BRDA:550,35,0,0
BRDA:550,35,1,0
BRDA:572,36,0,0
BRDA:572,36,1,0
BRDA:573,37,0,0
BRDA:573,37,1,0
BRDA:595,38,0,0
BRDA:595,38,1,0
BRDA:600,39,0,0
BRDA:600,39,1,0
BRDA:605,40,0,0
BRDA:605,40,1,0
BRDA:630,41,0,0
BRDA:630,41,1,0
BRDA:630,42,0,0
BRDA:630,42,1,0
BRDA:643,43,0,0
BRDA:643,43,1,0
BRDA:643,44,0,0
BRDA:643,44,1,0
BRDA:675,45,0,0
BRDA:675,45,1,0
BRDA:677,46,0,0
BRDA:677,46,1,0
BRDA:731,47,0,0
BRDA:731,47,1,0
BRDA:743,48,0,0
BRDA:743,48,1,0
BRDA:781,49,0,0
BRDA:781,49,1,0
BRDA:782,50,0,0
BRDA:782,50,1,0
BRDA:802,51,0,0
BRDA:802,51,1,0
BRDA:802,52,0,0
BRDA:802,52,1,0
BRDA:811,53,0,0
BRDA:811,53,1,0
BRF:106
BRH:0
end_of_record
TN:
SF:src\controllers\analytics.controller.js
FN:7,toInt
FN:12,getDateRange
FN:51,(anonymous_2)
FN:135,(anonymous_3)
FN:221,(anonymous_4)
FN:303,(anonymous_5)
FN:396,(anonymous_6)
FN:459,(anonymous_7)
FN:533,(anonymous_8)
FN:568,getPayrollReport
FN:573,getLeaveReport
FN:578,getAttendanceReport
FN:583,getComplianceReport
FN:592,(anonymous_13)
FN:649,(anonymous_14)
FN:650,(anonymous_15)
FN:675,(anonymous_16)
FN:676,(anonymous_17)
FN:703,(anonymous_18)
FNF:19
FNH:0
FNDA:0,toInt
FNDA:0,getDateRange
FNDA:0,(anonymous_2)
FNDA:0,(anonymous_3)
FNDA:0,(anonymous_4)
FNDA:0,(anonymous_5)
FNDA:0,(anonymous_6)
FNDA:0,(anonymous_7)
FNDA:0,(anonymous_8)
FNDA:0,getPayrollReport
FNDA:0,getLeaveReport
FNDA:0,getAttendanceReport
FNDA:0,getComplianceReport
FNDA:0,(anonymous_13)
FNDA:0,(anonymous_14)
FNDA:0,(anonymous_15)
FNDA:0,(anonymous_16)
FNDA:0,(anonymous_17)
FNDA:0,(anonymous_18)
DA:2,1
DA:8,0
DA:9,0
DA:13,0
DA:16,0
DA:18,0
DA:19,0
DA:21,0
DA:22,0
DA:23,0
DA:24,0
DA:26,0
DA:29,0
DA:32,0
DA:34,0
DA:35,0
DA:36,0
DA:38,0
DA:41,0
DA:44,0
DA:51,1
DA:52,0
DA:53,0
DA:54,0
DA:55,0
DA:58,0
DA:68,0
DA:81,0
DA:93,0
DA:108,0
DA:119,0
DA:127,0
DA:128,0
DA:135,1
DA:136,0
DA:137,0
DA:138,0
DA:141,0
DA:157,0
DA:173,0
DA:190,0
DA:191,0
DA:206,0
DA:213,0
DA:214,0
DA:221,1
DA:222,0
DA:223,0
DA:224,0
DA:227,0
DA:243,0
DA:257,0
DA:272,0
DA:288,0
DA:295,0
DA:296,0
DA:303,1
DA:304,0
DA:305,0
DA:306,0
DA:307,0
DA:310,0
DA:328,0
DA:350,0
DA:364,0
DA:379,0
DA:386,0
DA:387,0
DA:396,1
DA:397,0
DA:398,0
DA:399,0
DA:402,0
DA:417,0
DA:428,0
DA:443,0
DA:449,0
DA:450,0
DA:459,1
DA:460,0
DA:461,0
DA:464,0
DA:477,0
DA:488,0
DA:506,0
DA:517,0
DA:524,0
DA:525,0
DA:533,1
DA:534,0
DA:535,0
DA:536,0
DA:541,0
DA:543,0
DA:545,0
DA:546,0
DA:548,0
DA:549,0
DA:551,0
DA:552,0
DA:554,0
DA:555,0
DA:557,0
DA:560,0
DA:562,0
DA:563,0
DA:570,0
DA:575,0
DA:580,0
DA:585,0
DA:592,1
DA:593,0
DA:594,0
DA:595,0
DA:596,0
DA:599,0
DA:617,0
DA:629,0
DA:649,0
DA:650,0
DA:651,0
DA:652,0
DA:653,0
DA:654,0
DA:655,0
DA:656,0
DA:675,0
DA:676,0
DA:678,0
DA:690,0
DA:691,0
DA:703,1
DA:704,0
DA:705,0
DA:706,0
DA:714,0
DA:726,0
DA:733,0
DA:740,0
DA:748,0
DA:749,0
LF:141
LH:10
BRDA:9,0,0,0
BRDA:9,0,1,0
BRDA:16,1,0,0
BRDA:16,1,1,0
BRDA:16,1,2,0
BRDA:16,1,3,0
BRDA:16,1,4,0
BRDA:54,2,0,0
BRDA:54,2,1,0
BRDA:55,3,0,0
BRDA:55,3,1,0
BRDA:138,4,0,0
BRDA:138,4,1,0
BRDA:224,5,0,0
BRDA:224,5,1,0
BRDA:306,6,0,0
BRDA:306,6,1,0
BRDA:307,7,0,0
BRDA:307,7,1,0
BRDA:399,8,0,0
BRDA:399,8,1,0
BRDA:543,9,0,0
BRDA:543,9,1,0
BRDA:543,9,2,0
BRDA:543,9,3,0
BRDA:543,9,4,0
BRDA:596,10,0,0
BRDA:596,10,1,0
BRDA:651,11,0,0
BRDA:651,11,1,0
BRDA:652,12,0,0
BRDA:652,12,1,0
BRDA:653,13,0,0
BRDA:653,13,1,0
BRDA:654,14,0,0
BRDA:654,14,1,0
BRDA:655,15,0,0
BRDA:655,15,1,0
BRDA:659,16,0,0
BRDA:659,16,1,0
BRDA:660,17,0,0
BRDA:660,17,1,0
BRDA:661,18,0,0
BRDA:661,18,1,0
BRDA:662,19,0,0
BRDA:662,19,1,0
BRDA:663,20,0,0
BRDA:663,20,1,0
BRDA:664,21,0,0
BRDA:664,21,1,0
BRDA:670,22,0,0
BRDA:670,22,1,0
BRDA:670,23,0,0
BRDA:670,23,1,0
BRDA:675,24,0,0
BRDA:675,24,1,0
BRDA:676,25,0,0
BRDA:676,25,1,0
BRDA:684,26,0,0
BRDA:684,26,1,0
BRDA:743,27,0,0
BRDA:743,27,1,0
BRDA:744,28,0,0
BRDA:744,28,1,0
BRF:64
BRH:0
end_of_record
TN:
SF:src\controllers\ap.controller.js
FN:6,toNum
FN:11,(anonymous_1)
FN:59,(anonymous_2)
FN:112,(anonymous_3)
FN:172,(anonymous_4)
FN:240,(anonymous_5)
FN:341,(anonymous_6)
FN:434,(anonymous_7)
FN:459,(anonymous_8)
FN:528,(anonymous_9)
FN:533,(anonymous_10)
FN:619,(anonymous_11)
FN:657,(anonymous_12)
FN:695,(anonymous_13)
FNF:14
FNH:0
FNDA:0,toNum
FNDA:0,(anonymous_1)
FNDA:0,(anonymous_2)
FNDA:0,(anonymous_3)
FNDA:0,(anonymous_4)
FNDA:0,(anonymous_5)
FNDA:0,(anonymous_6)
FNDA:0,(anonymous_7)
FNDA:0,(anonymous_8)
FNDA:0,(anonymous_9)
FNDA:0,(anonymous_10)
FNDA:0,(anonymous_11)
FNDA:0,(anonymous_12)
FNDA:0,(anonymous_13)
DA:2,1
DA:3,1
DA:4,1
DA:7,0
DA:11,1
DA:12,0
DA:13,0
DA:14,0
DA:16,0
DA:17,0
DA:19,0
DA:20,0
DA:21,0
DA:22,0
DA:25,0
DA:26,0
DA:27,0
DA:29,0
DA:30,0
DA:31,0
DA:32,0
DA:34,0
DA:35,0
DA:36,0
DA:37,0
DA:39,0
DA:40,0
DA:41,0
DA:42,0
DA:45,0
DA:46,0
DA:48,0
DA:50,0
DA:52,0
DA:59,1
DA:60,0
DA:61,0
DA:74,0
DA:76,0
DA:77,0
DA:79,0
DA:100,0
DA:101,0
DA:105,0
DA:112,1
DA:113,0
DA:114,0
DA:115,0
DA:129,0
DA:131,0
DA:159,0
DA:160,0
DA:162,0
DA:163,0
DA:165,0
DA:172,1
DA:173,0
DA:174,0
DA:182,0
DA:183,0
DA:185,0
DA:191,0
DA:192,0
DA:194,0
DA:195,0
DA:196,0
DA:197,0
DA:199,0
DA:200,0
DA:201,0
DA:202,0
DA:204,0
DA:205,0
DA:206,0
DA:207,0
DA:209,0
DA:210,0
DA:211,0
DA:212,0
DA:215,0
DA:216,0
DA:218,0
DA:219,0
DA:224,0
DA:233,0
DA:240,1
DA:241,0
DA:242,0
DA:243,0
DA:255,0
DA:257,0
DA:258,0
DA:265,0
DA:269,0
DA:270,0
DA:272,0
DA:274,0
DA:275,0
DA:276,0
DA:278,0
DA:302,0
DA:303,0
DA:304,0
DA:325,0
DA:326,0
DA:330,0
DA:331,0
DA:332,0
DA:336,0
DA:341,1
DA:342,0
DA:343,0
DA:344,0
DA:345,0
DA:347,0
DA:349,0
DA:350,0
DA:352,0
DA:356,0
DA:357,0
DA:358,0
DA:359,0
DA:361,0
DA:363,0
DA:364,0
DA:365,0
DA:366,0
DA:367,0
DA:371,0
DA:388,0
DA:391,0
DA:392,0
DA:393,0
DA:413,0
DA:417,0
DA:418,0
DA:424,0
DA:425,0
DA:429,0
DA:434,1
DA:435,0
DA:436,0
DA:437,0
DA:451,0
DA:453,0
DA:459,1
DA:460,0
DA:461,0
DA:464,0
DA:520,0
DA:527,0
DA:528,0
DA:529,0
DA:533,0
DA:534,0
DA:535,0
DA:536,0
DA:537,0
DA:538,0
DA:539,0
DA:540,0
DA:541,0
DA:542,0
DA:543,0
DA:544,0
DA:545,0
DA:546,0
DA:547,0
DA:548,0
DA:551,0
DA:566,0
DA:567,0
DA:568,0
DA:569,0
DA:570,0
DA:571,0
DA:572,0
DA:573,0
DA:574,0
DA:575,0
DA:576,0
DA:577,0
DA:578,0
DA:579,0
DA:581,0
DA:618,0
DA:619,0
DA:620,0
DA:657,0
DA:660,0
DA:694,0
DA:696,0
DA:697,0
DA:702,0
DA:708,0
DA:709,0
LF:196
LH:11
BRDA:7,0,0,0
BRDA:7,0,1,0
BRDA:14,1,0,0
BRDA:16,2,0,0
BRDA:16,2,1,0
BRDA:16,2,2,0
BRDA:19,3,0,0
BRDA:19,3,1,0
BRDA:21,4,0,0
BRDA:21,4,1,0
BRDA:29,5,0,0
BRDA:29,5,1,0
BRDA:34,6,0,0
BRDA:34,6,1,0
BRDA:39,7,0,0
BRDA:39,7,1,0
BRDA:48,8,0,0
BRDA:48,8,1,0
BRDA:72,9,0,0
BRDA:73,10,0,0
BRDA:76,11,0,0
BRDA:76,11,1,0
BRDA:159,12,0,0
BRDA:159,12,1,0
BRDA:180,13,0,0
BRDA:181,14,0,0
BRDA:194,15,0,0
BRDA:194,15,1,0
BRDA:199,16,0,0
BRDA:199,16,1,0
BRDA:204,17,0,0
BRDA:204,17,1,0
BRDA:209,18,0,0
BRDA:209,18,1,0
BRDA:248,19,0,0
BRDA:252,20,0,0
BRDA:257,21,0,0
BRDA:257,21,1,0
BRDA:257,22,0,0
BRDA:257,22,1,0
BRDA:257,22,2,0
BRDA:257,22,3,0
BRDA:269,23,0,0
BRDA:269,23,1,0
BRDA:302,24,0,0
BRDA:302,24,1,0
BRDA:349,25,0,0
BRDA:349,25,1,0
BRDA:356,26,0,0
BRDA:356,26,1,0
BRDA:358,27,0,0
BRDA:358,27,1,0
BRDA:363,28,0,0
BRDA:363,28,1,0
BRDA:366,29,0,0
BRDA:366,29,1,0
BRDA:367,30,0,0
BRDA:367,30,1,0
BRDA:391,31,0,0
BRDA:391,31,1,0
BRDA:408,32,0,0
BRDA:408,32,1,0
BRDA:534,33,0,0
BRDA:534,33,1,0
BRDA:619,34,0,0
BRDA:619,34,1,0
BRDA:696,35,0,0
BRDA:696,35,1,0
BRF:68
BRH:0
end_of_record
TN:
SF:src\controllers\attendance.controller.js
FN:8,toInt
FN:14,calcHours
FN:22,calcLateMinutes
FN:33,calcEarlyDeparture
FN:44,determineStatus
FN:55,(anonymous_5)
FN:154,(anonymous_6)
FN:195,(anonymous_7)
FN:244,(anonymous_8)
FN:337,(anonymous_9)
FN:374,(anonymous_10)
FN:457,(anonymous_11)
FN:497,(anonymous_12)
FN:591,(anonymous_13)
FNF:14
FNH:0
FNDA:0,toInt
FNDA:0,calcHours
FNDA:0,calcLateMinutes
FNDA:0,calcEarlyDeparture
FNDA:0,determineStatus
FNDA:0,(anonymous_5)
FNDA:0,(anonymous_6)
FNDA:0,(anonymous_7)
FNDA:0,(anonymous_8)
FNDA:0,(anonymous_9)
FNDA:0,(anonymous_10)
FNDA:0,(anonymous_11)
FNDA:0,(anonymous_12)
FNDA:0,(anonymous_13)
DA:2,1
DA:3,1
DA:9,0
DA:10,0
DA:15,0
DA:16,0
DA:17,0
DA:18,0
DA:23,0
DA:24,0
DA:25,0
DA:26,0
DA:27,0
DA:28,0
DA:29,0
DA:34,0
DA:35,0
DA:36,0
DA:37,0
DA:38,0
DA:39,0
DA:40,0
DA:45,0
DA:46,0
DA:47,0
DA:48,0
DA:49,0
DA:55,1
DA:56,0
DA:57,0
DA:58,0
DA:59,0
DA:62,0
DA:63,0
DA:67,0
DA:70,0
DA:71,0
DA:74,0
DA:75,0
DA:78,0
DA:83,0
DA:84,0
DA:88,0
DA:93,0
DA:94,0
DA:96,0
DA:97,0
DA:98,0
DA:100,0
DA:102,0
DA:120,0
DA:123,0
DA:141,0
DA:144,0
DA:145,0
DA:154,1
DA:155,0
DA:156,0
DA:157,0
DA:158,0
DA:162,0
DA:165,0
DA:166,0
DA:168,0
DA:177,0
DA:178,0
DA:183,0
DA:185,0
DA:186,0
DA:195,1
DA:196,0
DA:197,0
DA:198,0
DA:199,0
DA:203,0
DA:206,0
DA:207,0
DA:209,0
DA:215,0
DA:216,0
DA:219,0
DA:220,0
DA:222,0
DA:224,0
DA:232,0
DA:234,0
DA:235,0
DA:244,1
DA:245,0
DA:246,0
DA:247,0
DA:248,0
DA:252,0
DA:255,0
DA:256,0
DA:258,0
DA:264,0
DA:265,0
DA:270,0
DA:271,0
DA:274,0
DA:275,0
DA:280,0
DA:284,0
DA:288,0
DA:295,0
DA:296,0
DA:297,0
DA:299,0
DA:325,0
DA:327,0
DA:328,0
DA:337,1
DA:338,0
DA:339,0
DA:340,0
DA:341,0
DA:345,0
DA:348,0
DA:350,0
DA:358,0
DA:359,0
DA:362,0
DA:364,0
DA:365,0
DA:374,1
DA:375,0
DA:376,0
DA:377,0
DA:378,0
DA:380,0
DA:381,0
DA:382,0
DA:383,0
DA:384,0
DA:385,0
DA:386,0
DA:387,0
DA:389,0
DA:402,0
DA:403,0
DA:405,0
DA:406,0
DA:407,0
DA:408,0
DA:409,0
DA:410,0
DA:411,0
DA:413,0
DA:414,0
DA:415,0
DA:418,0
DA:419,0
DA:420,0
DA:421,0
DA:424,0
DA:425,0
DA:426,0
DA:427,0
DA:430,0
DA:432,0
DA:433,0
DA:434,0
DA:436,0
DA:437,0
DA:438,0
DA:440,0
DA:442,0
DA:444,0
DA:445,0
DA:457,1
DA:458,0
DA:459,0
DA:460,0
DA:461,0
DA:463,0
DA:465,0
DA:482,0
DA:484,0
DA:485,0
DA:497,1
DA:498,0
DA:499,0
DA:500,0
DA:501,0
DA:503,0
DA:504,0
DA:507,0
DA:509,0
DA:510,0
DA:515,0
DA:519,0
DA:520,0
DA:522,0
DA:523,0
DA:524,0
DA:525,0
DA:526,0
DA:527,0
DA:529,0
DA:565,0
DA:579,0
DA:581,0
DA:582,0
DA:591,1
DA:592,0
DA:593,0
DA:594,0
DA:595,0
DA:597,0
DA:598,0
DA:599,0
DA:601,0
DA:625,0
DA:627,0
DA:628,0
DA:629,0
DA:632,0
DA:635,0
DA:637,0
DA:639,0
DA:640,0
LF:222
LH:11
BRDA:10,0,0,0
BRDA:10,0,1,0
BRDA:14,1,0,0
BRDA:15,2,0,0
BRDA:15,2,1,0
BRDA:15,3,0,0
BRDA:15,3,1,0
BRDA:23,4,0,0
BRDA:23,4,1,0
BRDA:29,5,0,0
BRDA:29,5,1,0
BRDA:34,6,0,0
BRDA:34,6,1,0
BRDA:40,7,0,0
BRDA:40,7,1,0
BRDA:45,8,0,0
BRDA:45,8,1,0
BRDA:46,9,0,0
BRDA:46,9,1,0
BRDA:46,10,0,0
BRDA:46,10,1,0
BRDA:48,11,0,0
BRDA:48,11,1,0
BRDA:63,12,0,0
BRDA:63,12,1,0
BRDA:64,13,0,0
BRDA:64,13,1,0
BRDA:64,13,2,0
BRDA:70,14,0,0
BRDA:70,14,1,0
BRDA:70,15,0,0
BRDA:70,15,1,0
BRDA:83,16,0,0
BRDA:83,16,1,0
BRDA:83,17,0,0
BRDA:83,17,1,0
BRDA:93,18,0,0
BRDA:93,18,1,0
BRDA:94,19,0,0
BRDA:94,19,1,0
BRDA:96,20,0,0
BRDA:96,20,1,0
BRDA:97,21,0,0
BRDA:97,21,1,0
BRDA:100,22,0,0
BRDA:100,22,1,0
BRDA:134,23,0,0
BRDA:134,23,1,0
BRDA:158,24,0,0
BRDA:158,24,1,0
BRDA:159,25,0,0
BRDA:159,25,1,0
BRDA:159,25,2,0
BRDA:177,26,0,0
BRDA:177,26,1,0
BRDA:199,27,0,0
BRDA:199,27,1,0
BRDA:200,28,0,0
BRDA:200,28,1,0
BRDA:200,28,2,0
BRDA:215,29,0,0
BRDA:215,29,1,0
BRDA:215,30,0,0
BRDA:215,30,1,0
BRDA:222,31,0,0
BRDA:222,31,1,0
BRDA:248,32,0,0
BRDA:248,32,1,0
BRDA:249,33,0,0
BRDA:249,33,1,0
BRDA:249,33,2,0
BRDA:264,34,0,0
BRDA:264,34,1,0
BRDA:264,35,0,0
BRDA:264,35,1,0
BRDA:270,36,0,0
BRDA:270,36,1,0
BRDA:278,37,0,0
BRDA:278,37,1,0
BRDA:282,38,0,0
BRDA:282,38,1,0
BRDA:286,39,0,0
BRDA:286,39,1,0
BRDA:291,40,0,0
BRDA:291,40,1,0
BRDA:292,41,0,0
BRDA:292,41,1,0
BRDA:295,42,0,0
BRDA:295,42,1,0
BRDA:341,43,0,0
BRDA:341,43,1,0
BRDA:342,44,0,0
BRDA:342,44,1,0
BRDA:342,44,2,0
BRDA:358,45,0,0
BRDA:358,45,1,0
BRDA:377,46,0,0
BRDA:377,46,1,0
BRDA:380,47,0,0
BRDA:380,47,1,0
BRDA:405,48,0,0
BRDA:405,48,1,0
BRDA:405,49,0,0
BRDA:405,49,1,0
BRDA:418,50,0,0
BRDA:418,50,1,0
BRDA:424,51,0,0
BRDA:424,51,1,0
BRDA:460,52,0,0
BRDA:460,52,1,0
BRDA:463,53,0,0
BRDA:463,53,1,0
BRDA:503,54,0,0
BRDA:503,54,1,0
BRDA:503,55,0,0
BRDA:503,55,1,0
BRDA:509,56,0,0
BRDA:509,56,1,0
BRDA:509,57,0,0
BRDA:509,57,1,0
BRDA:519,58,0,0
BRDA:519,58,1,0
BRDA:520,59,0,0
BRDA:520,59,1,0
BRDA:522,60,0,0
BRDA:522,60,1,0
BRDA:523,61,0,0
BRDA:523,61,1,0
BRDA:555,62,0,0
BRDA:555,62,1,0
BRDA:594,63,0,0
BRDA:594,63,1,0
BRDA:627,64,0,0
BRDA:627,64,1,0
BRF:134
BRH:0
end_of_record
TN:
SF:src\controllers\audit.controller.js
FN:5,(anonymous_0)
FN:61,(anonymous_1)
FNF:2
FNH:0
FNDA:0,(anonymous_0)
FNDA:0,(anonymous_1)
DA:2,0
DA:5,0
DA:6,0
DA:7,0
DA:8,0
DA:9,0
DA:10,0
DA:11,0
DA:12,0
DA:13,0
DA:15,0
DA:16,0
DA:17,0
DA:19,0
DA:20,0
DA:21,0
DA:23,0
DA:24,0
DA:25,0
DA:27,0
DA:28,0
DA:29,0
DA:32,0
DA:36,0
DA:46,0
DA:55,0
DA:56,0
DA:61,0
DA:62,0
DA:63,0
DA:64,0
DA:66,0
DA:76,0
DA:86,0
DA:93,0
DA:94,0
LF:36
LH:0
BRDA:8,0,0,0
BRDA:8,0,1,0
BRDA:9,1,0,0
BRDA:9,1,1,0
BRDA:11,2,0,0
BRDA:11,2,1,0
BRDA:12,3,0,0
BRDA:12,3,1,0
BRDA:13,4,0,0
BRDA:13,4,1,0
BRDA:19,5,0,0
BRDA:19,5,1,0
BRDA:23,6,0,0
BRDA:23,6,1,0
BRDA:27,7,0,0
BRDA:27,7,1,0
BRDA:64,8,0,0
BRDA:64,8,1,0
BRF:18
BRH:0
end_of_record
TN:
SF:src\controllers\auth.controller.js
FN:15,getTransporter
FN:26,validatePassword
FN:36,sha256
FN:40,slugifyCompany
FN:50,(anonymous_4)
FN:134,(anonymous_5)
FN:178,(anonymous_6)
FN:197,(anonymous_7)
FN:250,(anonymous_8)
FN:327,(anonymous_9)
FN:393,(anonymous_10)
FN:471,(anonymous_11)
FN:508,(anonymous_12)
FNF:13
FNH:3
FNDA:0,getTransporter
FNDA:0,validatePassword
FNDA:0,sha256
FNDA:0,slugifyCompany
FNDA:0,(anonymous_4)
FNDA:0,(anonymous_5)
FNDA:2,(anonymous_6)
FNDA:1,(anonymous_7)
FNDA:0,(anonymous_8)
FNDA:0,(anonymous_9)
FNDA:0,(anonymous_10)
FNDA:0,(anonymous_11)
FNDA:1,(anonymous_12)
DA:2,1
DA:3,1
DA:4,1
DA:5,1
DA:6,1
DA:8,1
DA:9,1
DA:10,1
DA:12,1
DA:16,0
DA:27,0
DA:28,0
DA:29,0
DA:30,0
DA:31,0
DA:32,0
DA:33,0
DA:37,0
DA:41,0
DA:50,1
DA:51,0
DA:53,0
DA:54,0
DA:57,0
DA:58,0
DA:59,0
DA:60,0
DA:61,0
DA:62,0
DA:66,0
DA:67,0
DA:68,0
DA:72,0
DA:73,0
DA:83,0
DA:84,0
DA:88,0
DA:89,0
DA:90,0
DA:95,0
DA:96,0
DA:99,0
DA:100,0
DA:106,0
DA:109,0
DA:110,0
DA:114,0
DA:115,0
DA:117,0
DA:119,0
DA:135,0
DA:136,0
DA:152,0
DA:153,0
DA:157,0
DA:161,0
DA:163,0
DA:169,0
DA:170,0
DA:171,0
DA:178,1
DA:179,2
DA:180,2
DA:181,1
DA:182,1
DA:184,1
DA:185,1
DA:193,1
DA:194,1
DA:195,1
DA:197,1
DA:199,1
DA:200,1
DA:202,0
DA:214,0
DA:215,0
DA:216,0
DA:220,0
DA:221,0
DA:227,0
DA:233,0
DA:244,0
DA:245,0
DA:250,1
DA:251,0
DA:252,0
DA:253,0
DA:255,0
DA:256,0
DA:262,0
DA:263,0
DA:267,0
DA:270,0
DA:276,0
DA:277,0
DA:279,0
DA:285,0
DA:288,0
DA:289,0
DA:290,0
DA:291,0
DA:306,0
DA:311,0
DA:312,0
DA:315,0
DA:319,0
DA:320,0
DA:327,1
DA:328,0
DA:330,0
DA:331,0
DA:333,0
DA:334,0
DA:335,0
DA:339,0
DA:341,0
DA:342,0
DA:350,0
DA:351,0
DA:353,0
DA:355,0
DA:356,0
DA:360,0
DA:361,0
DA:367,0
DA:369,0
DA:370,0
DA:374,0
DA:378,0
DA:380,0
DA:384,0
DA:385,0
DA:386,0
DA:393,1
DA:394,0
DA:396,0
DA:397,0
DA:398,0
DA:399,0
DA:403,0
DA:404,0
DA:405,0
DA:409,0
DA:411,0
DA:412,0
DA:413,0
DA:417,0
DA:418,0
DA:419,0
DA:422,0
DA:423,0
DA:424,0
DA:425,0
DA:427,0
DA:428,0
DA:429,0
DA:432,0
DA:436,0
DA:437,0
DA:438,0
DA:439,0
DA:444,0
DA:448,0
DA:449,0
DA:450,0
DA:453,0
DA:454,0
DA:458,0
DA:461,0
DA:462,0
DA:464,0
DA:465,0
DA:466,0
DA:471,1
DA:472,0
DA:473,0
DA:475,0
DA:476,0
DA:484,0
DA:485,0
DA:486,0
DA:487,0
DA:488,0
DA:491,0
DA:492,0
DA:494,0
DA:502,0
DA:506,1
DA:508,1
DA:509,1
DA:510,1
DA:511,0
DA:512,0
DA:516,0
DA:517,0
DA:518,0
DA:523,0
DA:525,0
DA:526,0
LF:199
LH:31
BRDA:8,0,0,1
BRDA:8,0,1,0
BRDA:9,1,0,1
BRDA:9,1,1,1
BRDA:12,2,0,1
BRDA:12,2,1,1
BRDA:28,3,0,0
BRDA:28,3,1,0
BRDA:28,4,0,0
BRDA:28,4,1,0
BRDA:29,5,0,0
BRDA:29,5,1,0
BRDA:30,6,0,0
BRDA:30,6,1,0
BRDA:31,7,0,0
BRDA:31,7,1,0
BRDA:53,8,0,0
BRDA:53,8,1,0
BRDA:53,9,0,0
BRDA:53,9,1,0
BRDA:57,10,0,0
BRDA:57,10,1,0
BRDA:57,11,0,0
BRDA:57,11,1,0
BRDA:59,12,0,0
BRDA:59,12,1,0
BRDA:59,13,0,0
BRDA:59,13,1,0
BRDA:61,14,0,0
BRDA:61,14,1,0
BRDA:61,15,0,0
BRDA:61,15,1,0
BRDA:67,16,0,0
BRDA:67,16,1,0
BRDA:83,17,0,0
BRDA:83,17,1,0
BRDA:89,18,0,0
BRDA:89,18,1,0
BRDA:95,19,0,0
BRDA:95,19,1,0
BRDA:99,20,0,0
BRDA:99,20,1,0
BRDA:99,21,0,0
BRDA:99,21,1,0
BRDA:109,22,0,0
BRDA:109,22,1,0
BRDA:180,23,0,1
BRDA:180,23,1,1
BRDA:180,24,0,2
BRDA:180,24,1,1
BRDA:182,25,0,0
BRDA:182,25,1,1
BRDA:195,26,0,0
BRDA:195,26,1,1
BRDA:199,27,0,1
BRDA:199,27,1,0
BRDA:199,28,0,1
BRDA:199,28,1,0
BRDA:224,29,0,0
BRDA:224,29,1,0
BRDA:230,30,0,0
BRDA:230,30,1,0
BRDA:252,31,0,0
BRDA:252,31,1,0
BRDA:252,32,0,0
BRDA:252,32,1,0
BRDA:262,33,0,0
BRDA:262,33,1,0
BRDA:288,34,0,0
BRDA:288,34,1,0
BRDA:288,35,0,0
BRDA:288,35,1,0
BRDA:330,36,0,0
BRDA:330,36,1,0
BRDA:330,37,0,0
BRDA:330,37,1,0
BRDA:334,38,0,0
BRDA:334,38,1,0
BRDA:350,39,0,0
BRDA:350,39,1,0
BRDA:355,40,0,0
BRDA:355,40,1,0
BRDA:360,41,0,0
BRDA:360,41,1,0
BRDA:396,42,0,0
BRDA:396,42,1,0
BRDA:396,43,0,0
BRDA:396,43,1,0
BRDA:398,44,0,0
BRDA:398,44,1,0
BRDA:398,45,0,0
BRDA:398,45,1,0
BRDA:404,46,0,0
BRDA:404,46,1,0
BRDA:417,47,0,0
BRDA:417,47,1,0
BRDA:423,48,0,0
BRDA:423,48,1,0
BRDA:427,49,0,0
BRDA:427,49,1,0
BRDA:437,50,0,0
BRDA:437,50,1,0
BRDA:437,51,0,0
BRDA:437,51,1,0
BRDA:448,52,0,0
BRDA:448,52,1,0
BRDA:473,53,0,0
BRDA:473,53,1,0
BRDA:484,54,0,0
BRDA:484,54,1,0
BRDA:487,55,0,0
BRDA:487,55,1,0
BRDA:487,56,0,0
BRDA:487,56,1,0
BRDA:491,57,0,0
BRDA:491,57,1,0
BRDA:491,58,0,0
BRDA:491,58,1,0
BRDA:510,59,0,1
BRDA:510,59,1,0
BRDA:516,60,0,0
BRDA:516,60,1,0
BRF:122
BRH:14
end_of_record
TN:
SF:src\controllers\companies.controller.js
FN:4,slugify
FN:13,(anonymous_1)
FN:43,(anonymous_2)
FNF:3
FNH:0
FNDA:0,slugify
FNDA:0,(anonymous_1)
FNDA:0,(anonymous_2)
DA:1,1
DA:5,0
DA:13,1
DA:14,0
DA:16,0
DA:17,0
DA:20,0
DA:22,0
DA:24,0
DA:25,0
DA:32,0
DA:35,0
DA:36,0
DA:38,0
DA:39,0
DA:43,1
DA:44,0
DA:45,0
DA:46,0
DA:53,0
DA:54,0
DA:57,0
DA:59,0
DA:60,0
LF:24
LH:3
BRDA:16,0,0,0
BRDA:16,0,1,0
BRDA:16,1,0,0
BRDA:16,1,1,0
BRDA:16,1,2,0
BRDA:22,2,0,0
BRDA:22,2,1,0
BRDA:22,3,0,0
BRDA:22,3,1,0
BRDA:35,4,0,0
BRDA:35,4,1,0
BRDA:53,5,0,0
BRDA:53,5,1,0
BRF:13
BRH:0
end_of_record
TN:
SF:src\controllers\emp201.controller.js
FN:7,toInt
FN:12,formatTaxPeriod
FN:16,calculateDueDate
FN:27,(anonymous_3)
FN:67,(anonymous_4)
FN:114,(anonymous_5)
FN:160,(anonymous_6)
FN:218,(anonymous_7)
FN:269,(anonymous_8)
FN:325,(anonymous_9)
FN:387,(anonymous_10)
FN:420,(anonymous_11)
FNF:12
FNH:0
FNDA:0,toInt
FNDA:0,formatTaxPeriod
FNDA:0,calculateDueDate
FNDA:0,(anonymous_3)
FNDA:0,(anonymous_4)
FNDA:0,(anonymous_5)
FNDA:0,(anonymous_6)
FNDA:0,(anonymous_7)
FNDA:0,(anonymous_8)
FNDA:0,(anonymous_9)
FNDA:0,(anonymous_10)
FNDA:0,(anonymous_11)
DA:2,1
DA:8,0
DA:9,0
DA:13,0
DA:18,0
DA:19,0
DA:20,0
DA:27,1
DA:28,0
DA:29,0
DA:30,0
DA:32,0
DA:33,0
DA:37,0
DA:42,0
DA:45,0
DA:50,0
DA:55,0
DA:56,0
DA:67,1
DA:68,0
DA:69,0
DA:70,0
DA:71,0
DA:73,0
DA:89,0
DA:91,0
DA:92,0
DA:93,0
DA:96,0
DA:98,0
DA:100,0
DA:102,0
DA:103,0
DA:114,1
DA:115,0
DA:116,0
DA:117,0
DA:119,0
DA:120,0
DA:124,0
DA:133,0
DA:134,0
DA:138,0
DA:143,0
DA:148,0
DA:149,0
DA:160,1
DA:161,0
DA:162,0
DA:163,0
DA:164,0
DA:166,0
DA:167,0
DA:171,0
DA:178,0
DA:179,0
DA:182,0
DA:185,0
DA:187,0
DA:192,0
DA:204,0
DA:206,0
DA:207,0
DA:218,1
DA:219,0
DA:220,0
DA:221,0
DA:222,0
DA:224,0
DA:225,0
DA:228,0
DA:248,0
DA:249,0
DA:252,0
DA:257,0
DA:258,0
DA:269,1
DA:270,0
DA:271,0
DA:272,0
DA:273,0
DA:275,0
DA:276,0
DA:279,0
DA:280,0
DA:285,0
DA:304,0
DA:305,0
DA:308,0
DA:313,0
DA:314,0
DA:325,1
DA:326,0
DA:327,0
DA:328,0
DA:330,0
DA:331,0
DA:335,0
DA:340,0
DA:341,0
DA:344,0
DA:347,0
DA:368,0
DA:369,0
DA:373,0
DA:375,0
DA:376,0
DA:387,1
DA:388,0
DA:389,0
DA:390,0
DA:392,0
DA:406,0
DA:408,0
DA:409,0
DA:420,1
DA:421,0
DA:422,0
DA:424,0
DA:431,0
DA:433,0
DA:434,0
LF:123
LH:10
BRDA:9,0,0,0
BRDA:9,0,1,0
BRDA:18,1,0,0
BRDA:18,1,1,0
BRDA:19,2,0,0
BRDA:19,2,1,0
BRDA:32,3,0,0
BRDA:32,3,1,0
BRDA:32,4,0,0
BRDA:32,4,1,0
BRDA:70,5,0,0
BRDA:70,5,1,0
BRDA:91,6,0,0
BRDA:91,6,1,0
BRDA:119,7,0,0
BRDA:119,7,1,0
BRDA:133,8,0,0
BRDA:133,8,1,0
BRDA:166,9,0,0
BRDA:166,9,1,0
BRDA:178,10,0,0
BRDA:178,10,1,0
BRDA:185,11,0,0
BRDA:185,11,1,0
BRDA:224,12,0,0
BRDA:224,12,1,0
BRDA:248,13,0,0
BRDA:248,13,1,0
BRDA:275,14,0,0
BRDA:275,14,1,0
BRDA:279,15,0,0
BRDA:279,15,1,0
BRDA:279,16,0,0
BRDA:279,16,1,0
BRDA:304,17,0,0
BRDA:304,17,1,0
BRDA:330,18,0,0
BRDA:330,18,1,0
BRDA:340,19,0,0
BRDA:340,19,1,0
BRDA:390,20,0,0
BRDA:390,20,1,0
BRDA:422,21,0,0
BRDA:422,21,1,0
BRF:44
BRH:0
end_of_record
TN:
SF:src\controllers\employee-auth.controller.js
FN:10,sha256
FN:15,(anonymous_1)
FN:36,(anonymous_2)
FN:85,(anonymous_3)
FN:109,(anonymous_4)
FN:139,(anonymous_5)
FN:175,(anonymous_6)
FNF:7
FNH:0
FNDA:0,sha256
FNDA:0,(anonymous_1)
FNDA:0,(anonymous_2)
FNDA:0,(anonymous_3)
FNDA:0,(anonymous_4)
FNDA:0,(anonymous_5)
FNDA:0,(anonymous_6)
DA:2,1
DA:3,1
DA:4,1
DA:5,1
DA:7,1
DA:8,1
DA:11,0
DA:15,1
DA:16,0
DA:17,0
DA:18,0
DA:19,0
DA:21,0
DA:22,0
DA:32,0
DA:33,0
DA:34,0
DA:36,0
DA:38,0
DA:39,0
DA:41,0
DA:42,0
DA:50,0
DA:55,0
DA:66,0
DA:79,0
DA:80,0
DA:85,1
DA:86,0
DA:87,0
DA:96,0
DA:97,0
DA:98,0
DA:99,0
DA:104,0
DA:109,1
DA:110,0
DA:111,0
DA:112,0
DA:113,0
DA:114,0
DA:118,0
DA:119,0
DA:120,0
DA:126,0
DA:127,0
DA:129,0
DA:134,0
DA:139,1
DA:140,0
DA:141,0
DA:142,0
DA:145,0
DA:146,0
DA:150,0
DA:151,0
DA:155,0
DA:156,0
DA:157,0
DA:159,0
DA:160,0
DA:161,0
DA:163,0
DA:164,0
DA:168,0
DA:170,0
DA:175,1
DA:176,0
DA:177,0
DA:178,0
DA:182,0
DA:186,0
LF:72
LH:11
BRDA:7,0,0,1
BRDA:7,0,1,0
BRDA:17,1,0,0
BRDA:17,1,1,0
BRDA:17,2,0,0
BRDA:17,2,1,0
BRDA:19,3,0,0
BRDA:19,3,1,0
BRDA:34,4,0,0
BRDA:34,4,1,0
BRDA:38,5,0,0
BRDA:38,5,1,0
BRDA:38,6,0,0
BRDA:38,6,1,0
BRDA:41,7,0,0
BRDA:41,7,1,0
BRDA:96,8,0,0
BRDA:96,8,1,0
BRDA:111,9,0,0
BRDA:111,9,1,0
BRDA:111,10,0,0
BRDA:111,10,1,0
BRDA:113,11,0,0
BRDA:113,11,1,0
BRDA:126,12,0,0
BRDA:126,12,1,0
BRDA:141,13,0,0
BRDA:141,13,1,0
BRDA:141,14,0,0
BRDA:141,14,1,0
BRDA:145,15,0,0
BRDA:145,15,1,0
BRDA:156,16,0,0
BRDA:156,16,1,0
BRDA:160,17,0,0
BRDA:160,17,1,0
BRDA:183,18,0,0
BRDA:183,18,1,0
BRF:38
BRH:1
end_of_record
TN:
SF:src\controllers\employee-portal.controller.js
FN:7,(anonymous_0)
FN:17,(anonymous_1)
FN:34,(anonymous_2)
FN:53,(anonymous_3)
FN:71,(anonymous_4)
FN:95,(anonymous_5)
FN:106,(anonymous_6)
FN:115,(anonymous_7)
FN:127,(anonymous_8)
FN:157,(anonymous_9)
FN:177,(anonymous_10)
FN:191,(anonymous_11)
FN:201,(anonymous_12)
FNF:13
FNH:0
FNDA:0,(anonymous_0)
FNDA:0,(anonymous_1)
FNDA:0,(anonymous_2)
FNDA:0,(anonymous_3)
FNDA:0,(anonymous_4)
FNDA:0,(anonymous_5)
FNDA:0,(anonymous_6)
FNDA:0,(anonymous_7)
FNDA:0,(anonymous_8)
FNDA:0,(anonymous_9)
FNDA:0,(anonymous_10)
FNDA:0,(anonymous_11)
FNDA:0,(anonymous_12)
DA:2,1
DA:3,1
DA:7,1
DA:8,0
DA:14,0
DA:17,1
DA:18,0
DA:23,0
DA:24,0
DA:26,0
DA:31,0
DA:34,1
DA:35,0
DA:40,0
DA:41,0
DA:43,0
DA:50,0
DA:53,1
DA:54,0
DA:59,0
DA:60,0
DA:62,0
DA:68,0
DA:71,1
DA:72,0
DA:78,0
DA:79,0
DA:81,0
DA:90,0
DA:95,1
DA:96,0
DA:103,0
DA:106,1
DA:107,0
DA:112,0
DA:115,1
DA:116,0
DA:124,0
DA:127,1
DA:128,0
DA:129,0
DA:130,0
DA:135,0
DA:137,0
DA:138,0
DA:140,0
DA:154,0
DA:157,1
DA:158,0
DA:159,0
DA:161,0
DA:167,0
DA:168,0
DA:172,0
DA:177,1
DA:178,0
DA:186,0
DA:191,1
DA:192,0
DA:199,0
DA:201,1
DA:202,0
DA:203,0
DA:207,0
DA:208,0
DA:209,0
LF:66
LH:15
BRDA:14,0,0,0
BRDA:14,0,1,0
BRDA:23,1,0,0
BRDA:23,1,1,0
BRDA:40,2,0,0
BRDA:40,2,1,0
BRDA:59,3,0,0
BRDA:59,3,1,0
BRDA:78,4,0,0
BRDA:78,4,1,0
BRDA:129,5,0,0
BRDA:129,5,1,0
BRDA:129,6,0,0
BRDA:129,6,1,0
BRDA:129,6,2,0
BRDA:137,7,0,0
BRDA:137,7,1,0
BRDA:151,8,0,0
BRDA:151,8,1,0
BRDA:159,9,0,0
BRDA:159,9,1,0
BRDA:167,10,0,0
BRDA:167,10,1,0
BRDA:207,11,0,0
BRDA:207,11,1,0
BRF:25
BRH:0
end_of_record
TN:
SF:src\controllers\employees.controller.js
FN:6,toInt
FN:11,toBoolActive
FN:17,cleanStr
FN:21,clamp
FN:25,fetchEmployeesForExport
FN:71,(anonymous_5)
FN:140,(anonymous_6)
FN:166,(anonymous_7)
FN:224,(anonymous_8)
FN:291,(anonymous_9)
FN:316,(anonymous_10)
FN:343,(anonymous_11)
FN:401,(anonymous_12)
FN:433,(anonymous_13)
FN:472,(anonymous_14)
FN:493,(anonymous_15)
FN:506,(anonymous_16)
FNF:17
FNH:0
FNDA:0,toInt
FNDA:0,toBoolActive
FNDA:0,cleanStr
FNDA:0,clamp
FNDA:0,fetchEmployeesForExport
FNDA:0,(anonymous_5)
FNDA:0,(anonymous_6)
FNDA:0,(anonymous_7)
FNDA:0,(anonymous_8)
FNDA:0,(anonymous_9)
FNDA:0,(anonymous_10)
FNDA:0,(anonymous_11)
FNDA:0,(anonymous_12)
FNDA:0,(anonymous_13)
FNDA:0,(anonymous_14)
FNDA:0,(anonymous_15)
FNDA:0,(anonymous_16)
DA:1,1
DA:2,1
DA:3,1
DA:7,0
DA:8,0
DA:13,0
DA:14,0
DA:18,0
DA:22,0
DA:26,0
DA:28,0
DA:29,0
DA:30,0
DA:31,0
DA:33,0
DA:34,0
DA:35,0
DA:37,0
DA:38,0
DA:39,0
DA:42,0
DA:45,0
DA:46,0
DA:47,0
DA:48,0
DA:51,0
DA:52,0
DA:53,0
DA:54,0
DA:57,0
DA:67,0
DA:71,1
DA:72,0
DA:73,0
DA:75,0
DA:76,0
DA:77,0
DA:79,0
DA:80,0
DA:81,0
DA:82,0
DA:84,0
DA:85,0
DA:86,0
DA:88,0
DA:89,0
DA:90,0
DA:93,0
DA:96,0
DA:97,0
DA:98,0
DA:99,0
DA:102,0
DA:103,0
DA:104,0
DA:105,0
DA:108,0
DA:114,0
DA:116,0
DA:127,0
DA:135,0
DA:136,0
DA:140,1
DA:141,0
DA:142,0
DA:143,0
DA:144,0
DA:146,0
DA:155,0
DA:156,0
DA:159,0
DA:161,0
DA:162,0
DA:166,1
DA:167,0
DA:168,0
DA:170,0
DA:171,0
DA:172,0
DA:173,0
DA:174,0
DA:175,0
DA:176,0
DA:178,0
DA:179,0
DA:182,0
DA:183,0
DA:186,0
DA:187,0
DA:188,0
DA:189,0
DA:190,0
DA:191,0
DA:192,0
DA:196,0
DA:214,0
DA:216,0
DA:217,0
DA:218,0
DA:220,0
DA:224,1
DA:225,0
DA:226,0
DA:227,0
DA:228,0
DA:230,0
DA:231,0
DA:232,0
DA:233,0
DA:234,0
DA:236,0
DA:238,0
DA:240,0
DA:241,0
DA:244,0
DA:245,0
DA:248,0
DA:249,0
DA:250,0
DA:251,0
DA:256,0
DA:277,0
DA:278,0
DA:281,0
DA:283,0
DA:284,0
DA:285,0
DA:287,0
DA:291,1
DA:292,0
DA:293,0
DA:294,0
DA:295,0
DA:297,0
DA:305,0
DA:306,0
DA:309,0
DA:311,0
DA:312,0
DA:316,1
DA:317,0
DA:318,0
DA:319,0
DA:320,0
DA:322,0
DA:332,0
DA:333,0
DA:336,0
DA:338,0
DA:339,0
DA:343,1
DA:344,0
DA:345,0
DA:346,0
DA:347,0
DA:349,0
DA:350,0
DA:351,0
DA:356,0
DA:359,0
DA:366,0
DA:367,0
DA:368,0
DA:371,0
DA:374,0
DA:385,0
DA:391,0
DA:392,0
DA:394,0
DA:395,0
DA:396,0
DA:401,1
DA:402,0
DA:403,0
DA:405,0
DA:418,0
DA:419,0
DA:421,0
DA:422,0
DA:426,0
DA:428,0
DA:429,0
DA:433,1
DA:434,0
DA:435,0
DA:437,0
DA:438,0
DA:440,0
DA:453,0
DA:454,0
DA:456,0
DA:460,0
DA:465,0
DA:466,0
DA:468,0
DA:469,0
DA:472,1
DA:473,0
DA:474,0
DA:475,0
DA:476,0
DA:478,0
DA:486,0
DA:488,0
DA:489,0
DA:493,1
DA:494,0
DA:495,0
DA:496,0
DA:506,0
DA:507,0
DA:509,0
LF:212
LH:14
BRDA:8,0,0,0
BRDA:8,0,1,0
BRDA:13,1,0,0
BRDA:13,1,1,0
BRDA:18,2,0,0
BRDA:18,2,1,0
BRDA:37,3,0,0
BRDA:37,3,1,0
BRDA:45,4,0,0
BRDA:45,4,1,0
BRDA:51,5,0,0
BRDA:51,5,1,0
BRDA:88,6,0,0
BRDA:88,6,1,0
BRDA:96,7,0,0
BRDA:96,7,1,0
BRDA:102,8,0,0
BRDA:102,8,1,0
BRDA:114,9,0,0
BRDA:114,9,1,0
BRDA:144,10,0,0
BRDA:144,10,1,0
BRDA:155,11,0,0
BRDA:155,11,1,0
BRDA:175,12,0,0
BRDA:175,12,1,0
BRDA:178,13,0,0
BRDA:178,13,1,0
BRDA:182,14,0,0
BRDA:182,14,1,0
BRDA:186,15,0,0
BRDA:186,15,1,0
BRDA:188,16,0,0
BRDA:188,16,1,0
BRDA:190,17,0,0
BRDA:190,17,1,0
BRDA:191,18,0,0
BRDA:191,18,1,0
BRDA:191,19,0,0
BRDA:191,19,1,0
BRDA:217,20,0,0
BRDA:217,20,1,0
BRDA:228,21,0,0
BRDA:228,21,1,0
BRDA:236,22,0,0
BRDA:236,22,1,0
BRDA:238,23,0,0
BRDA:238,23,1,0
BRDA:240,24,0,0
BRDA:240,24,1,0
BRDA:240,25,0,0
BRDA:240,25,1,0
BRDA:244,26,0,0
BRDA:244,26,1,0
BRDA:244,27,0,0
BRDA:244,27,1,0
BRDA:248,28,0,0
BRDA:248,28,1,0
BRDA:248,29,0,0
BRDA:248,29,1,0
BRDA:250,30,0,0
BRDA:250,30,1,0
BRDA:250,31,0,0
BRDA:250,31,1,0
BRDA:250,31,2,0
BRDA:277,32,0,0
BRDA:277,32,1,0
BRDA:284,33,0,0
BRDA:284,33,1,0
BRDA:295,34,0,0
BRDA:295,34,1,0
BRDA:305,35,0,0
BRDA:305,35,1,0
BRDA:320,36,0,0
BRDA:320,36,1,0
BRDA:332,37,0,0
BRDA:332,37,1,0
BRDA:347,38,0,0
BRDA:347,38,1,0
BRDA:350,39,0,0
BRDA:350,39,1,0
BRDA:350,40,0,0
BRDA:350,40,1,0
BRDA:366,41,0,0
BRDA:366,41,1,0
BRDA:476,42,0,0
BRDA:476,42,1,0
BRF:87
BRH:0
end_of_record
TN:
SF:src\controllers\invites.controller.js
FN:4,sha256
FN:8,(anonymous_1)
FNF:2
FNH:0
FNDA:0,sha256
FNDA:0,(anonymous_1)
DA:1,1
DA:2,1
DA:5,0
DA:8,1
DA:9,0
DA:11,0
DA:12,0
DA:15,0
DA:17,0
DA:20,0
DA:21,0
DA:24,0
DA:26,0
DA:28,0
DA:32,0
DA:33,0
DA:38,0
DA:51,0
DA:65,0
DA:66,0
LF:20
LH:3
BRDA:11,0,0,0
BRDA:11,0,1,0
BRDA:11,1,0,0
BRDA:11,1,1,0
BRDA:11,1,2,0
BRDA:17,2,0,0
BRDA:17,2,1,0
BRDA:17,3,0,0
BRDA:17,3,1,0
BRDA:32,4,0,0
BRDA:32,4,1,0
BRF:11
BRH:0
end_of_record
TN:
SF:src\controllers\invoices.controller.js
FN:6,toNum
FN:10,generateInvoiceNumber
FN:16,recalcInvoice
FN:31,(anonymous_3)
FN:95,(anonymous_4)
FN:136,(anonymous_5)
FN:234,(anonymous_6)
FN:307,(anonymous_7)
FN:340,(anonymous_8)
FN:367,(anonymous_9)
FN:547,(anonymous_10)
FN:567,(anonymous_11)
FN:593,(anonymous_12)
FN:661,(anonymous_13)
FN:672,(anonymous_14)
FN:760,(anonymous_15)
FN:801,(anonymous_16)
FN:839,(anonymous_17)
FNF:18
FNH:0
FNDA:0,toNum
FNDA:0,generateInvoiceNumber
FNDA:0,recalcInvoice
FNDA:0,(anonymous_3)
FNDA:0,(anonymous_4)
FNDA:0,(anonymous_5)
FNDA:0,(anonymous_6)
FNDA:0,(anonymous_7)
FNDA:0,(anonymous_8)
FNDA:0,(anonymous_9)
FNDA:0,(anonymous_10)
FNDA:0,(anonymous_11)
FNDA:0,(anonymous_12)
FNDA:0,(anonymous_13)
FNDA:0,(anonymous_14)
FNDA:0,(anonymous_15)
FNDA:0,(anonymous_16)
FNDA:0,(anonymous_17)
DA:2,1
DA:3,1
DA:4,1
DA:7,0
DA:11,0
DA:12,0
DA:13,0
DA:17,0
DA:31,1
DA:32,0
DA:33,0
DA:34,0
DA:35,0
DA:37,0
DA:38,0
DA:40,0
DA:46,0
DA:47,0
DA:49,0
DA:50,0
DA:51,0
DA:52,0
DA:54,0
DA:55,0
DA:56,0
DA:57,0
DA:59,0
DA:60,0
DA:61,0
DA:62,0
DA:64,0
DA:65,0
DA:66,0
DA:67,0
DA:70,0
DA:71,0
DA:73,0
DA:74,0
DA:79,0
DA:88,0
DA:95,1
DA:96,0
DA:97,0
DA:98,0
DA:100,0
DA:107,0
DA:108,0
DA:110,0
DA:118,0
DA:123,0
DA:129,0
DA:136,1
DA:137,0
DA:138,0
DA:139,0
DA:153,0
DA:155,0
DA:156,0
DA:158,0
DA:160,0
DA:162,0
DA:186,0
DA:188,0
DA:189,0
DA:190,0
DA:191,0
DA:192,0
DA:193,0
DA:195,0
DA:213,0
DA:214,0
DA:217,0
DA:219,0
DA:223,0
DA:224,0
DA:225,0
DA:229,0
DA:234,1
DA:235,0
DA:236,0
DA:237,0
DA:238,0
DA:246,0
DA:248,0
DA:249,0
DA:253,0
DA:257,0
DA:258,0
DA:259,0
DA:260,0
DA:262,0
DA:264,0
DA:265,0
DA:266,0
DA:267,0
DA:268,0
DA:270,0
DA:287,0
DA:288,0
DA:292,0
DA:293,0
DA:297,0
DA:298,0
DA:302,0
DA:307,1
DA:308,0
DA:309,0
DA:310,0
DA:311,0
DA:313,0
DA:317,0
DA:318,0
DA:320,0
DA:321,0
DA:325,0
DA:326,0
DA:328,0
DA:330,0
DA:331,0
DA:335,0
DA:340,1
DA:341,0
DA:342,0
DA:343,0
DA:344,0
DA:346,0
DA:347,0
DA:348,0
DA:350,0
DA:355,0
DA:356,0
DA:358,0
DA:360,0
DA:367,1
DA:368,0
DA:369,0
DA:370,0
DA:371,0
DA:372,0
DA:374,0
DA:375,0
DA:379,0
DA:383,0
DA:384,0
DA:385,0
DA:386,0
DA:388,0
DA:391,0
DA:408,0
DA:409,0
DA:411,0
DA:416,0
DA:418,0
DA:425,0
DA:428,0
DA:429,0
DA:430,0
DA:453,0
DA:454,0
DA:462,0
DA:463,0
DA:464,0
DA:465,0
DA:466,0
DA:468,0
DA:469,0
DA:470,0
DA:471,0
DA:472,0
DA:473,0
DA:478,0
DA:479,0
DA:480,0
DA:481,0
DA:484,0
DA:487,0
DA:491,0
DA:524,0
DA:528,0
DA:529,0
DA:536,0
DA:537,0
DA:538,0
DA:542,0
DA:547,1
DA:548,0
DA:549,0
DA:550,0
DA:551,0
DA:553,0
DA:557,0
DA:558,0
DA:560,0
DA:567,1
DA:568,0
DA:569,0
DA:570,0
DA:585,0
DA:587,0
DA:593,1
DA:594,0
DA:595,0
DA:598,0
DA:653,0
DA:660,0
DA:661,0
DA:662,0
DA:672,0
DA:673,0
DA:674,0
DA:675,0
DA:676,0
DA:677,0
DA:678,0
DA:679,0
DA:680,0
DA:681,0
DA:682,0
DA:683,0
DA:684,0
DA:685,0
DA:686,0
DA:687,0
DA:690,0
DA:706,0
DA:707,0
DA:708,0
DA:709,0
DA:710,0
DA:711,0
DA:712,0
DA:713,0
DA:714,0
DA:715,0
DA:716,0
DA:717,0
DA:718,0
DA:719,0
DA:721,0
DA:759,0
DA:760,0
DA:761,0
DA:778,0
DA:801,0
DA:804,0
DA:838,0
DA:840,0
DA:841,0
DA:846,0
DA:852,0
DA:853,0
LF:251
LH:13
BRDA:7,0,0,0
BRDA:7,0,1,0
BRDA:34,1,0,0
BRDA:34,1,1,0
BRDA:37,2,0,0
BRDA:37,3,0,0
BRDA:49,4,0,0
BRDA:49,4,1,0
BRDA:54,5,0,0
BRDA:54,5,1,0
BRDA:59,6,0,0
BRDA:59,6,1,0
BRDA:64,7,0,0
BRDA:64,7,1,0
BRDA:107,8,0,0
BRDA:107,8,1,0
BRDA:145,9,0,0
BRDA:152,10,0,0
BRDA:155,11,0,0
BRDA:155,11,1,0
BRDA:176,12,0,0
BRDA:176,12,1,0
BRDA:180,13,0,0
BRDA:180,13,1,0
BRDA:189,14,0,0
BRDA:189,14,1,0
BRDA:191,15,0,0
BRDA:191,15,1,0
BRDA:201,16,0,0
BRDA:201,16,1,0
BRDA:208,17,0,0
BRDA:208,17,1,0
BRDA:242,18,0,0
BRDA:248,19,0,0
BRDA:248,19,1,0
BRDA:248,20,0,0
BRDA:248,20,1,0
BRDA:257,21,0,0
BRDA:257,21,1,0
BRDA:259,22,0,0
BRDA:259,22,1,0
BRDA:266,23,0,0
BRDA:266,23,1,0
BRDA:276,24,0,0
BRDA:276,24,1,0
BRDA:283,25,0,0
BRDA:283,25,1,0
BRDA:317,26,0,0
BRDA:317,26,1,0
BRDA:347,27,0,0
BRDA:347,27,1,0
BRDA:355,28,0,0
BRDA:355,28,1,0
BRDA:374,29,0,0
BRDA:374,29,1,0
BRDA:374,30,0,0
BRDA:374,30,1,0
BRDA:383,31,0,0
BRDA:383,31,1,0
BRDA:385,32,0,0
BRDA:385,32,1,0
BRDA:399,33,0,0
BRDA:399,33,1,0
BRDA:411,34,0,0
BRDA:411,34,1,0
BRDA:413,35,0,0
BRDA:413,35,1,0
BRDA:428,36,0,0
BRDA:428,36,1,0
BRDA:429,37,0,0
BRDA:429,37,1,0
BRDA:468,38,0,0
BRDA:468,38,1,0
BRDA:471,39,0,0
BRDA:471,39,1,0
BRDA:472,40,0,0
BRDA:472,40,1,0
BRDA:473,41,0,0
BRDA:473,41,1,0
BRDA:474,42,0,0
BRDA:474,42,1,0
BRDA:474,42,2,0
BRDA:479,43,0,0
BRDA:479,43,1,0
BRDA:480,44,0,0
BRDA:480,44,1,0
BRDA:487,45,0,0
BRDA:487,45,1,0
BRDA:511,46,0,0
BRDA:511,46,1,0
BRDA:551,47,0,0
BRDA:551,47,1,0
BRDA:673,48,0,0
BRDA:673,48,1,0
BRDA:760,49,0,0
BRDA:760,49,1,0
BRDA:840,50,0,0
BRDA:840,50,1,0
BRF:98
BRH:0
end_of_record
TN:
SF:src\controllers\irp5.controller.js
FN:4,toInt
FN:9,formatMoney
FN:16,getTaxYearLabel
FN:23,(anonymous_3)
FN:55,(anonymous_4)
FN:81,(anonymous_5)
FN:111,(anonymous_6)
FN:134,(anonymous_7)
FN:164,(anonymous_8)
FN:226,(anonymous_9)
FNF:10
FNH:0
FNDA:0,toInt
FNDA:0,formatMoney
FNDA:0,getTaxYearLabel
FNDA:0,(anonymous_3)
FNDA:0,(anonymous_4)
FNDA:0,(anonymous_5)
FNDA:0,(anonymous_6)
FNDA:0,(anonymous_7)
FNDA:0,(anonymous_8)
FNDA:0,(anonymous_9)
DA:2,1
DA:5,0
DA:6,0
DA:10,0
DA:17,0
DA:23,1
DA:24,0
DA:25,0
DA:26,0
DA:27,0
DA:28,0
DA:32,0
DA:37,0
DA:39,0
DA:45,0
DA:46,0
DA:55,1
DA:56,0
DA:57,0
DA:58,0
DA:60,0
DA:69,0
DA:71,0
DA:72,0
DA:81,1
DA:82,0
DA:83,0
DA:84,0
DA:85,0
DA:87,0
DA:95,0
DA:96,0
DA:99,0
DA:101,0
DA:102,0
DA:111,1
DA:112,0
DA:113,0
DA:114,0
DA:116,0
DA:122,0
DA:124,0
DA:125,0
DA:134,1
DA:135,0
DA:136,0
DA:137,0
DA:138,0
DA:139,0
DA:141,0
DA:149,0
DA:154,0
DA:155,0
DA:164,1
DA:165,0
DA:166,0
DA:167,0
DA:169,0
DA:176,0
DA:177,0
DA:182,0
DA:183,0
DA:184,0
DA:186,0
DA:187,0
DA:188,0
DA:190,0
DA:191,0
DA:192,0
DA:193,0
DA:194,0
DA:195,0
DA:196,0
DA:197,0
DA:198,0
DA:199,0
DA:200,0
DA:201,0
DA:202,0
DA:203,0
DA:204,0
DA:205,0
DA:208,0
DA:209,0
DA:213,0
DA:215,0
DA:216,0
DA:226,1
DA:227,0
DA:228,0
DA:229,0
DA:230,0
DA:232,0
DA:241,0
DA:242,0
DA:245,0
DA:246,0
DA:248,0
DA:402,0
DA:403,0
DA:405,0
DA:406,0
LF:102
LH:8
BRDA:6,0,0,0
BRDA:6,0,1,0
BRDA:10,1,0,0
BRDA:10,1,1,0
BRDA:27,2,0,0
BRDA:27,2,1,0
BRDA:58,3,0,0
BRDA:58,3,1,0
BRDA:85,4,0,0
BRDA:85,4,1,0
BRDA:95,5,0,0
BRDA:95,5,1,0
BRDA:114,6,0,0
BRDA:114,6,1,0
BRDA:122,7,0,0
BRDA:122,7,1,0
BRDA:138,8,0,0
BRDA:138,8,1,0
BRDA:167,9,0,0
BRDA:167,9,1,0
BRDA:176,10,0,0
BRDA:176,10,1,0
BRDA:193,11,0,0
BRDA:193,11,1,0
BRDA:194,12,0,0
BRDA:194,12,1,0
BRDA:195,13,0,0
BRDA:195,13,1,0
BRDA:230,14,0,0
BRDA:230,14,1,0
BRDA:241,15,0,0
BRDA:241,15,1,0
BRDA:313,16,0,0
BRDA:313,16,1,0
BRDA:317,17,0,0
BRDA:317,17,1,0
BRDA:321,18,0,0
BRDA:321,18,1,0
BRDA:325,19,0,0
BRDA:325,19,1,0
BRF:40
BRH:0
end_of_record
TN:
SF:src\controllers\leave.controller.js
FN:9,toInt
FN:17,(anonymous_1)
FN:35,(anonymous_2)
FN:76,(anonymous_3)
FN:115,(anonymous_4)
FN:161,(anonymous_5)
FN:217,(anonymous_6)
FN:253,(anonymous_7)
FN:341,(anonymous_8)
FN:406,(anonymous_9)
FN:469,(anonymous_10)
FN:532,(anonymous_11)
FN:563,(anonymous_12)
FNF:13
FNH:0
FNDA:0,toInt
FNDA:0,(anonymous_1)
FNDA:0,(anonymous_2)
FNDA:0,(anonymous_3)
FNDA:0,(anonymous_4)
FNDA:0,(anonymous_5)
FNDA:0,(anonymous_6)
FNDA:0,(anonymous_7)
FNDA:0,(anonymous_8)
FNDA:0,(anonymous_9)
FNDA:0,(anonymous_10)
FNDA:0,(anonymous_11)
FNDA:0,(anonymous_12)
DA:2,1
DA:3,1
DA:10,0
DA:11,0
DA:17,1
DA:18,0
DA:19,0
DA:25,0
DA:27,0
DA:28,0
DA:35,1
DA:36,0
DA:37,0
DA:38,0
DA:39,0
DA:41,0
DA:46,0
DA:47,0
DA:52,0
DA:54,0
DA:66,0
DA:68,0
DA:69,0
DA:76,1
DA:77,0
DA:78,0
DA:79,0
DA:80,0
DA:82,0
DA:83,0
DA:85,0
DA:90,0
DA:91,0
DA:93,0
DA:105,0
DA:107,0
DA:108,0
DA:115,1
DA:116,0
DA:117,0
DA:118,0
DA:120,0
DA:125,0
DA:126,0
DA:128,0
DA:130,0
DA:143,0
DA:144,0
DA:145,0
DA:146,0
DA:148,0
DA:150,0
DA:151,0
DA:153,0
DA:154,0
DA:161,1
DA:162,0
DA:163,0
DA:164,0
DA:165,0
DA:166,0
DA:167,0
DA:169,0
DA:170,0
DA:172,0
DA:173,0
DA:174,0
DA:177,0
DA:181,0
DA:183,0
DA:200,0
DA:201,0
DA:209,0
DA:210,0
DA:217,1
DA:218,0
DA:219,0
DA:220,0
DA:222,0
DA:223,0
DA:225,0
DA:241,0
DA:242,0
DA:243,0
DA:245,0
DA:246,0
DA:253,1
DA:254,0
DA:255,0
DA:256,0
DA:258,0
DA:262,0
DA:263,0
DA:264,0
DA:266,0
DA:267,0
DA:269,0
DA:270,0
DA:272,0
DA:273,0
DA:276,0
DA:277,0
DA:281,0
DA:285,0
DA:286,0
DA:291,0
DA:292,0
DA:293,0
DA:294,0
DA:301,0
DA:303,0
DA:316,0
DA:318,0
DA:329,0
DA:330,0
DA:332,0
DA:333,0
DA:334,0
DA:341,1
DA:342,0
DA:343,0
DA:344,0
DA:345,0
DA:346,0
DA:348,0
DA:352,0
DA:353,0
DA:354,0
DA:356,0
DA:358,0
DA:362,0
DA:363,0
DA:364,0
DA:367,0
DA:368,0
DA:369,0
DA:370,0
DA:375,0
DA:379,0
DA:389,0
DA:394,0
DA:395,0
DA:397,0
DA:398,0
DA:399,0
DA:406,1
DA:407,0
DA:408,0
DA:409,0
DA:410,0
DA:411,0
DA:412,0
DA:414,0
DA:416,0
DA:420,0
DA:421,0
DA:422,0
DA:425,0
DA:426,0
DA:427,0
DA:428,0
DA:433,0
DA:437,0
DA:448,0
DA:450,0
DA:458,0
DA:460,0
DA:461,0
DA:462,0
DA:469,1
DA:470,0
DA:471,0
DA:472,0
DA:473,0
DA:474,0
DA:475,0
DA:477,0
DA:479,0
DA:483,0
DA:484,0
DA:485,0
DA:488,0
DA:489,0
DA:490,0
DA:491,0
DA:496,0
DA:500,0
DA:511,0
DA:513,0
DA:521,0
DA:523,0
DA:524,0
DA:525,0
DA:532,1
DA:533,0
DA:534,0
DA:535,0
DA:537,0
DA:545,0
DA:546,0
DA:547,0
DA:548,0
DA:550,0
DA:552,0
DA:553,0
DA:555,0
DA:556,0
DA:563,1
DA:564,0
DA:565,0
DA:566,0
DA:578,0
DA:580,0
DA:581,0
LF:214
LH:14
BRDA:11,0,0,0
BRDA:11,0,1,0
BRDA:46,1,0,0
BRDA:46,1,1,0
BRDA:82,2,0,0
BRDA:82,2,1,0
BRDA:90,3,0,0
BRDA:90,3,1,0
BRDA:125,4,0,0
BRDA:125,4,1,0
BRDA:144,5,0,0
BRDA:144,5,1,0
BRDA:172,6,0,0
BRDA:172,6,1,0
BRDA:181,7,0,0
BRDA:181,7,1,0
BRDA:222,8,0,0
BRDA:222,8,1,0
BRDA:241,9,0,0
BRDA:241,9,1,0
BRDA:262,10,0,0
BRDA:262,10,1,0
BRDA:266,11,0,0
BRDA:266,11,1,0
BRDA:266,12,0,0
BRDA:266,12,1,0
BRDA:266,12,2,0
BRDA:272,13,0,0
BRDA:272,13,1,0
BRDA:276,14,0,0
BRDA:276,14,1,0
BRDA:285,15,0,0
BRDA:285,15,1,0
BRDA:293,16,0,0
BRDA:293,16,1,0
BRDA:312,17,0,0
BRDA:312,17,1,0
BRDA:345,18,0,0
BRDA:345,18,1,0
BRDA:352,19,0,0
BRDA:352,19,1,0
BRDA:362,20,0,0
BRDA:362,20,1,0
BRDA:368,21,0,0
BRDA:368,21,1,0
BRDA:411,22,0,0
BRDA:411,22,1,0
BRDA:420,23,0,0
BRDA:420,23,1,0
BRDA:426,24,0,0
BRDA:426,24,1,0
BRDA:435,25,0,0
BRDA:435,25,1,0
BRDA:444,26,0,0
BRDA:444,26,1,0
BRDA:474,27,0,0
BRDA:474,27,1,0
BRDA:483,28,0,0
BRDA:483,28,1,0
BRDA:489,29,0,0
BRDA:489,29,1,0
BRDA:498,30,0,0
BRDA:498,30,1,0
BRDA:507,31,0,0
BRDA:507,31,1,0
BRDA:546,32,0,0
BRDA:546,32,1,0
BRDA:546,33,0,0
BRDA:546,33,1,0
BRF:69
BRH:0
end_of_record
TN:
SF:src\controllers\license.controller.js
FN:10,(anonymous_0)
FN:77,(anonymous_1)
FN:157,(anonymous_2)
FNF:3
FNH:0
FNDA:0,(anonymous_0)
FNDA:0,(anonymous_1)
FNDA:0,(anonymous_2)
DA:2,1
DA:7,1
DA:10,1
DA:11,0
DA:12,0
DA:14,0
DA:28,0
DA:29,0
DA:31,0
DA:33,0
DA:34,0
DA:35,0
DA:38,0
DA:39,0
DA:40,0
DA:45,0
DA:49,0
DA:51,0
DA:67,0
DA:68,0
DA:77,1
DA:78,0
DA:79,0
DA:80,0
DA:82,0
DA:83,0
DA:86,0
DA:94,0
DA:95,0
DA:102,0
DA:104,0
DA:105,0
DA:110,0
DA:111,0
DA:114,0
DA:115,0
DA:122,0
DA:125,0
DA:133,0
DA:140,0
DA:149,0
DA:150,0
DA:157,1
DA:158,0
DA:159,0
DA:163,0
DA:165,0
LF:47
LH:5
BRDA:28,0,0,0
BRDA:28,0,1,0
BRDA:33,1,0,0
BRDA:33,1,1,0
BRDA:33,1,2,0
BRDA:34,2,0,0
BRDA:34,2,1,0
BRDA:35,3,0,0
BRDA:35,3,1,0
BRDA:35,4,0,0
BRDA:35,4,1,0
BRDA:41,5,0,0
BRDA:41,5,1,0
BRDA:41,6,0,0
BRDA:41,6,1,0
BRDA:60,7,0,0
BRDA:60,7,1,0
BRDA:82,8,0,0
BRDA:82,8,1,0
BRDA:94,9,0,0
BRDA:94,9,1,0
BRDA:104,10,0,0
BRDA:104,10,1,0
BRDA:110,11,0,0
BRDA:110,11,1,0
BRDA:110,12,0,0
BRDA:110,12,1,0
BRDA:114,13,0,0
BRDA:114,13,1,0
BRDA:114,14,0,0
BRDA:114,14,1,0
BRDA:122,15,0,0
BRDA:122,15,1,0
BRF:33
BRH:0
end_of_record
TN:
SF:src\controllers\payroll.controller.js
FN:17,(anonymous_0)
FN:21,toInt
FN:25,toNum
FN:29,validateMonth
FN:32,validateYear
FN:36,validatePaymentMethod
FN:39,validateStatus
FN:44,calculateTax
FN:78,(anonymous_8)
FN:117,(anonymous_9)
FN:181,(anonymous_10)
FN:219,(anonymous_11)
FN:358,(anonymous_12)
FN:380,(anonymous_13)
FN:380,(anonymous_14)
FN:516,(anonymous_15)
FN:529,(anonymous_16)
FN:675,(anonymous_17)
FN:833,(anonymous_18)
FN:897,calculateNightHours
FN:913,checkPublicHoliday
FN:927,calculateShiftPay
FN:995,calculateMonthlyShiftPay
FN:1062,(anonymous_23)
FNF:24
FNH:1
FNDA:12,(anonymous_0)
FNDA:0,toInt
FNDA:0,toNum
FNDA:0,validateMonth
FNDA:0,validateYear
FNDA:0,validatePaymentMethod
FNDA:0,validateStatus
FNDA:0,calculateTax
FNDA:0,(anonymous_8)
FNDA:0,(anonymous_9)
FNDA:0,(anonymous_10)
FNDA:0,(anonymous_11)
FNDA:0,(anonymous_12)
FNDA:0,(anonymous_13)
FNDA:0,(anonymous_14)
FNDA:0,(anonymous_15)
FNDA:0,(anonymous_16)
FNDA:0,(anonymous_17)
FNDA:0,(anonymous_18)
FNDA:0,calculateNightHours
FNDA:0,checkPublicHoliday
FNDA:0,calculateShiftPay
FNDA:0,calculateMonthlyShiftPay
FNDA:0,(anonymous_23)
DA:2,1
DA:12,1
DA:13,1
DA:14,1
DA:17,12
DA:18,1
DA:19,1
DA:22,0
DA:23,0
DA:26,0
DA:30,0
DA:33,0
DA:34,0
DA:37,0
DA:40,0
DA:45,0
DA:48,0
DA:49,0
DA:50,0
DA:51,0
DA:52,0
DA:53,0
DA:54,0
DA:55,0
DA:56,0
DA:57,0
DA:58,0
DA:59,0
DA:62,0
DA:63,0
DA:65,0
DA:69,0
DA:70,0
DA:71,0
DA:73,0
DA:74,0
DA:78,1
DA:79,0
DA:80,0
DA:81,0
DA:82,0
DA:86,0
DA:87,0
DA:89,0
DA:90,0
DA:91,0
DA:92,0
DA:94,0
DA:108,0
DA:110,0
DA:117,1
DA:118,0
DA:119,0
DA:120,0
DA:121,0
DA:123,0
DA:124,0
DA:125,0
DA:127,0
DA:128,0
DA:129,0
DA:130,0
DA:131,0
DA:132,0
DA:136,0
DA:137,0
DA:138,0
DA:140,0
DA:154,0
DA:155,0
DA:157,0
DA:158,0
DA:159,0
DA:160,0
DA:163,0
DA:164,0
DA:165,0
DA:166,0
DA:167,0
DA:168,0
DA:169,0
DA:171,0
DA:172,0
DA:174,0
DA:181,1
DA:182,0
DA:183,0
DA:184,0
DA:185,0
DA:187,0
DA:188,0
DA:189,0
DA:191,0
DA:192,0
DA:194,0
DA:195,0
DA:196,0
DA:197,0
DA:199,0
DA:204,0
DA:209,0
DA:219,1
DA:221,0
DA:222,0
DA:223,0
DA:224,0
DA:226,0
DA:227,0
DA:236,0
DA:238,0
DA:239,0
DA:241,0
DA:250,0
DA:251,0
DA:252,0
DA:255,0
DA:257,0
DA:270,0
DA:272,0
DA:274,0
DA:276,0
DA:278,0
DA:283,0
DA:287,0
DA:292,0
DA:297,0
DA:299,0
DA:319,0
DA:342,0
DA:343,0
DA:345,0
DA:346,0
DA:350,0
DA:358,1
DA:360,0
DA:361,0
DA:362,0
DA:363,0
DA:365,0
DA:366,0
DA:367,0
DA:369,0
DA:370,0
DA:372,0
DA:373,0
DA:374,0
DA:375,0
DA:377,0
DA:378,0
DA:380,0
DA:381,0
DA:382,0
DA:384,0
DA:385,0
DA:388,0
DA:400,0
DA:401,0
DA:402,0
DA:405,0
DA:407,0
DA:409,0
DA:418,0
DA:429,0
DA:435,0
DA:437,0
DA:440,0
DA:441,0
DA:443,0
DA:447,0
DA:448,0
DA:449,0
DA:450,0
DA:451,0
DA:452,0
DA:453,0
DA:455,0
DA:457,0
DA:461,0
DA:462,0
DA:465,0
DA:483,0
DA:501,0
DA:504,0
DA:505,0
DA:513,0
DA:516,0
DA:519,0
DA:520,0
DA:522,0
DA:529,1
DA:531,0
DA:532,0
DA:533,0
DA:534,0
DA:536,0
DA:537,0
DA:539,0
DA:541,0
DA:542,0
DA:548,0
DA:549,0
DA:553,0
DA:554,0
DA:557,0
DA:569,0
DA:570,0
DA:571,0
DA:575,0
DA:576,0
DA:577,0
DA:578,0
DA:579,0
DA:582,0
DA:583,0
DA:586,0
DA:597,0
DA:598,0
DA:626,0
DA:630,0
DA:631,0
DA:647,0
DA:650,0
DA:651,0
DA:658,0
DA:664,0
DA:665,0
DA:666,0
DA:670,0
DA:675,1
DA:676,0
DA:677,0
DA:678,0
DA:679,0
DA:681,0
DA:682,0
DA:684,0
DA:685,0
DA:687,0
DA:699,0
DA:700,0
DA:702,0
DA:704,0
DA:709,0
DA:713,0
DA:714,0
DA:716,0
DA:717,0
DA:718,0
DA:722,0
DA:724,0
DA:725,0
DA:726,0
DA:727,0
DA:728,0
DA:729,0
DA:730,0
DA:731,0
DA:732,0
DA:733,0
DA:735,0
DA:736,0
DA:738,0
DA:739,0
DA:740,0
DA:741,0
DA:742,0
DA:746,0
DA:747,0
DA:750,0
DA:751,0
DA:754,0
DA:755,0
DA:758,0
DA:759,0
DA:760,0
DA:763,0
DA:765,0
DA:766,0
DA:768,0
DA:769,0
DA:770,0
DA:771,0
DA:772,0
DA:775,0
DA:776,0
DA:779,0
DA:780,0
DA:783,0
DA:784,0
DA:787,0
DA:788,0
DA:792,0
DA:793,0
DA:794,0
DA:798,0
DA:800,0
DA:801,0
DA:803,0
DA:804,0
DA:807,0
DA:809,0
DA:810,0
DA:811,0
DA:812,0
DA:813,0
DA:814,0
DA:815,0
DA:817,0
DA:818,0
DA:821,0
DA:823,0
DA:825,0
DA:826,0
DA:833,1
DA:834,0
DA:835,0
DA:836,0
DA:837,0
DA:839,0
DA:840,0
DA:841,0
DA:842,0
DA:844,0
DA:853,0
DA:854,0
DA:856,0
DA:857,0
DA:858,0
DA:859,0
DA:862,0
DA:863,0
DA:864,0
DA:865,0
DA:866,0
DA:867,0
DA:869,0
DA:871,0
DA:872,0
DA:873,0
DA:874,0
DA:875,0
DA:878,0
DA:880,0
DA:890,0
DA:898,0
DA:899,0
DA:900,0
DA:901,0
DA:902,0
DA:903,0
DA:904,0
DA:905,0
DA:908,0
DA:910,0
DA:914,0
DA:916,0
DA:917,0
DA:921,0
DA:923,0
DA:928,0
DA:929,0
DA:930,0
DA:932,0
DA:933,0
DA:934,0
DA:936,0
DA:937,0
DA:938,0
DA:939,0
DA:943,0
DA:946,0
DA:947,0
DA:949,0
DA:950,0
DA:952,0
DA:953,0
DA:954,0
DA:955,0
DA:956,0
DA:957,0
DA:961,0
DA:962,0
DA:964,0
DA:978,0
DA:996,0
DA:997,0
DA:1012,0
DA:1013,0
DA:1014,0
DA:1015,0
DA:1016,0
DA:1018,0
DA:1019,0
DA:1029,0
DA:1030,0
DA:1031,0
DA:1032,0
DA:1033,0
DA:1036,0
DA:1048,0
DA:1062,1
DA:1063,0
DA:1064,0
DA:1065,0
DA:1067,0
DA:1068,0
DA:1074,0
DA:1080,0
DA:1082,0
DA:1092,1
DA:1093,1
DA:1094,1
DA:1095,1
LF:413
LH:20
BRDA:23,0,0,0
BRDA:23,0,1,0
BRDA:26,1,0,0
BRDA:26,1,1,0
BRDA:34,2,0,0
BRDA:34,2,1,0
BRDA:44,3,0,0
BRDA:48,4,0,0
BRDA:48,4,1,0
BRDA:49,5,0,0
BRDA:49,5,1,0
BRDA:51,6,0,0
BRDA:51,6,1,0
BRDA:53,7,0,0
BRDA:53,7,1,0
BRDA:55,8,0,0
BRDA:55,8,1,0
BRDA:57,9,0,0
BRDA:57,9,1,0
BRDA:62,10,0,0
BRDA:62,10,1,0
BRDA:63,11,0,0
BRDA:63,11,1,0
BRDA:70,12,0,0
BRDA:70,12,1,0
BRDA:71,13,0,0
BRDA:71,13,1,0
BRDA:73,14,0,0
BRDA:73,14,1,0
BRDA:81,15,0,0
BRDA:81,15,1,0
BRDA:89,16,0,0
BRDA:89,16,1,0
BRDA:91,17,0,0
BRDA:91,17,1,0
BRDA:120,18,0,0
BRDA:120,18,1,0
BRDA:127,19,0,0
BRDA:127,19,1,0
BRDA:129,20,0,0
BRDA:129,20,1,0
BRDA:131,21,0,0
BRDA:131,21,1,0
BRDA:131,22,0,0
BRDA:131,22,1,0
BRDA:157,23,0,0
BRDA:157,23,1,0
BRDA:184,24,0,0
BRDA:184,24,1,0
BRDA:188,25,0,0
BRDA:188,25,1,0
BRDA:188,26,0,0
BRDA:188,26,1,0
BRDA:194,27,0,0
BRDA:194,27,1,0
BRDA:196,28,0,0
BRDA:196,28,1,0
BRDA:223,29,0,0
BRDA:223,29,1,0
BRDA:227,30,0,0
BRDA:227,30,1,0
BRDA:250,31,0,0
BRDA:250,31,1,0
BRDA:270,32,0,0
BRDA:270,32,1,0
BRDA:272,33,0,0
BRDA:272,33,1,0
BRDA:274,34,0,0
BRDA:274,34,1,0
BRDA:276,35,0,0
BRDA:276,35,1,0
BRDA:278,36,0,0
BRDA:278,36,1,0
BRDA:287,37,0,0
BRDA:287,37,1,0
BRDA:289,38,0,0
BRDA:289,38,1,0
BRDA:338,39,0,0
BRDA:338,39,1,0
BRDA:345,40,0,0
BRDA:345,40,1,0
BRDA:350,41,0,0
BRDA:350,41,1,0
BRDA:362,42,0,0
BRDA:362,42,1,0
BRDA:366,43,0,0
BRDA:366,43,1,0
BRDA:366,44,0,0
BRDA:366,44,1,0
BRDA:372,45,0,0
BRDA:372,45,1,0
BRDA:374,46,0,0
BRDA:374,46,1,0
BRDA:377,47,0,0
BRDA:377,47,1,0
BRDA:377,48,0,0
BRDA:377,48,1,0
BRDA:377,48,2,0
BRDA:381,49,0,0
BRDA:381,49,1,0
BRDA:400,50,0,0
BRDA:400,50,1,0
BRDA:437,51,0,0
BRDA:437,51,1,0
BRDA:441,52,0,0
BRDA:441,52,1,0
BRDA:457,53,0,0
BRDA:457,53,1,0
BRDA:459,54,0,0
BRDA:459,54,1,0
BRDA:493,55,0,0
BRDA:493,55,1,0
BRDA:495,56,0,0
BRDA:495,56,1,0
BRDA:519,57,0,0
BRDA:519,57,1,0
BRDA:522,58,0,0
BRDA:522,58,1,0
BRDA:533,59,0,0
BRDA:533,59,1,0
BRDA:537,60,0,0
BRDA:537,60,1,0
BRDA:541,61,0,0
BRDA:541,61,1,0
BRDA:541,62,0,0
BRDA:541,62,1,0
BRDA:548,63,0,0
BRDA:548,63,1,0
BRDA:548,64,0,0
BRDA:548,64,1,0
BRDA:569,65,0,0
BRDA:569,65,1,0
BRDA:575,66,0,0
BRDA:575,66,1,0
BRDA:577,67,0,0
BRDA:577,67,1,0
BRDA:583,68,0,0
BRDA:583,68,1,0
BRDA:590,69,0,0
BRDA:590,69,1,0
BRDA:664,70,0,0
BRDA:664,70,1,0
BRDA:670,71,0,0
BRDA:670,71,1,0
BRDA:681,72,0,0
BRDA:681,72,1,0
BRDA:685,73,0,0
BRDA:685,73,1,0
BRDA:699,74,0,0
BRDA:699,74,1,0
BRDA:704,75,0,0
BRDA:704,75,1,0
BRDA:705,76,0,0
BRDA:705,76,1,0
BRDA:705,76,2,0
BRDA:713,77,0,0
BRDA:713,77,1,0
BRDA:714,78,0,0
BRDA:714,78,1,0
BRDA:730,79,0,0
BRDA:730,79,1,0
BRDA:731,80,0,0
BRDA:731,80,1,0
BRDA:811,81,0,0
BRDA:811,81,1,0
BRDA:812,82,0,0
BRDA:812,82,1,0
BRDA:814,83,0,0
BRDA:814,83,1,0
BRDA:836,84,0,0
BRDA:836,84,1,0
BRDA:856,85,0,0
BRDA:856,85,1,0
BRDA:873,86,0,0
BRDA:873,86,1,0
BRDA:908,87,0,0
BRDA:908,87,1,0
BRDA:908,88,0,0
BRDA:908,88,1,0
BRDA:916,89,0,0
BRDA:916,89,1,0
BRDA:930,90,0,0
BRDA:930,90,1,0
BRDA:930,91,0,0
BRDA:930,91,1,0
BRDA:932,92,0,0
BRDA:932,92,1,0
BRDA:934,93,0,0
BRDA:934,93,1,0
BRDA:938,94,0,0
BRDA:938,94,1,0
BRDA:938,95,0,0
BRDA:938,95,1,0
BRDA:943,96,0,0
BRDA:943,96,1,0
BRDA:952,97,0,0
BRDA:952,97,1,0
BRDA:955,98,0,0
BRDA:955,98,1,0
BRDA:961,99,0,0
BRDA:961,99,1,0
BRDA:1026,100,0,0
BRDA:1026,100,1,0
BRDA:1067,101,0,0
BRDA:1067,101,1,0
BRDA:1067,102,0,0
BRDA:1067,102,1,0
BRDA:1067,102,2,0
BRDA:1067,102,3,0
BRF:209
BRH:0
end_of_record
TN:
SF:src\controllers\reports.controller.js
FN:5,round2
FN:11,formatMoney
FN:18,toNum
FN:25,getSummaryData
FN:47,getByDepartmentData
FN:60,(anonymous_5)
FN:68,getHighestPaidData
FN:80,(anonymous_7)
FN:96,(anonymous_8)
FN:106,(anonymous_9)
FN:116,(anonymous_10)
FN:129,(anonymous_11)
FN:148,(anonymous_12)
FN:180,(anonymous_13)
FN:199,(anonymous_14)
FN:211,(anonymous_15)
FN:234,(anonymous_16)
FN:263,(anonymous_17)
FN:279,(anonymous_18)
FN:300,getReportData
FN:359,(anonymous_20)
FN:367,(anonymous_21)
FN:369,(anonymous_22)
FN:370,(anonymous_23)
FN:371,(anonymous_24)
FN:372,(anonymous_25)
FN:374,(anonymous_26)
FN:391,(anonymous_27)
FN:466,addTitleRow
FN:479,styleHeaderRow
FN:480,(anonymous_30)
FN:497,(anonymous_31)
FN:498,(anonymous_32)
FN:499,(anonymous_33)
FN:500,(anonymous_34)
FN:505,(anonymous_35)
FN:515,(anonymous_36)
FN:521,(anonymous_37)
FN:561,(anonymous_38)
FN:576,(anonymous_39)
FN:593,(anonymous_40)
FN:622,(anonymous_41)
FN:634,(anonymous_42)
FN:637,(anonymous_43)
FN:654,(anonymous_44)
FN:656,(anonymous_45)
FN:683,(anonymous_46)
FN:694,(anonymous_47)
FN:716,(anonymous_48)
FN:742,(anonymous_49)
FN:763,(anonymous_50)
FN:780,(anonymous_51)
FN:816,(anonymous_52)
FN:829,(anonymous_53)
FN:832,(anonymous_54)
FN:856,(anonymous_55)
FN:868,(anonymous_56)
FN:870,(anonymous_57)
FN:910,(anonymous_58)
FN:925,(anonymous_59)
FN:928,(anonymous_60)
FN:948,(anonymous_61)
FN:950,(anonymous_62)
FN:975,(anonymous_63)
FN:1019,(anonymous_64)
FN:1020,(anonymous_65)
FN:1021,(anonymous_66)
FN:1022,(anonymous_67)
FN:1023,(anonymous_68)
FN:1025,(anonymous_69)
FN:1113,(anonymous_70)
FN:1126,(anonymous_71)
FN:1141,(anonymous_72)
FN:1184,(anonymous_73)
FN:1215,(anonymous_74)
FN:1241,(anonymous_75)
FN:1243,(anonymous_76)
FN:1245,(anonymous_77)
FN:1247,(anonymous_78)
FN:1267,(anonymous_79)
FN:1288,(anonymous_80)
FN:1290,(anonymous_81)
FN:1292,(anonymous_82)
FN:1294,(anonymous_83)
FN:1296,(anonymous_84)
FN:1329,(anonymous_85)
FN:1384,(anonymous_86)
FN:1385,(anonymous_87)
FN:1417,(anonymous_88)
FN:1448,(anonymous_89)
FN:1471,(anonymous_90)
FN:1501,(anonymous_91)
FN:1502,(anonymous_92)
FN:1503,(anonymous_93)
FN:1504,(anonymous_94)
FN:1505,(anonymous_95)
FN:1511,(anonymous_96)
FN:1530,(anonymous_97)
FN:1559,(anonymous_98)
FN:1576,(anonymous_99)
FN:1605,(anonymous_100)
FN:1652,styleHeader
FN:1653,(anonymous_102)
FN:1656,addTitle
FN:1664,altRow
FN:1665,(anonymous_105)
FN:1669,pdfWrapper
FN:1701,getCompanyName
FN:1709,(anonymous_108)
FN:1741,(anonymous_109)
FN:1756,(anonymous_110)
FN:1769,(anonymous_111)
FN:1782,(anonymous_112)
FN:1783,(anonymous_113)
FN:1790,(anonymous_114)
FN:1816,(anonymous_115)
FN:1849,(anonymous_116)
FN:1865,(anonymous_117)
FN:1878,(anonymous_118)
FN:1896,(anonymous_119)
FN:1902,(anonymous_120)
FN:1912,(anonymous_121)
FN:1913,(anonymous_122)
FN:1916,(anonymous_123)
FN:1932,(anonymous_124)
FN:1963,(anonymous_125)
FN:1972,(anonymous_126)
FN:1982,(anonymous_127)
FN:1983,(anonymous_128)
FN:1995,(anonymous_129)
FN:2011,(anonymous_130)
FN:2012,(anonymous_131)
FN:2013,(anonymous_132)
FN:2014,(anonymous_133)
FN:2021,(anonymous_134)
FN:2054,(anonymous_135)
FN:2089,(anonymous_136)
FN:2102,(anonymous_137)
FN:2117,(anonymous_138)
FN:2139,(anonymous_139)
FN:2168,(anonymous_140)
FN:2207,(anonymous_141)
FN:2214,(anonymous_142)
FN:2223,(anonymous_143)
FN:2224,(anonymous_144)
FN:2236,(anonymous_145)
FN:2266,(anonymous_146)
FN:2275,(anonymous_147)
FN:2276,(anonymous_148)
FN:2277,(anonymous_149)
FN:2278,(anonymous_150)
FN:2295,(anonymous_151)
FN:2334,(anonymous_152)
FN:2354,(anonymous_153)
FN:2382,(anonymous_154)
FN:2403,(anonymous_155)
FN:2433,(anonymous_156)
FN:2456,(anonymous_157)
FN:2478,(anonymous_158)
FN:2501,(anonymous_159)
FN:2539,(anonymous_160)
FN:2561,(anonymous_161)
FN:2591,(anonymous_162)
FN:2599,(anonymous_163)
FN:2600,(anonymous_164)
FN:2617,(anonymous_165)
FN:2647,(anonymous_166)
FN:2667,(anonymous_167)
FN:2690,(anonymous_168)
FN:2711,(anonymous_169)
FN:2738,(anonymous_170)
FN:2754,(anonymous_171)
FN:2766,(anonymous_172)
FN:2780,(anonymous_173)
FN:2786,(anonymous_174)
FN:2808,(anonymous_175)
FN:2861,(anonymous_176)
FN:2880,(anonymous_177)
FN:2886,(anonymous_178)
FN:2901,(anonymous_179)
FN:2933,(anonymous_180)
FN:2934,(anonymous_181)
FN:2935,(anonymous_182)
FN:2945,(anonymous_183)
FN:2953,(anonymous_184)
FN:2954,(anonymous_185)
FN:2955,(anonymous_186)
FN:2956,(anonymous_187)
FN:2972,(anonymous_188)
FN:3001,(anonymous_189)
FN:3010,(anonymous_190)
FN:3021,(anonymous_191)
FN:3022,(anonymous_192)
FN:3035,(anonymous_193)
FN:3049,(anonymous_194)
FN:3050,(anonymous_195)
FN:3051,(anonymous_196)
FN:3052,(anonymous_197)
FN:3059,(anonymous_198)
FNF:199
FNH:0
FNDA:0,round2
FNDA:0,formatMoney
FNDA:0,toNum
FNDA:0,getSummaryData
FNDA:0,getByDepartmentData
FNDA:0,(anonymous_5)
FNDA:0,getHighestPaidData
FNDA:0,(anonymous_7)
FNDA:0,(anonymous_8)
FNDA:0,(anonymous_9)
FNDA:0,(anonymous_10)
FNDA:0,(anonymous_11)
FNDA:0,(anonymous_12)
FNDA:0,(anonymous_13)
FNDA:0,(anonymous_14)
FNDA:0,(anonymous_15)
FNDA:0,(anonymous_16)
FNDA:0,(anonymous_17)
FNDA:0,(anonymous_18)
FNDA:0,getReportData
FNDA:0,(anonymous_20)
FNDA:0,(anonymous_21)
FNDA:0,(anonymous_22)
FNDA:0,(anonymous_23)
FNDA:0,(anonymous_24)
FNDA:0,(anonymous_25)
FNDA:0,(anonymous_26)
FNDA:0,(anonymous_27)
FNDA:0,addTitleRow
FNDA:0,styleHeaderRow
FNDA:0,(anonymous_30)
FNDA:0,(anonymous_31)
FNDA:0,(anonymous_32)
FNDA:0,(anonymous_33)
FNDA:0,(anonymous_34)
FNDA:0,(anonymous_35)
FNDA:0,(anonymous_36)
FNDA:0,(anonymous_37)
FNDA:0,(anonymous_38)
FNDA:0,(anonymous_39)
FNDA:0,(anonymous_40)
FNDA:0,(anonymous_41)
FNDA:0,(anonymous_42)
FNDA:0,(anonymous_43)
FNDA:0,(anonymous_44)
FNDA:0,(anonymous_45)
FNDA:0,(anonymous_46)
FNDA:0,(anonymous_47)
FNDA:0,(anonymous_48)
FNDA:0,(anonymous_49)
FNDA:0,(anonymous_50)
FNDA:0,(anonymous_51)
FNDA:0,(anonymous_52)
FNDA:0,(anonymous_53)
FNDA:0,(anonymous_54)
FNDA:0,(anonymous_55)
FNDA:0,(anonymous_56)
FNDA:0,(anonymous_57)
FNDA:0,(anonymous_58)
FNDA:0,(anonymous_59)
FNDA:0,(anonymous_60)
FNDA:0,(anonymous_61)
FNDA:0,(anonymous_62)
FNDA:0,(anonymous_63)
FNDA:0,(anonymous_64)
FNDA:0,(anonymous_65)
FNDA:0,(anonymous_66)
FNDA:0,(anonymous_67)
FNDA:0,(anonymous_68)
FNDA:0,(anonymous_69)
FNDA:0,(anonymous_70)
FNDA:0,(anonymous_71)
FNDA:0,(anonymous_72)
FNDA:0,(anonymous_73)
FNDA:0,(anonymous_74)
FNDA:0,(anonymous_75)
FNDA:0,(anonymous_76)
FNDA:0,(anonymous_77)
FNDA:0,(anonymous_78)
FNDA:0,(anonymous_79)
FNDA:0,(anonymous_80)
FNDA:0,(anonymous_81)
FNDA:0,(anonymous_82)
FNDA:0,(anonymous_83)
FNDA:0,(anonymous_84)
FNDA:0,(anonymous_85)
FNDA:0,(anonymous_86)
FNDA:0,(anonymous_87)
FNDA:0,(anonymous_88)
FNDA:0,(anonymous_89)
FNDA:0,(anonymous_90)
FNDA:0,(anonymous_91)
FNDA:0,(anonymous_92)
FNDA:0,(anonymous_93)
FNDA:0,(anonymous_94)
FNDA:0,(anonymous_95)
FNDA:0,(anonymous_96)
FNDA:0,(anonymous_97)
FNDA:0,(anonymous_98)
FNDA:0,(anonymous_99)
FNDA:0,(anonymous_100)
FNDA:0,styleHeader
FNDA:0,(anonymous_102)
FNDA:0,addTitle
FNDA:0,altRow
FNDA:0,(anonymous_105)
FNDA:0,pdfWrapper
FNDA:0,getCompanyName
FNDA:0,(anonymous_108)
FNDA:0,(anonymous_109)
FNDA:0,(anonymous_110)
FNDA:0,(anonymous_111)
FNDA:0,(anonymous_112)
FNDA:0,(anonymous_113)
FNDA:0,(anonymous_114)
FNDA:0,(anonymous_115)
FNDA:0,(anonymous_116)
FNDA:0,(anonymous_117)
FNDA:0,(anonymous_118)
FNDA:0,(anonymous_119)
FNDA:0,(anonymous_120)
FNDA:0,(anonymous_121)
FNDA:0,(anonymous_122)
FNDA:0,(anonymous_123)
FNDA:0,(anonymous_124)
FNDA:0,(anonymous_125)
FNDA:0,(anonymous_126)
FNDA:0,(anonymous_127)
FNDA:0,(anonymous_128)
FNDA:0,(anonymous_129)
FNDA:0,(anonymous_130)
FNDA:0,(anonymous_131)
FNDA:0,(anonymous_132)
FNDA:0,(anonymous_133)
FNDA:0,(anonymous_134)
FNDA:0,(anonymous_135)
FNDA:0,(anonymous_136)
FNDA:0,(anonymous_137)
FNDA:0,(anonymous_138)
FNDA:0,(anonymous_139)
FNDA:0,(anonymous_140)
FNDA:0,(anonymous_141)
FNDA:0,(anonymous_142)
FNDA:0,(anonymous_143)
FNDA:0,(anonymous_144)
FNDA:0,(anonymous_145)
FNDA:0,(anonymous_146)
FNDA:0,(anonymous_147)
FNDA:0,(anonymous_148)
FNDA:0,(anonymous_149)
FNDA:0,(anonymous_150)
FNDA:0,(anonymous_151)
FNDA:0,(anonymous_152)
FNDA:0,(anonymous_153)
FNDA:0,(anonymous_154)
FNDA:0,(anonymous_155)
FNDA:0,(anonymous_156)
FNDA:0,(anonymous_157)
FNDA:0,(anonymous_158)
FNDA:0,(anonymous_159)
FNDA:0,(anonymous_160)
FNDA:0,(anonymous_161)
FNDA:0,(anonymous_162)
FNDA:0,(anonymous_163)
FNDA:0,(anonymous_164)
FNDA:0,(anonymous_165)
FNDA:0,(anonymous_166)
FNDA:0,(anonymous_167)
FNDA:0,(anonymous_168)
FNDA:0,(anonymous_169)
FNDA:0,(anonymous_170)
FNDA:0,(anonymous_171)
FNDA:0,(anonymous_172)
FNDA:0,(anonymous_173)
FNDA:0,(anonymous_174)
FNDA:0,(anonymous_175)
FNDA:0,(anonymous_176)
FNDA:0,(anonymous_177)
FNDA:0,(anonymous_178)
FNDA:0,(anonymous_179)
FNDA:0,(anonymous_180)
FNDA:0,(anonymous_181)
FNDA:0,(anonymous_182)
FNDA:0,(anonymous_183)
FNDA:0,(anonymous_184)
FNDA:0,(anonymous_185)
FNDA:0,(anonymous_186)
FNDA:0,(anonymous_187)
FNDA:0,(anonymous_188)
FNDA:0,(anonymous_189)
FNDA:0,(anonymous_190)
FNDA:0,(anonymous_191)
FNDA:0,(anonymous_192)
FNDA:0,(anonymous_193)
FNDA:0,(anonymous_194)
FNDA:0,(anonymous_195)
FNDA:0,(anonymous_196)
FNDA:0,(anonymous_197)
FNDA:0,(anonymous_198)
DA:1,1
DA:2,1
DA:3,1
DA:6,0
DA:7,0
DA:8,0
DA:12,0
DA:19,0
DA:26,0
DA:35,0
DA:40,0
DA:48,0
DA:60,0
DA:69,0
DA:80,0
DA:96,1
DA:97,0
DA:98,0
DA:99,0
DA:101,0
DA:102,0
DA:106,1
DA:107,0
DA:108,0
DA:109,0
DA:111,0
DA:112,0
DA:116,1
DA:117,0
DA:118,0
DA:119,0
DA:121,0
DA:122,0
DA:129,1
DA:130,0
DA:131,0
DA:132,0
DA:135,0
DA:136,0
DA:137,0
DA:141,0
DA:143,0
DA:144,0
DA:148,1
DA:149,0
DA:150,0
DA:151,0
DA:152,0
DA:153,0
DA:158,0
DA:163,0
DA:164,0
DA:168,0
DA:172,0
DA:173,0
DA:175,0
DA:176,0
DA:180,1
DA:181,0
DA:182,0
DA:183,0
DA:186,0
DA:187,0
DA:188,0
DA:192,0
DA:194,0
DA:195,0
DA:199,1
DA:200,0
DA:201,0
DA:202,0
DA:203,0
DA:204,0
DA:210,0
DA:211,0
DA:217,0
DA:218,0
DA:222,0
DA:226,0
DA:227,0
DA:229,0
DA:230,0
DA:234,1
DA:235,0
DA:236,0
DA:237,0
DA:250,0
DA:251,0
DA:252,0
DA:256,0
DA:258,0
DA:259,0
DA:263,1
DA:264,0
DA:265,0
DA:266,0
DA:267,0
DA:268,0
DA:279,0
DA:280,0
DA:281,0
DA:285,0
DA:289,0
DA:290,0
DA:292,0
DA:293,0
DA:302,0
DA:345,0
DA:359,1
DA:360,0
DA:361,0
DA:362,0
DA:363,0
DA:364,0
DA:365,0
DA:367,0
DA:369,0
DA:370,0
DA:371,0
DA:372,0
DA:374,0
DA:381,0
DA:382,0
DA:391,1
DA:392,0
DA:393,0
DA:394,0
DA:395,0
DA:396,0
DA:398,0
DA:401,0
DA:403,0
DA:404,0
DA:405,0
DA:407,0
DA:421,0
DA:435,0
DA:444,0
DA:449,0
DA:450,0
DA:467,0
DA:468,0
DA:469,0
DA:470,0
DA:471,0
DA:476,0
DA:480,0
DA:481,0
DA:485,0
DA:488,0
DA:494,0
DA:495,0
DA:496,0
DA:497,0
DA:498,0
DA:499,0
DA:500,0
DA:501,0
DA:505,0
DA:515,0
DA:521,0
DA:522,0
DA:523,0
DA:524,0
DA:525,0
DA:526,0
DA:528,0
DA:532,0
DA:535,0
DA:547,0
DA:548,0
DA:560,0
DA:561,0
DA:562,0
DA:574,0
DA:575,0
DA:576,0
DA:577,0
DA:579,0
DA:581,0
DA:593,0
DA:594,0
DA:597,0
DA:600,0
DA:610,0
DA:611,0
DA:621,0
DA:622,0
DA:623,0
DA:633,0
DA:634,0
DA:636,0
DA:637,0
DA:638,0
DA:640,0
DA:642,0
DA:643,0
DA:644,0
DA:654,0
DA:655,0
DA:656,0
DA:660,0
DA:663,0
DA:672,0
DA:673,0
DA:682,0
DA:683,0
DA:684,0
DA:693,0
DA:694,0
DA:695,0
DA:697,0
DA:698,0
DA:699,0
DA:700,0
DA:701,0
DA:702,0
DA:703,0
DA:704,0
DA:706,0
DA:716,0
DA:719,0
DA:722,0
DA:731,0
DA:732,0
DA:741,0
DA:742,0
DA:743,0
DA:762,0
DA:763,0
DA:764,0
DA:766,0
DA:768,0
DA:769,0
DA:770,0
DA:780,0
DA:783,0
DA:786,0
DA:797,0
DA:798,0
DA:803,0
DA:816,0
DA:817,0
DA:828,0
DA:829,0
DA:831,0
DA:832,0
DA:833,0
DA:835,0
DA:837,0
DA:838,0
DA:843,0
DA:856,0
DA:857,0
DA:868,0
DA:869,0
DA:870,0
DA:871,0
DA:873,0
DA:877,0
DA:878,0
DA:881,0
DA:894,0
DA:895,0
DA:910,0
DA:911,0
DA:924,0
DA:925,0
DA:927,0
DA:928,0
DA:929,0
DA:931,0
DA:933,0
DA:934,0
DA:935,0
DA:948,0
DA:949,0
DA:950,0
DA:954,0
DA:958,0
DA:962,0
DA:963,0
DA:965,0
DA:966,0
DA:975,1
DA:976,0
DA:977,0
DA:978,0
DA:979,0
DA:980,0
DA:981,0
DA:984,0
DA:986,0
DA:1001,0
DA:1016,0
DA:1019,0
DA:1020,0
DA:1021,0
DA:1022,0
DA:1023,0
DA:1024,0
DA:1025,0
DA:1028,0
DA:1114,0
DA:1126,0
DA:1142,0
DA:1185,0
DA:1216,0
DA:1241,0
DA:1243,0
DA:1245,0
DA:1247,0
DA:1268,0
DA:1288,0
DA:1290,0
DA:1292,0
DA:1294,0
DA:1296,0
DA:1313,0
DA:1314,0
DA:1316,0
DA:1317,0
DA:1329,1
DA:1330,0
DA:1331,0
DA:1332,0
DA:1333,0
DA:1336,0
DA:1356,0
DA:1373,0
DA:1381,0
DA:1384,0
DA:1385,0
DA:1386,0
DA:1387,0
DA:1389,0
DA:1402,0
DA:1408,0
DA:1409,0
DA:1417,1
DA:1418,0
DA:1419,0
DA:1420,0
DA:1421,0
DA:1423,0
DA:1446,0
DA:1448,0
DA:1462,0
DA:1463,0
DA:1471,1
DA:1472,0
DA:1473,0
DA:1474,0
DA:1475,0
DA:1477,0
DA:1489,0
DA:1491,0
DA:1492,0
DA:1493,0
DA:1496,0
DA:1498,0
DA:1501,0
DA:1502,0
DA:1503,0
DA:1504,0
DA:1505,0
DA:1507,0
DA:1511,0
DA:1519,0
DA:1521,0
DA:1522,0
DA:1530,1
DA:1531,0
DA:1532,0
DA:1533,0
DA:1534,0
DA:1536,0
DA:1557,0
DA:1559,0
DA:1568,0
DA:1569,0
DA:1576,1
DA:1577,0
DA:1578,0
DA:1579,0
DA:1580,0
DA:1582,0
DA:1601,0
DA:1602,0
DA:1603,0
DA:1605,0
DA:1606,0
DA:1607,0
DA:1608,0
DA:1609,0
DA:1610,0
DA:1611,0
DA:1612,0
DA:1613,0
DA:1616,0
DA:1617,0
DA:1618,0
DA:1620,0
DA:1621,0
DA:1630,1
DA:1631,1
DA:1632,1
DA:1635,1
DA:1640,1
DA:1645,1
DA:1650,1
DA:1653,0
DA:1654,0
DA:1657,0
DA:1658,0
DA:1659,0
DA:1660,0
DA:1661,0
DA:1662,0
DA:1665,0
DA:1670,0
DA:1702,0
DA:1703,0
DA:1709,1
DA:1710,0
DA:1711,0
DA:1712,0
DA:1713,0
DA:1715,0
DA:1722,0
DA:1723,0
DA:1724,0
DA:1725,0
DA:1726,0
DA:1738,0
DA:1739,0
DA:1741,0
DA:1742,0
DA:1749,0
DA:1750,0
DA:1751,0
DA:1754,0
DA:1756,0
DA:1757,0
DA:1759,0
DA:1760,0
DA:1761,0
DA:1762,0
DA:1764,0
DA:1765,0
DA:1769,1
DA:1770,0
DA:1771,0
DA:1772,0
DA:1773,0
DA:1775,0
DA:1782,0
DA:1783,0
DA:1785,0
DA:1790,0
DA:1805,0
DA:1806,0
DA:1808,0
DA:1809,0
DA:1816,1
DA:1817,0
DA:1818,0
DA:1819,0
DA:1820,0
DA:1822,0
DA:1834,0
DA:1835,0
DA:1836,0
DA:1837,0
DA:1838,0
DA:1846,0
DA:1847,0
DA:1849,0
DA:1850,0
DA:1855,0
DA:1856,0
DA:1857,0
DA:1858,0
DA:1861,0
DA:1862,0
DA:1865,0
DA:1866,0
DA:1868,0
DA:1869,0
DA:1870,0
DA:1871,0
DA:1873,0
DA:1874,0
DA:1878,1
DA:1879,0
DA:1880,0
DA:1881,0
DA:1882,0
DA:1884,0
DA:1896,0
DA:1897,0
DA:1902,0
DA:1912,0
DA:1913,0
DA:1916,0
DA:1921,0
DA:1922,0
DA:1924,0
DA:1925,0
DA:1932,1
DA:1933,0
DA:1934,0
DA:1935,0
DA:1936,0
DA:1937,0
DA:1938,0
DA:1940,0
DA:1948,0
DA:1949,0
DA:1950,0
DA:1951,0
DA:1952,0
DA:1960,0
DA:1961,0
DA:1963,0
DA:1964,0
DA:1972,0
DA:1973,0
DA:1974,0
DA:1977,0
DA:1978,0
DA:1982,0
DA:1983,0
DA:1985,0
DA:1986,0
DA:1987,0
DA:1988,0
DA:1990,0
DA:1991,0
DA:1995,1
DA:1996,0
DA:1997,0
DA:1998,0
DA:1999,0
DA:2000,0
DA:2001,0
DA:2003,0
DA:2011,0
DA:2012,0
DA:2013,0
DA:2014,0
DA:2016,0
DA:2021,0
DA:2043,0
DA:2044,0
DA:2046,0
DA:2047,0
DA:2054,1
DA:2055,0
DA:2056,0
DA:2057,0
DA:2058,0
DA:2059,0
DA:2060,0
DA:2062,0
DA:2071,0
DA:2072,0
DA:2073,0
DA:2074,0
DA:2075,0
DA:2086,0
DA:2087,0
DA:2089,0
DA:2090,0
DA:2102,0
DA:2103,0
DA:2104,0
DA:2107,0
DA:2108,0
DA:2109,0
DA:2110,0
DA:2112,0
DA:2113,0
DA:2117,1
DA:2118,0
DA:2119,0
DA:2120,0
DA:2121,0
DA:2122,0
DA:2123,0
DA:2125,0
DA:2134,0
DA:2139,0
DA:2157,0
DA:2158,0
DA:2160,0
DA:2161,0
DA:2168,1
DA:2169,0
DA:2170,0
DA:2171,0
DA:2172,0
DA:2173,0
DA:2174,0
DA:2176,0
DA:2194,0
DA:2195,0
DA:2196,0
DA:2197,0
DA:2198,0
DA:2204,0
DA:2205,0
DA:2207,0
DA:2208,0
DA:2214,0
DA:2215,0
DA:2216,0
DA:2219,0
DA:2220,0
DA:2223,0
DA:2224,0
DA:2226,0
DA:2227,0
DA:2228,0
DA:2229,0
DA:2231,0
DA:2232,0
DA:2236,1
DA:2237,0
DA:2238,0
DA:2239,0
DA:2240,0
DA:2241,0
DA:2242,0
DA:2244,0
DA:2261,0
DA:2266,0
DA:2275,0
DA:2276,0
DA:2277,0
DA:2278,0
DA:2284,0
DA:2285,0
DA:2287,0
DA:2288,0
DA:2295,1
DA:2296,0
DA:2297,0
DA:2298,0
DA:2299,0
DA:2300,0
DA:2301,0
DA:2303,0
DA:2321,0
DA:2322,0
DA:2323,0
DA:2324,0
DA:2325,0
DA:2331,0
DA:2332,0
DA:2334,0
DA:2335,0
DA:2340,0
DA:2341,0
DA:2344,0
DA:2345,0
DA:2346,0
DA:2347,0
DA:2349,0
DA:2350,0
DA:2354,1
DA:2355,0
DA:2356,0
DA:2357,0
DA:2358,0
DA:2359,0
DA:2360,0
DA:2362,0
DA:2377,0
DA:2382,0
DA:2392,0
DA:2393,0
DA:2395,0
DA:2396,0
DA:2403,1
DA:2404,0
DA:2405,0
DA:2406,0
DA:2407,0
DA:2408,0
DA:2409,0
DA:2410,0
DA:2412,0
DA:2420,0
DA:2421,0
DA:2422,0
DA:2423,0
DA:2424,0
DA:2430,0
DA:2431,0
DA:2433,0
DA:2434,0
DA:2442,0
DA:2443,0
DA:2446,0
DA:2447,0
DA:2448,0
DA:2449,0
DA:2451,0
DA:2452,0
DA:2456,1
DA:2457,0
DA:2458,0
DA:2459,0
DA:2460,0
DA:2461,0
DA:2462,0
DA:2463,0
DA:2465,0
DA:2473,0
DA:2478,0
DA:2490,0
DA:2491,0
DA:2493,0
DA:2494,0
DA:2501,1
DA:2502,0
DA:2503,0
DA:2504,0
DA:2505,0
DA:2506,0
DA:2507,0
DA:2509,0
DA:2527,0
DA:2528,0
DA:2529,0
DA:2530,0
DA:2531,0
DA:2536,0
DA:2537,0
DA:2539,0
DA:2540,0
DA:2545,0
DA:2546,0
DA:2547,0
DA:2548,0
DA:2551,0
DA:2552,0
DA:2553,0
DA:2554,0
DA:2556,0
DA:2557,0
DA:2561,1
DA:2562,0
DA:2563,0
DA:2564,0
DA:2565,0
DA:2566,0
DA:2567,0
DA:2569,0
DA:2586,0
DA:2591,0
DA:2599,0
DA:2600,0
DA:2606,0
DA:2607,0
DA:2609,0
DA:2610,0
DA:2617,1
DA:2618,0
DA:2619,0
DA:2620,0
DA:2621,0
DA:2623,0
DA:2635,0
DA:2636,0
DA:2637,0
DA:2638,0
DA:2639,0
DA:2644,0
DA:2645,0
DA:2647,0
DA:2648,0
DA:2653,0
DA:2654,0
DA:2657,0
DA:2658,0
DA:2659,0
DA:2660,0
DA:2662,0
DA:2663,0
DA:2667,1
DA:2668,0
DA:2669,0
DA:2670,0
DA:2671,0
DA:2673,0
DA:2685,0
DA:2690,0
DA:2700,0
DA:2701,0
DA:2703,0
DA:2704,0
DA:2711,1
DA:2712,0
DA:2713,0
DA:2714,0
DA:2715,0
DA:2717,0
DA:2725,0
DA:2726,0
DA:2727,0
DA:2728,0
DA:2729,0
DA:2735,0
DA:2736,0
DA:2738,0
DA:2739,0
DA:2747,0
DA:2748,0
DA:2751,0
DA:2752,0
DA:2754,0
DA:2756,0
DA:2757,0
DA:2758,0
DA:2759,0
DA:2761,0
DA:2762,0
DA:2766,1
DA:2767,0
DA:2768,0
DA:2769,0
DA:2770,0
DA:2772,0
DA:2780,0
DA:2781,0
DA:2786,0
DA:2797,0
DA:2798,0
DA:2800,0
DA:2801,0
DA:2808,1
DA:2809,0
DA:2810,0
DA:2811,0
DA:2812,0
DA:2813,0
DA:2814,0
DA:2816,0
DA:2824,0
DA:2834,0
DA:2835,0
DA:2836,0
DA:2839,0
DA:2840,0
DA:2843,0
DA:2844,0
DA:2846,0
DA:2847,0
DA:2848,0
DA:2861,0
DA:2862,0
DA:2863,0
DA:2864,0
DA:2865,0
DA:2868,0
DA:2872,0
DA:2873,0
DA:2878,0
DA:2879,0
DA:2880,0
DA:2881,0
DA:2886,0
DA:2887,0
DA:2888,0
DA:2891,0
DA:2892,0
DA:2893,0
DA:2894,0
DA:2896,0
DA:2897,0
DA:2901,1
DA:2902,0
DA:2903,0
DA:2904,0
DA:2905,0
DA:2906,0
DA:2907,0
DA:2909,0
DA:2925,0
DA:2926,0
DA:2933,0
DA:2934,0
DA:2935,0
DA:2945,0
DA:2953,0
DA:2954,0
DA:2955,0
DA:2956,0
DA:2961,0
DA:2962,0
DA:2964,0
DA:2965,0
DA:2972,1
DA:2973,0
DA:2974,0
DA:2975,0
DA:2976,0
DA:2978,0
DA:2987,0
DA:2988,0
DA:2989,0
DA:2990,0
DA:2991,0
DA:2998,0
DA:2999,0
DA:3001,0
DA:3002,0
DA:3010,0
DA:3011,0
DA:3012,0
DA:3015,0
DA:3016,0
DA:3017,0
DA:3021,0
DA:3022,0
DA:3025,0
DA:3026,0
DA:3027,0
DA:3028,0
DA:3030,0
DA:3031,0
DA:3035,1
DA:3036,0
DA:3037,0
DA:3038,0
DA:3039,0
DA:3041,0
DA:3049,0
DA:3050,0
DA:3051,0
DA:3052,0
DA:3054,0
DA:3059,0
DA:3079,0
DA:3080,0
DA:3082,0
DA:3083,0
LF:949
LH:51
BRDA:7,0,0,0
BRDA:7,0,1,0
BRDA:12,1,0,0
BRDA:12,1,1,0
BRDA:19,2,0,0
BRDA:19,2,1,0
BRDA:35,3,0,0
BRDA:35,3,1,0
BRDA:311,4,0,0
BRDA:311,4,1,0
BRDA:314,5,0,0
BRDA:314,5,1,0
BRDA:327,6,0,0
BRDA:327,6,1,0
BRDA:329,7,0,0
BRDA:329,7,1,0
BRDA:362,8,0,0
BRDA:362,8,1,0
BRDA:363,9,0,0
BRDA:363,9,1,0
BRDA:394,10,0,0
BRDA:394,10,1,0
BRDA:395,11,0,0
BRDA:395,11,1,0
BRDA:401,12,0,0
BRDA:401,12,1,0
BRDA:473,13,0,0
BRDA:473,13,1,0
BRDA:523,14,0,0
BRDA:523,14,1,0
BRDA:524,15,0,0
BRDA:524,15,1,0
BRDA:566,16,0,0
BRDA:566,16,1,0
BRDA:567,17,0,0
BRDA:567,17,1,0
BRDA:569,18,0,0
BRDA:569,18,1,0
BRDA:570,19,0,0
BRDA:570,19,1,0
BRDA:571,20,0,0
BRDA:571,20,1,0
BRDA:572,21,0,0
BRDA:572,21,1,0
BRDA:575,22,0,0
BRDA:575,22,1,0
BRDA:626,23,0,0
BRDA:626,23,1,0
BRDA:636,24,0,0
BRDA:636,24,1,0
BRDA:689,25,0,0
BRDA:689,25,1,0
BRDA:689,25,2,0
BRDA:691,26,0,0
BRDA:691,26,1,0
BRDA:693,27,0,0
BRDA:693,27,1,0
BRDA:698,28,0,0
BRDA:698,28,1,0
BRDA:700,29,0,0
BRDA:700,29,1,0
BRDA:702,30,0,0
BRDA:702,30,1,0
BRDA:746,31,0,0
BRDA:746,31,1,0
BRDA:752,32,0,0
BRDA:752,32,1,0
BRDA:760,33,0,0
BRDA:760,33,1,0
BRDA:762,34,0,0
BRDA:762,34,1,0
BRDA:831,35,0,0
BRDA:831,35,1,0
BRDA:869,36,0,0
BRDA:869,36,1,0
BRDA:877,37,0,0
BRDA:877,37,1,0
BRDA:914,38,0,0
BRDA:914,38,1,0
BRDA:915,39,0,0
BRDA:915,39,1,0
BRDA:927,40,0,0
BRDA:927,40,1,0
BRDA:960,41,0,0
BRDA:960,41,1,0
BRDA:978,42,0,0
BRDA:978,42,1,0
BRDA:979,43,0,0
BRDA:979,43,1,0
BRDA:984,44,0,0
BRDA:984,44,1,0
BRDA:1016,45,0,0
BRDA:1016,45,1,0
BRDA:1116,46,0,0
BRDA:1116,46,1,0
BRDA:1117,47,0,0
BRDA:1117,47,1,0
BRDA:1119,48,0,0
BRDA:1119,48,1,0
BRDA:1121,49,0,0
BRDA:1121,49,1,0
BRDA:1122,50,0,0
BRDA:1122,50,1,0
BRDA:1145,51,0,0
BRDA:1145,51,1,0
BRDA:1180,52,0,0
BRDA:1180,52,1,0
BRDA:1192,53,0,0
BRDA:1192,53,1,0
BRDA:1192,53,2,0
BRDA:1211,54,0,0
BRDA:1211,54,1,0
BRDA:1233,55,0,0
BRDA:1233,55,1,0
BRDA:1239,56,0,0
BRDA:1239,56,1,0
BRDA:1256,57,0,0
BRDA:1256,57,1,0
BRDA:1283,58,0,0
BRDA:1283,58,1,0
BRDA:1332,59,0,0
BRDA:1332,59,1,0
BRDA:1333,60,0,0
BRDA:1333,60,1,0
BRDA:1385,61,0,0
BRDA:1385,61,1,0
BRDA:1386,62,0,0
BRDA:1386,62,1,0
BRDA:1387,63,0,0
BRDA:1387,63,1,0
BRDA:1390,64,0,0
BRDA:1390,64,1,0
BRDA:1393,65,0,0
BRDA:1393,65,1,0
BRDA:1398,66,0,0
BRDA:1398,66,1,0
BRDA:1420,67,0,0
BRDA:1420,67,1,0
BRDA:1421,68,0,0
BRDA:1421,68,1,0
BRDA:1474,69,0,0
BRDA:1474,69,1,0
BRDA:1491,70,0,0
BRDA:1491,70,1,0
BRDA:1519,71,0,0
BRDA:1519,71,1,0
BRDA:1533,72,0,0
BRDA:1533,72,1,0
BRDA:1534,73,0,0
BRDA:1534,73,1,0
BRDA:1579,74,0,0
BRDA:1579,74,1,0
BRDA:1580,75,0,0
BRDA:1580,75,1,0
BRDA:1606,76,0,0
BRDA:1606,76,1,0
BRDA:1665,77,0,0
BRDA:1665,77,1,0
BRDA:1703,78,0,0
BRDA:1703,78,1,0
BRDA:1712,79,0,0
BRDA:1712,79,1,0
BRDA:1744,80,0,0
BRDA:1744,80,1,0
BRDA:1744,81,0,0
BRDA:1744,81,1,0
BRDA:1745,82,0,0
BRDA:1745,82,1,0
BRDA:1746,83,0,0
BRDA:1746,83,1,0
BRDA:1747,84,0,0
BRDA:1747,84,1,0
BRDA:1747,85,0,0
BRDA:1747,85,1,0
BRDA:1772,86,0,0
BRDA:1772,86,1,0
BRDA:1793,87,0,0
BRDA:1793,87,1,0
BRDA:1794,88,0,0
BRDA:1794,88,1,0
BRDA:1796,89,0,0
BRDA:1796,89,1,0
BRDA:1797,90,0,0
BRDA:1797,90,1,0
BRDA:1797,91,0,0
BRDA:1797,91,1,0
BRDA:1798,92,0,0
BRDA:1798,92,1,0
BRDA:1799,93,0,0
BRDA:1799,93,1,0
BRDA:1819,94,0,0
BRDA:1819,94,1,0
BRDA:1851,95,0,0
BRDA:1851,95,1,0
BRDA:1881,96,0,0
BRDA:1881,96,1,0
BRDA:1903,97,0,0
BRDA:1903,97,1,0
BRDA:1935,98,0,0
BRDA:1935,98,1,0
BRDA:1936,99,0,0
BRDA:1936,99,1,0
BRDA:1965,100,0,0
BRDA:1965,100,1,0
BRDA:1998,101,0,0
BRDA:1998,101,1,0
BRDA:1999,102,0,0
BRDA:1999,102,1,0
BRDA:2023,103,0,0
BRDA:2023,103,1,0
BRDA:2031,104,0,0
BRDA:2031,104,1,0
BRDA:2031,105,0,0
BRDA:2031,105,1,0
BRDA:2057,106,0,0
BRDA:2057,106,1,0
BRDA:2058,107,0,0
BRDA:2058,107,1,0
BRDA:2091,108,0,0
BRDA:2091,108,1,0
BRDA:2092,109,0,0
BRDA:2092,109,1,0
BRDA:2092,110,0,0
BRDA:2092,110,1,0
BRDA:2100,111,0,0
BRDA:2100,111,1,0
BRDA:2120,112,0,0
BRDA:2120,112,1,0
BRDA:2121,113,0,0
BRDA:2121,113,1,0
BRDA:2140,114,0,0
BRDA:2140,114,1,0
BRDA:2141,115,0,0
BRDA:2141,115,1,0
BRDA:2142,116,0,0
BRDA:2142,116,1,0
BRDA:2152,117,0,0
BRDA:2152,117,1,0
BRDA:2152,118,0,0
BRDA:2152,118,1,0
BRDA:2171,119,0,0
BRDA:2171,119,1,0
BRDA:2172,120,0,0
BRDA:2172,120,1,0
BRDA:2209,121,0,0
BRDA:2209,121,1,0
BRDA:2239,122,0,0
BRDA:2239,122,1,0
BRDA:2240,123,0,0
BRDA:2240,123,1,0
BRDA:2267,124,0,0
BRDA:2267,124,1,0
BRDA:2298,125,0,0
BRDA:2298,125,1,0
BRDA:2299,126,0,0
BRDA:2299,126,1,0
BRDA:2336,127,0,0
BRDA:2336,127,1,0
BRDA:2357,128,0,0
BRDA:2357,128,1,0
BRDA:2358,129,0,0
BRDA:2358,129,1,0
BRDA:2383,130,0,0
BRDA:2383,130,1,0
BRDA:2386,131,0,0
BRDA:2386,131,1,0
BRDA:2387,132,0,0
BRDA:2387,132,1,0
BRDA:2406,133,0,0
BRDA:2406,133,1,0
BRDA:2407,134,0,0
BRDA:2407,134,1,0
BRDA:2408,135,0,0
BRDA:2408,135,1,0
BRDA:2436,136,0,0
BRDA:2436,136,1,0
BRDA:2437,137,0,0
BRDA:2437,137,1,0
BRDA:2438,138,0,0
BRDA:2438,138,1,0
BRDA:2440,139,0,0
BRDA:2440,139,1,0
BRDA:2459,140,0,0
BRDA:2459,140,1,0
BRDA:2460,141,0,0
BRDA:2460,141,1,0
BRDA:2461,142,0,0
BRDA:2461,142,1,0
BRDA:2480,143,0,0
BRDA:2480,143,1,0
BRDA:2481,144,0,0
BRDA:2481,144,1,0
BRDA:2482,145,0,0
BRDA:2482,145,1,0
BRDA:2485,146,0,0
BRDA:2485,146,1,0
BRDA:2485,147,0,0
BRDA:2485,147,1,0
BRDA:2485,148,0,0
BRDA:2485,148,1,0
BRDA:2504,149,0,0
BRDA:2504,149,1,0
BRDA:2505,150,0,0
BRDA:2505,150,1,0
BRDA:2541,151,0,0
BRDA:2541,151,1,0
BRDA:2564,152,0,0
BRDA:2564,152,1,0
BRDA:2565,153,0,0
BRDA:2565,153,1,0
BRDA:2592,154,0,0
BRDA:2592,154,1,0
BRDA:2596,155,0,0
BRDA:2596,155,1,0
BRDA:2620,156,0,0
BRDA:2620,156,1,0
BRDA:2649,157,0,0
BRDA:2649,157,1,0
BRDA:2670,158,0,0
BRDA:2670,158,1,0
BRDA:2691,159,0,0
BRDA:2691,159,1,0
BRDA:2714,160,0,0
BRDA:2714,160,1,0
BRDA:2740,161,0,0
BRDA:2740,161,1,0
BRDA:2744,162,0,0
BRDA:2744,162,1,0
BRDA:2744,162,2,0
BRDA:2745,163,0,0
[...]
TN:
SF:src\controllers\shifts.controller.js
FN:7,toInt
FN:13,calculateHours
FN:28,calculateNightHours
FN:51,checkPublicHoliday
FN:61,isSunday
FN:68,(anonymous_5)
FN:110,(anonymous_6)
FN:171,(anonymous_7)
FN:249,(anonymous_8)
FN:342,(anonymous_9)
FN:463,(anonymous_10)
FN:531,(anonymous_11)
FN:585,(anonymous_12)
FN:621,(anonymous_13)
FNF:14
FNH:0
FNDA:0,toInt
FNDA:0,calculateHours
FNDA:0,calculateNightHours
FNDA:0,checkPublicHoliday
FNDA:0,isSunday
FNDA:0,(anonymous_5)
FNDA:0,(anonymous_6)
FNDA:0,(anonymous_7)
FNDA:0,(anonymous_8)
FNDA:0,(anonymous_9)
FNDA:0,(anonymous_10)
FNDA:0,(anonymous_11)
FNDA:0,(anonymous_12)
FNDA:0,(anonymous_13)
DA:2,1
DA:8,0
DA:9,0
DA:14,0
DA:15,0
DA:17,0
DA:20,0
DA:21,0
DA:24,0
DA:29,0
DA:30,0
DA:32,0
DA:33,0
DA:35,0
DA:36,0
DA:37,0
DA:39,0
DA:40,0
DA:42,0
DA:43,0
DA:47,0
DA:52,0
DA:57,0
DA:62,0
DA:68,1
DA:69,0
DA:70,0
DA:71,0
DA:72,0
DA:74,0
DA:78,0
DA:79,0
DA:81,0
DA:82,0
DA:83,0
DA:84,0
DA:87,0
DA:88,0
DA:89,0
DA:90,0
DA:93,0
DA:95,0
DA:97,0
DA:99,0
DA:100,0
DA:110,1
DA:111,0
DA:112,0
DA:122,0
DA:124,0
DA:125,0
DA:131,0
DA:132,0
DA:134,0
DA:155,0
DA:160,0
DA:161,0
DA:171,1
DA:172,0
DA:173,0
DA:174,0
DA:175,0
DA:177,0
DA:178,0
DA:182,0
DA:187,0
DA:188,0
DA:191,0
DA:194,0
DA:195,0
DA:197,0
DA:198,0
DA:199,0
DA:200,0
DA:201,0
DA:204,0
DA:236,0
DA:238,0
DA:239,0
DA:249,1
DA:250,0
DA:251,0
DA:253,0
DA:255,0
DA:256,0
DA:262,0
DA:267,0
DA:268,0
DA:272,0
DA:277,0
DA:278,0
DA:281,0
DA:282,0
DA:285,0
DA:286,0
DA:288,0
DA:292,0
DA:293,0
DA:295,0
DA:318,0
DA:323,0
DA:325,0
DA:327,0
DA:332,0
DA:342,1
DA:344,0
DA:345,0
DA:346,0
DA:350,0
DA:351,0
DA:356,0
DA:357,0
DA:359,0
DA:360,0
DA:362,0
DA:363,0
DA:365,0
DA:370,0
DA:371,0
DA:375,0
DA:379,0
DA:384,0
DA:385,0
DA:389,0
DA:392,0
DA:393,0
DA:395,0
DA:397,0
DA:398,0
DA:400,0
DA:423,0
DA:424,0
DA:426,0
DA:432,0
DA:439,0
DA:441,0
DA:449,0
DA:450,0
DA:451,0
DA:456,0
DA:463,1
DA:464,0
DA:465,0
DA:466,0
DA:467,0
DA:468,0
DA:469,0
DA:471,0
DA:487,0
DA:488,0
DA:490,0
DA:491,0
DA:492,0
DA:493,0
DA:496,0
DA:497,0
DA:498,0
DA:499,0
DA:502,0
DA:503,0
DA:504,0
DA:505,0
DA:508,0
DA:509,0
DA:510,0
DA:511,0
DA:514,0
DA:516,0
DA:518,0
DA:520,0
DA:521,0
DA:531,1
DA:532,0
DA:533,0
DA:534,0
DA:535,0
DA:537,0
DA:538,0
DA:541,0
DA:568,0
DA:569,0
DA:572,0
DA:574,0
DA:575,0
DA:585,1
DA:586,0
DA:587,0
DA:588,0
DA:590,0
DA:591,0
DA:594,0
DA:601,0
DA:602,0
DA:605,0
DA:610,0
DA:611,0
DA:621,1
DA:622,0
DA:623,0
DA:624,0
DA:626,0
DA:627,0
DA:632,0
DA:654,0
DA:655,0
DA:657,0
DA:658,0
DA:659,0
DA:660,0
DA:663,0
DA:665,0
DA:667,0
DA:669,0
DA:670,0
DA:677,1
LF:215
LH:11
BRDA:9,0,0,0
BRDA:9,0,1,0
BRDA:13,1,0,0
BRDA:20,2,0,0
BRDA:20,2,1,0
BRDA:20,3,0,0
BRDA:20,3,1,0
BRDA:42,4,0,0
BRDA:42,4,1,0
BRDA:42,5,0,0
BRDA:42,5,1,0
BRDA:81,6,0,0
BRDA:81,6,1,0
BRDA:87,7,0,0
BRDA:87,7,1,0
BRDA:124,8,0,0
BRDA:124,8,1,0
BRDA:124,9,0,0
BRDA:124,9,1,0
BRDA:124,9,2,0
BRDA:143,10,0,0
BRDA:143,10,1,0
BRDA:148,11,0,0
BRDA:148,11,1,0
BRDA:150,12,0,0
BRDA:150,12,1,0
BRDA:177,13,0,0
BRDA:177,13,1,0
BRDA:187,14,0,0
BRDA:187,14,1,0
BRDA:197,15,0,0
BRDA:197,15,1,0
BRDA:197,16,0,0
BRDA:197,16,1,0
BRDA:198,17,0,0
BRDA:198,17,1,0
BRDA:199,18,0,0
BRDA:199,18,1,0
BRDA:255,19,0,0
BRDA:255,19,1,0
BRDA:255,20,0,0
BRDA:255,20,1,0
BRDA:255,20,2,0
BRDA:267,21,0,0
BRDA:267,21,1,0
BRDA:277,22,0,0
BRDA:277,22,1,0
BRDA:286,23,0,0
BRDA:286,23,1,0
BRDA:286,24,0,0
BRDA:286,24,1,0
BRDA:292,25,0,0
BRDA:292,25,1,0
BRDA:309,26,0,0
BRDA:309,26,1,0
BRDA:325,27,0,0
BRDA:325,27,1,0
BRDA:350,28,0,0
BRDA:350,28,1,0
BRDA:350,29,0,0
BRDA:350,29,1,0
BRDA:370,30,0,0
BRDA:370,30,1,0
BRDA:384,31,0,0
BRDA:384,31,1,0
BRDA:395,32,0,0
BRDA:395,32,1,0
BRDA:397,33,0,0
BRDA:397,33,1,0
BRDA:415,34,0,0
BRDA:415,34,1,0
BRDA:423,35,0,0
BRDA:423,35,1,0
BRDA:446,36,0,0
BRDA:446,36,1,0
BRDA:449,37,0,0
BRDA:449,37,1,0
BRDA:456,38,0,0
BRDA:456,38,1,0
BRDA:490,39,0,0
BRDA:490,39,1,0
BRDA:496,40,0,0
BRDA:496,40,1,0
BRDA:502,41,0,0
BRDA:502,41,1,0
BRDA:508,42,0,0
BRDA:508,42,1,0
BRDA:537,43,0,0
BRDA:537,43,1,0
BRDA:568,44,0,0
BRDA:568,44,1,0
BRDA:590,45,0,0
BRDA:590,45,1,0
BRDA:601,46,0,0
BRDA:601,46,1,0
BRDA:626,47,0,0
BRDA:626,47,1,0
BRDA:626,48,0,0
BRDA:626,48,1,0
BRDA:657,49,0,0
BRDA:657,49,1,0
BRF:101
BRH:0
end_of_record
TN:
SF:src\controllers\ui19.controller.js
FN:4,toInt
FN:12,(anonymous_1)
FN:48,(anonymous_2)
FN:72,(anonymous_3)
FN:107,(anonymous_4)
FN:151,(anonymous_5)
FN:247,(anonymous_6)
FNF:7
FNH:0
FNDA:0,toInt
FNDA:0,(anonymous_1)
FNDA:0,(anonymous_2)
FNDA:0,(anonymous_3)
FNDA:0,(anonymous_4)
FNDA:0,(anonymous_5)
FNDA:0,(anonymous_6)
DA:2,1
DA:5,0
DA:6,0
DA:12,1
DA:13,0
DA:14,0
DA:15,0
DA:17,0
DA:18,0
DA:21,0
DA:26,0
DA:28,0
DA:33,0
DA:38,0
DA:39,0
DA:48,1
DA:49,0
DA:50,0
DA:51,0
DA:53,0
DA:60,0
DA:62,0
DA:63,0
DA:72,1
DA:73,0
DA:74,0
DA:75,0
DA:76,0
DA:78,0
DA:83,0
DA:84,0
DA:87,0
DA:92,0
DA:97,0
DA:98,0
DA:107,1
DA:108,0
DA:109,0
DA:110,0
DA:111,0
DA:113,0
DA:114,0
DA:115,0
DA:119,0
DA:132,0
DA:133,0
DA:136,0
DA:141,0
DA:142,0
DA:151,1
DA:152,0
DA:153,0
DA:154,0
DA:155,0
DA:157,0
DA:162,0
DA:163,0
DA:166,0
DA:171,0
DA:172,0
DA:186,0
DA:189,0
DA:190,0
DA:191,0
DA:192,0
DA:193,0
DA:196,0
DA:199,0
DA:202,0
DA:203,0
DA:206,0
DA:209,0
DA:210,0
DA:211,0
DA:212,0
DA:213,0
DA:214,0
DA:215,0
DA:216,0
DA:217,0
DA:218,0
DA:222,0
DA:223,0
DA:224,0
DA:225,0
DA:227,0
DA:228,0
DA:235,0
DA:237,0
DA:238,0
DA:247,1
DA:248,0
DA:249,0
DA:250,0
DA:251,0
DA:253,0
DA:264,0
DA:265,0
DA:271,0
DA:273,0
DA:274,0
LF:101
LH:7
BRDA:6,0,0,0
BRDA:6,0,1,0
BRDA:17,1,0,0
BRDA:17,1,1,0
BRDA:17,2,0,0
BRDA:17,2,1,0
BRDA:51,3,0,0
BRDA:51,3,1,0
BRDA:76,4,0,0
BRDA:76,4,1,0
BRDA:83,5,0,0
BRDA:83,5,1,0
BRDA:113,6,0,0
BRDA:113,6,1,0
BRDA:114,7,0,0
BRDA:114,7,1,0
BRDA:132,8,0,0
BRDA:132,8,1,0
BRDA:155,9,0,0
BRDA:155,9,1,0
BRDA:162,10,0,0
BRDA:162,10,1,0
BRDA:211,11,0,0
BRDA:211,11,1,0
BRDA:212,12,0,0
BRDA:212,12,1,0
BRDA:251,13,0,0
BRDA:251,13,1,0
BRDA:264,14,0,0
BRDA:264,14,1,0
BRDA:264,15,0,0
BRDA:264,15,1,0
BRF:32
BRH:0
end_of_record
TN:
SF:src\controllers\users.controller.js
FN:18,(anonymous_0)
FN:75,(anonymous_1)
FN:93,(anonymous_2)
FN:134,(anonymous_3)
FN:206,(anonymous_4)
FN:232,(anonymous_5)
FNF:6
FNH:0
FNDA:0,(anonymous_0)
FNDA:0,(anonymous_1)
FNDA:0,(anonymous_2)
FNDA:0,(anonymous_3)
FNDA:0,(anonymous_4)
FNDA:0,(anonymous_5)
DA:2,1
DA:3,1
DA:4,1
DA:6,1
DA:18,1
DA:19,0
DA:20,0
DA:24,0
DA:25,0
DA:26,0
DA:28,0
DA:29,0
DA:31,0
DA:32,0
DA:38,0
DA:46,0
DA:55,0
DA:59,0
DA:65,0
DA:75,1
DA:76,0
DA:77,0
DA:78,0
DA:79,0
DA:80,0
DA:84,0
DA:85,0
DA:86,0
DA:88,0
DA:93,1
DA:94,0
DA:95,0
DA:96,0
DA:99,0
DA:100,0
DA:101,0
DA:102,0
DA:106,0
DA:107,0
DA:116,0
DA:117,0
DA:125,0
DA:127,0
DA:128,0
DA:129,0
DA:134,1
DA:135,0
DA:136,0
DA:137,0
DA:138,0
DA:139,0
DA:143,0
DA:146,0
DA:150,0
DA:152,0
DA:153,0
DA:157,0
DA:158,0
DA:159,0
DA:161,0
DA:162,0
DA:163,0
DA:164,0
DA:165,0
DA:166,0
DA:168,0
DA:169,0
DA:170,0
DA:172,0
DA:173,0
DA:175,0
DA:176,0
DA:182,0
DA:184,0
DA:185,0
DA:186,0
DA:187,0
DA:189,0
DA:197,0
DA:199,0
DA:200,0
DA:201,0
DA:206,1
DA:207,0
DA:208,0
DA:209,0
DA:210,0
DA:211,0
DA:215,0
DA:216,0
DA:217,0
DA:218,0
DA:225,0
DA:227,0
DA:232,1
DA:233,0
DA:234,0
DA:235,0
DA:236,0
DA:237,0
DA:238,0
DA:241,0
DA:242,0
DA:246,0
DA:247,0
DA:251,0
DA:252,0
DA:253,0
DA:255,0
DA:259,0
DA:260,0
DA:268,0
DA:270,0
LF:113
LH:10
BRDA:19,0,0,0
BRDA:19,0,1,0
BRDA:21,1,0,0
BRDA:21,1,1,0
BRDA:24,2,0,0
BRDA:24,2,1,0
BRDA:28,3,0,0
BRDA:28,3,1,0
BRDA:29,4,0,0
BRDA:29,4,1,0
BRDA:31,5,0,0
BRDA:31,5,1,0
BRDA:77,6,0,0
BRDA:77,6,1,0
BRDA:84,7,0,0
BRDA:84,7,1,0
BRDA:95,8,0,0
BRDA:95,8,1,0
BRDA:95,9,0,0
BRDA:95,9,1,0
BRDA:95,9,2,0
BRDA:99,10,0,0
BRDA:99,10,1,0
BRDA:99,11,0,0
BRDA:99,11,1,0
BRDA:99,11,2,0
BRDA:101,12,0,0
BRDA:101,12,1,0
BRDA:101,13,0,0
BRDA:101,13,1,0
BRDA:112,14,0,0
BRDA:112,14,1,0
BRDA:127,15,0,0
BRDA:127,15,1,0
BRDA:137,16,0,0
BRDA:137,16,1,0
BRDA:139,17,0,0
BRDA:139,17,1,0
BRDA:140,18,0,0
BRDA:140,18,1,0
BRDA:140,18,2,0
BRDA:146,19,0,0
BRDA:146,19,1,0
BRDA:147,20,0,0
BRDA:147,20,1,0
BRDA:147,20,2,0
BRDA:157,21,0,0
BRDA:157,21,1,0
BRDA:164,22,0,0
BRDA:164,22,1,0
BRDA:168,23,0,0
BRDA:168,23,1,0
BRDA:172,24,0,0
BRDA:172,24,1,0
BRDA:185,25,0,0
BRDA:185,25,1,0
BRDA:185,26,0,0
BRDA:185,26,1,0
BRDA:186,27,0,0
BRDA:186,27,1,0
BRDA:186,28,0,0
BRDA:186,28,1,0
BRDA:199,29,0,0
BRDA:199,29,1,0
BRDA:208,30,0,0
BRDA:208,30,1,0
BRDA:215,31,0,0
BRDA:215,31,1,0
BRDA:235,32,0,0
BRDA:235,32,1,0
BRDA:237,33,0,0
BRDA:237,33,1,0
BRDA:237,34,0,0
BRDA:237,34,1,0
BRDA:241,35,0,0
BRDA:241,35,1,0
BRDA:241,36,0,0
BRDA:241,36,1,0
BRDA:241,36,2,0
BRDA:251,37,0,0
BRDA:251,37,1,0
BRF:81
BRH:0
end_of_record
TN:
SF:src\middleware\employeeAuth.js
FN:3,(anonymous_0)
FNF:1
FNH:0
FNDA:0,(anonymous_0)
DA:1,1
DA:2,1
DA:3,1
DA:4,0
DA:5,0
DA:6,0
DA:7,0
DA:8,0
DA:9,0
DA:10,0
DA:11,0
DA:12,0
DA:14,0
DA:17,1
LF:14
LH:4
BRDA:2,0,0,1
BRDA:2,0,1,0
BRDA:4,1,0,0
BRDA:4,1,1,0
BRDA:5,2,0,0
BRDA:5,2,1,0
BRDA:5,3,0,0
BRDA:5,3,1,0
BRDA:6,4,0,0
BRDA:6,4,1,0
BRDA:9,5,0,0
BRDA:9,5,1,0
BRF:12
BRH:1
end_of_record
TN:
SF:src\middleware\employeeAuth.middleware.js
FN:6,(anonymous_0)
FNF:1
FNH:0
FNDA:0,(anonymous_0)
DA:2,0
DA:4,0
DA:6,0
DA:7,0
DA:8,0
DA:9,0
DA:11,0
DA:12,0
DA:13,0
DA:14,0
DA:15,0
DA:16,0
DA:18,0
DA:22,0
LF:14
LH:0
BRDA:4,0,0,0
BRDA:4,0,1,0
BRDA:7,1,0,0
BRDA:7,1,1,0
BRDA:8,2,0,0
BRDA:8,2,1,0
BRDA:9,3,0,0
BRDA:9,3,1,0
BRDA:13,4,0,0
BRDA:13,4,1,0
BRF:10
BRH:0
end_of_record
TN:
SF:src\middleware\errorHandler.js
FN:8,(anonymous_0)
FN:20,(anonymous_1)
FN:94,(anonymous_2)
FN:106,(anonymous_3)
FN:107,(anonymous_4)
FNF:5
FNH:0
FNDA:0,(anonymous_0)
FNDA:0,(anonymous_1)
FNDA:0,(anonymous_2)
FNDA:0,(anonymous_3)
FNDA:0,(anonymous_4)
DA:2,1
DA:9,0
DA:10,0
DA:11,0
DA:12,0
DA:20,1
DA:22,0
DA:23,0
DA:26,0
DA:31,0
DA:32,0
DA:35,0
DA:36,0
DA:37,0
DA:38,0
DA:42,0
DA:43,0
DA:47,0
DA:48,0
DA:49,0
DA:50,0
DA:55,0
DA:56,0
DA:57,0
DA:60,0
DA:61,0
DA:62,0
DA:66,0
DA:67,0
DA:68,0
DA:72,0
DA:73,0
DA:74,0
DA:78,0
DA:81,0
DA:94,1
DA:95,0
DA:99,0
DA:106,1
DA:107,0
DA:108,0
DA:112,1
LF:42
LH:5
BRDA:8,0,0,0
BRDA:22,1,0,0
BRDA:22,1,1,0
BRDA:23,2,0,0
BRDA:23,2,1,0
BRDA:31,3,0,0
BRDA:31,3,1,0
BRDA:31,4,0,0
BRDA:31,4,1,0
BRDA:35,5,0,0
BRDA:35,5,1,0
BRDA:37,6,0,0
BRDA:37,6,1,0
BRDA:42,7,0,0
BRDA:42,7,1,0
BRDA:47,8,0,0
BRDA:47,8,1,0
BRDA:49,9,0,0
BRDA:49,9,1,0
BRDA:55,10,0,0
BRDA:55,10,1,0
BRDA:60,11,0,0
BRDA:60,11,1,0
BRDA:66,12,0,0
BRDA:66,12,1,0
BRDA:72,13,0,0
BRDA:72,13,1,0
BRDA:83,14,0,0
BRDA:83,14,1,0
BRF:29
BRH:0
end_of_record
TN:
SF:src\middleware\license.js
FN:64,attachPlan
FN:138,requirePlan
FN:139,(anonymous_2)
FN:140,(anonymous_3)
FN:158,requireFeature
FN:159,(anonymous_5)
FN:160,(anonymous_6)
FNF:7
FNH:1
FNDA:0,attachPlan
FNDA:0,requirePlan
FNDA:0,(anonymous_2)
FNDA:0,(anonymous_3)
FNDA:11,requireFeature
FNDA:0,(anonymous_5)
FNDA:0,(anonymous_6)
DA:4,1
DA:7,1
DA:17,1
DA:25,1
DA:65,0
DA:66,0
DA:67,0
DA:69,0
DA:90,0
DA:92,0
DA:95,0
DA:96,0
DA:103,0
DA:104,0
DA:113,0
DA:114,0
DA:116,0
DA:130,0
DA:132,0
DA:133,0
DA:139,0
DA:140,0
DA:141,0
DA:142,0
DA:144,0
DA:145,0
DA:152,0
DA:159,11
DA:160,0
DA:161,0
DA:162,0
DA:163,0
DA:164,0
DA:172,0
DA:177,1
LF:35
LH:6
BRDA:67,0,0,0
BRDA:67,0,1,0
BRDA:90,1,0,0
BRDA:90,1,1,0
BRDA:95,2,0,0
BRDA:95,2,1,0
BRDA:103,3,0,0
BRDA:103,3,1,0
BRDA:103,4,0,0
BRDA:103,4,1,0
BRDA:113,5,0,0
BRDA:113,5,1,0
BRDA:113,5,2,0
BRDA:114,6,0,0
BRDA:114,6,1,0
BRDA:114,7,0,0
BRDA:114,7,1,0
BRDA:121,8,0,0
BRDA:121,8,1,0
BRDA:124,9,0,0
BRDA:124,9,1,0
BRDA:141,10,0,0
BRDA:141,10,1,0
BRDA:142,11,0,0
BRDA:142,11,1,0
BRDA:144,12,0,0
BRDA:144,12,1,0
BRDA:148,13,0,0
BRDA:148,13,1,0
BRDA:162,14,0,0
BRDA:162,14,1,0
BRDA:163,15,0,0
BRDA:163,15,1,0
BRDA:168,16,0,0
BRDA:168,16,1,0
BRF:35
BRH:0
end_of_record
TN:
SF:src\middleware\rateLimiter.js
FN:57,(anonymous_0)
FNF:1
FNH:0
FNDA:0,(anonymous_0)
DA:2,1
DA:5,1
DA:21,1
DA:35,1
DA:47,1
DA:57,0
DA:60,1
LF:7
LH:6
BRF:0
BRH:0
end_of_record
TN:
SF:src\middleware\tierGuard.js
FN:31,(anonymous_0)
FN:31,(anonymous_1)
FN:87,(anonymous_2)
FN:128,(anonymous_3)
FNF:4
FNH:0
FNDA:0,(anonymous_0)
FNDA:0,(anonymous_1)
FNDA:0,(anonymous_2)
FNDA:0,(anonymous_3)
DA:6,0
DA:9,0
DA:31,0
DA:32,0
DA:33,0
DA:34,0
DA:36,0
DA:41,0
DA:42,0
DA:45,0
DA:46,0
DA:54,0
DA:55,0
DA:56,0
DA:57,0
DA:66,0
DA:67,0
DA:68,0
DA:77,0
DA:79,0
DA:80,0
DA:87,0
DA:88,0
DA:89,0
DA:91,0
DA:101,0
DA:102,0
DA:104,0
DA:105,0
DA:107,0
DA:108,0
DA:117,0
DA:118,0
DA:120,0
DA:121,0
DA:128,0
DA:129,0
DA:130,0
DA:131,0
DA:133,0
DA:143,0
DA:144,0
DA:146,0
LF:43
LH:0
BRDA:34,0,0,0
BRDA:34,0,1,0
BRDA:42,1,0,0
BRDA:42,1,1,0
BRDA:45,2,0,0
BRDA:45,2,1,0
BRDA:54,3,0,0
BRDA:54,3,1,0
BRDA:56,4,0,0
BRDA:56,4,1,0
BRDA:67,5,0,0
BRDA:67,5,1,0
BRDA:67,6,0,0
BRDA:67,6,1,0
BRDA:102,7,0,0
BRDA:102,7,1,0
BRDA:107,8,0,0
BRDA:107,8,1,0
BRDA:131,9,0,0
BRDA:131,9,1,0
BRDA:143,10,0,0
BRDA:143,10,1,0
BRF:22
BRH:0
end_of_record
TN:
SF:src\middleware\validate.js
FN:6,(anonymous_0)
FN:7,(anonymous_1)
FN:8,(anonymous_2)
FN:20,(anonymous_3)
FN:57,(anonymous_4)
FN:63,(anonymous_5)
FN:69,(anonymous_6)
FN:72,(anonymous_7)
FN:75,(anonymous_8)
FNF:9
FNH:5
FNDA:9,(anonymous_0)
FNDA:0,(anonymous_1)
FNDA:0,(anonymous_2)
FNDA:0,(anonymous_3)
FNDA:0,(anonymous_4)
FNDA:3,(anonymous_5)
FNDA:6,(anonymous_6)
FNDA:2,(anonymous_7)
FNDA:4,(anonymous_8)
DA:2,1
DA:3,1
DA:6,1
DA:7,9
DA:8,0
DA:10,0
DA:11,0
DA:12,0
DA:18,0
DA:20,0
DA:27,0
DA:32,1
DA:58,0
DA:64,3
DA:70,6
DA:72,2
DA:76,4
DA:100,1
DA:110,1
DA:136,1
DA:177,1
DA:203,1
DA:235,1
DA:252,1
DA:278,1
LF:25
LH:17
BRDA:11,0,0,0
BRDA:11,0,1,0
BRDA:63,1,0,0
BRF:3
BRH:0
end_of_record
TN:
SF:src\routes\accounting.routes.js
FNF:0
FNH:0
DA:2,1
DA:3,1
DA:4,1
DA:5,1
DA:7,1
DA:8,1
DA:16,1
DA:17,1
DA:18,1
DA:19,1
DA:25,1
DA:31,1
DA:32,1
DA:38,1
DA:44,1
DA:50,1
DA:57,1
LF:17
LH:17
BRF:0
BRH:0
end_of_record
TN:
SF:src\routes\analytics.routes.js
FNF:0
FNH:0
DA:1,1
DA:2,1
DA:3,1
DA:4,1
DA:5,1
DA:7,1
DA:8,1
DA:9,1
DA:10,1
DA:11,1
DA:12,1
DA:13,1
DA:15,1
DA:17,1
DA:18,1
LF:15
LH:15
BRF:0
BRH:0
end_of_record
TN:
SF:src\routes\ap.routes.js
FNF:0
FNH:0
DA:1,1
DA:2,1
DA:3,1
DA:4,1
DA:5,1
DA:6,1
DA:8,1
DA:9,1
DA:10,1
DA:11,1
DA:12,1
DA:13,1
DA:14,1
DA:15,1
DA:17,1
LF:15
LH:15
BRF:0
BRH:0
end_of_record
TN:
SF:src\routes\attendance.routes.js
FNF:0
FNH:0
DA:2,1
DA:3,1
DA:4,1
DA:5,1
DA:8,1
DA:19,1
DA:20,1
DA:21,1
DA:22,1
DA:23,1
DA:26,1
DA:32,1
DA:38,1
DA:44,1
DA:58,1
LF:15
LH:15
BRF:0
BRH:0
end_of_record
TN:
SF:src\routes\audit.routes.js
FN:8,(anonymous_0)
FNF:1
FNH:0
FNDA:0,(anonymous_0)
DA:2,1
DA:3,1
DA:4,1
DA:5,1
DA:8,1
DA:9,0
DA:10,0
DA:11,0
DA:12,0
DA:13,0
DA:14,0
DA:15,0
DA:17,0
DA:18,0
DA:19,0
DA:21,0
DA:22,0
DA:23,0
DA:25,0
DA:26,0
DA:27,0
DA:30,0
DA:34,0
DA:41,0
DA:49,0
DA:53,1
LF:26
LH:6
BRDA:11,0,0,0
BRDA:11,0,1,0
BRDA:12,1,0,0
BRDA:12,1,1,0
BRDA:14,2,0,0
BRDA:14,2,1,0
BRDA:15,3,0,0
BRDA:15,3,1,0
BRDA:21,4,0,0
BRDA:21,4,1,0
BRDA:25,5,0,0
BRDA:25,5,1,0
BRF:12
BRH:0
end_of_record
TN:
SF:src\routes\auth.routes.js
FNF:0
FNH:0
DA:2,1
DA:3,1
DA:4,1
DA:5,1
DA:7,1
DA:8,1
DA:9,1
DA:10,1
DA:11,1
DA:12,1
DA:14,1
DA:15,1
LF:12
LH:12
BRF:0
BRH:0
end_of_record
TN:
SF:src\routes\companies.routes.js
FNF:0
FNH:0
DA:1,1
DA:2,1
DA:4,1
DA:5,1
DA:6,1
DA:18,1
DA:28,1
DA:38,1
DA:45,1
LF:9
LH:9
BRF:0
BRH:0
end_of_record
TN:
SF:src\routes\emp201.routes.js
FNF:0
FNH:0
DA:2,1
DA:3,1
DA:4,1
DA:5,1
DA:11,1
DA:19,1
DA:27,1
DA:35,1
DA:43,1
DA:51,1
DA:59,1
DA:67,1
DA:75,1
DA:82,1
LF:14
LH:14
BRF:0
BRH:0
end_of_record
TN:
SF:src\routes\employee-auth.routes.js
FN:14,(anonymous_0)
FNF:1
FNH:0
FNDA:0,(anonymous_0)
DA:1,1
DA:2,1
DA:3,1
DA:4,1
DA:5,1
DA:6,1
DA:8,1
DA:9,1
DA:10,1
DA:11,1
DA:12,1
DA:14,1
DA:15,1
LF:13
LH:13
BRF:0
BRH:0
end_of_record
TN:
SF:src\routes\employee-portal.routes.js
FNF:0
FNH:0
DA:2,1
DA:3,1
DA:4,1
DA:5,1
DA:8,1
DA:9,1
DA:10,1
DA:11,1
DA:12,1
DA:15,1
DA:16,1
DA:17,1
DA:18,1
DA:19,1
DA:26,1
DA:29,1
DA:30,1
DA:32,1
LF:18
LH:18
BRF:0
BRH:0
end_of_record
TN:
SF:src\routes\employees.routes.js
FNF:0
FNH:0
DA:2,1
DA:3,1
DA:4,1
DA:5,1
DA:8,1
DA:10,1
DA:12,1
DA:18,1
DA:24,1
DA:30,1
DA:36,1
DA:42,1
DA:48,1
DA:54,1
DA:60,1
DA:66,1
DA:72,1
DA:86,1
LF:18
LH:18
BRF:0
BRH:0
end_of_record
TN:
SF:src\routes\invoices.routes.js
FNF:0
FNH:0
DA:1,1
DA:2,1
DA:3,1
DA:4,1
DA:5,1
DA:6,1
DA:8,1
DA:9,1
DA:10,1
DA:11,1
DA:12,1
DA:13,1
DA:14,1
DA:15,1
DA:16,1
DA:17,1
DA:19,1
LF:17
LH:17
BRF:0
BRH:0
end_of_record
TN:
SF:src\routes\irp5.routes.js
FNF:0
FNH:0
DA:2,1
DA:3,1
DA:4,1
DA:5,1
DA:8,1
DA:16,1
DA:24,1
DA:32,1
DA:40,1
DA:48,1
DA:56,1
DA:63,1
LF:12
LH:12
BRF:0
BRH:0
end_of_record
TN:
SF:src\routes\leave.routes.js
FNF:0
FNH:0
DA:2,1
DA:3,1
DA:4,1
DA:5,1
DA:6,1
DA:9,1
DA:19,1
DA:20,1
DA:21,1
DA:28,1
DA:29,1
DA:35,1
DA:36,1
DA:37,1
DA:42,1
DA:48,1
DA:54,1
DA:60,1
DA:66,1
DA:73,1
LF:20
LH:20
BRF:0
BRH:0
end_of_record
TN:
SF:src\routes\license.routes.js
FNF:0
FNH:0
DA:2,1
DA:3,1
DA:4,1
DA:5,1
DA:7,1
DA:8,1
DA:9,1
DA:11,1
LF:8
LH:8
BRF:0
BRH:0
end_of_record
TN:
SF:src\routes\payroll.routes.js
FN:43,(anonymous_0)
FNF:1
FNH:0
FNDA:0,(anonymous_0)
DA:2,1
DA:3,1
DA:4,1
DA:5,1
DA:6,1
DA:7,1
DA:10,1
DA:19,1
DA:27,1
DA:33,1
DA:39,1
DA:40,1
DA:43,1
DA:44,0
DA:45,0
DA:46,0
DA:49,0
DA:50,0
DA:53,0
DA:59,0
DA:68,0
DA:74,0
DA:78,1
DA:85,1
DA:92,1
DA:99,1
DA:107,1
LF:27
LH:18
BRDA:49,0,0,0
BRDA:49,0,1,0
BRF:2
BRH:0
end_of_record
TN:
SF:src\routes\reports.routes.js
FNF:0
FNH:0
DA:2,1
DA:3,1
DA:4,1
DA:5,1
DA:8,1
DA:23,1
DA:24,1
DA:25,1
DA:26,1
DA:27,1
DA:28,1
DA:33,1
DA:38,1
DA:43,1
DA:50,1
DA:51,1
DA:52,1
DA:55,1
DA:60,1
DA:65,1
DA:70,1
DA:75,1
DA:82,1
DA:87,1
DA:92,1
DA:97,1
DA:104,1
DA:109,1
DA:114,1
DA:119,1
DA:124,1
DA:129,1
DA:136,1
DA:141,1
DA:146,1
DA:151,1
DA:156,1
DA:161,1
DA:168,1
DA:173,1
DA:178,1
DA:183,1
DA:190,1
DA:195,1
DA:200,1
DA:205,1
DA:211,1
LF:47
LH:47
BRF:0
BRH:0
end_of_record
TN:
SF:src\routes\revenue.routes.js
FNF:0
FNH:0
DA:2,1
DA:3,1
DA:4,1
DA:5,1
DA:8,1
DA:16,1
DA:24,1
DA:31,1
LF:8
LH:8
BRF:0
BRH:0
end_of_record
TN:
SF:src\routes\shifts.routes.js
FNF:0
FNH:0
DA:2,1
DA:3,1
DA:4,1
DA:5,1
DA:8,1
DA:18,1
DA:24,1
DA:37,1
DA:50,1
DA:51,1
DA:64,1
DA:77,1
DA:90,1
DA:103,1
DA:105,1
LF:15
LH:15
BRF:0
BRH:0
end_of_record
TN:
SF:src\routes\ui19.routes.js
FNF:0
FNH:0
DA:2,1
DA:3,1
DA:4,1
DA:5,1
DA:7,1
DA:13,1
DA:19,1
DA:25,1
DA:31,1
DA:37,1
DA:44,1
LF:11
LH:11
BRF:0
BRH:0
end_of_record
TN:
SF:src\routes\users.routes.js
FNF:0
FNH:0
DA:2,1
DA:3,1
DA:4,1
DA:5,1
DA:7,1
DA:9,1
DA:15,1
DA:21,1
DA:27,1
DA:33,1
DA:39,1
DA:46,1
LF:12
LH:12
BRF:0
BRH:0
end_of_record
TN:
SF:src\security\rateLimiters.js
FNF:0
FNH:0
DA:1,0
DA:4,0
DA:13,0
DA:22,0
DA:30,0
LF:5
LH:0
BRF:0
BRH:0
end_of_record
TN:
SF:src\utils\asyncHandler.js
FN:1,(anonymous_0)
FN:1,(anonymous_1)
FNF:2
FNH:1
FNDA:14,(anonymous_0)
FNDA:0,(anonymous_1)
DA:1,14
DA:2,0
LF:2
LH:1
BRF:0
BRH:0
end_of_record
TN:
SF:src\utils\auditLog.js
FN:16,logAudit
FNF:1
FNH:0
FNDA:0,logAudit
DA:4,1
DA:24,0
DA:25,0
DA:26,0
DA:27,0
DA:47,0
DA:51,1
LF:7
LH:2
BRDA:26,0,0,0
BRDA:26,0,1,0
BRDA:26,0,2,0
BRDA:33,1,0,0
BRDA:33,1,1,0
BRDA:34,2,0,0
BRDA:34,2,1,0
BRDA:35,3,0,0
BRDA:35,3,1,0
BRDA:35,3,2,0
BRDA:36,4,0,0
BRDA:36,4,1,0
BRDA:39,5,0,0
BRDA:39,5,1,0
BRDA:40,6,0,0
BRDA:40,6,1,0
BRDA:41,7,0,0
BRDA:41,7,1,0
BRF:18
BRH:0
end_of_record
TN:
SF:src\utils\cache.js
FN:6,(anonymous_0)
FN:11,(anonymous_1)
FN:17,(anonymous_2)
FN:28,(anonymous_3)
FN:34,(anonymous_4)
FN:43,(anonymous_5)
FN:48,(anonymous_6)
FNF:7
FNH:1
FNDA:1,(anonymous_0)
FNDA:0,(anonymous_1)
FNDA:0,(anonymous_2)
FNDA:0,(anonymous_3)
FNDA:0,(anonymous_4)
FNDA:0,(anonymous_5)
FNDA:0,(anonymous_6)
DA:7,1
DA:12,0
DA:13,0
DA:18,0
DA:19,0
DA:20,0
DA:21,0
DA:22,0
DA:24,0
DA:29,0
DA:35,0
DA:36,0
DA:37,0
DA:44,0
DA:49,0
DA:54,1
LF:16
LH:2
BRDA:11,0,0,0
BRDA:19,1,0,0
BRDA:19,1,1,0
BRDA:20,2,0,0
BRDA:20,2,1,0
BRDA:36,3,0,0
BRDA:36,3,1,0
BRF:7
BRH:0
end_of_record
TN:
SF:src\utils\logger.js
FN:17,(anonymous_0)
FN:82,(anonymous_1)
FN:91,(anonymous_2)
FNF:3
FNH:1
FNDA:6,(anonymous_0)
FNDA:0,(anonymous_1)
FNDA:0,(anonymous_2)
DA:2,1
DA:3,1
DA:6,1
DA:14,1
DA:18,6
DA:19,6
DA:20,6
DA:22,6
DA:27,1
DA:28,1
DA:29,1
DA:30,0
DA:34,1
DA:73,1
DA:74,1
DA:82,1
DA:83,0
DA:91,1
DA:92,0
DA:98,0
DA:99,0
DA:100,0
DA:101,0
DA:102,0
DA:103,0
DA:106,0
DA:109,1
LF:27
LH:17
BRDA:19,0,0,6
BRDA:19,0,1,0
BRDA:29,1,0,0
BRDA:29,1,1,1
BRDA:35,2,0,1
BRDA:35,2,1,1
BRDA:73,3,0,1
BRDA:73,3,1,0
BRDA:82,4,0,0
BRDA:91,5,0,0
BRDA:95,6,0,0
BRDA:95,6,1,0
BRDA:98,7,0,0
BRDA:98,7,1,0
BRF:14
BRH:5
end_of_record
